Mono path[0] = 'C:/Users/Axesys/Desktop/RimWorld.v1.3.3389/RimWorldWin64_Data/Managed'
Mono config path = 'C:/Users/Axesys/Desktop/RimWorld.v1.3.3389/MonoBleedingEdge/etc'
Initialize engine version: 2019.4.30f1 (e8c891080a1f)
[Subsystems] Discovering subsystems at path C:/Users/Axesys/Desktop/RimWorld.v1.3.3389/RimWorldWin64_Data/UnitySubsystems
GfxDevice: creating device client; threaded=1
Direct3D:
    Version:  Direct3D 11.0 [level 11.1]
    Renderer: AMD Radeon RX 5700 XT (ID=0x731f)
    Vendor:   
    VRAM:     8151 MB
    Driver:   31.0.12019.16007
Begin MonoManager ReloadAssembly
- Completed reload, in  0.073 seconds
<RI> Initializing input.
<RI> Input initialized.
D3D11 device created for Microsoft Media Foundation video decoding.
<RI> Initialized touch support.
UnloadTime: 0.752000 ms
[Steamworks.NET] SteamAPI.Init() failed. Possible causes: Steam client not running, launched from outside Steam without steam_appid.txt in place, running with different privileges than Steam client (e.g. "as administrator") 
(Filename: C:\buildslave\unity\build\Runtime/Export/Debug/Debug.bindings.h Line: 39)

RimWorld 1.3.3389 rev40
Mod  is missing supported versions list in About.xml! (example: <supportedVersions><li>1.0</li></supportedVersions>) 
(Filename: C:\buildslave\unity\build\Runtime/Export/Debug/Debug.bindings.h Line: 39)

Mod Mortar Accuracy is missing packageId in About.xml! (example: <packageId>AuthorName.ModName.Specific</packageId>) 
(Filename: C:\buildslave\unity\build\Runtime/Export/Debug/Debug.bindings.h Line: 39)

Mod  is missing supported versions list in About.xml! (example: <supportedVersions><li>1.0</li></supportedVersions>) 
(Filename: C:\buildslave\unity\build\Runtime/Export/Debug/Debug.bindings.h Line: 39)

Mod Project RimFactory Revived is missing packageId in About.xml! (example: <packageId>AuthorName.ModName.Specific</packageId>) 
(Filename: C:\buildslave\unity\build\Runtime/Export/Debug/Debug.bindings.h Line: 39)

Mod  is missing supported versions list in About.xml! (example: <supportedVersions><li>1.0</li></supportedVersions>) 
(Filename: C:\buildslave\unity\build\Runtime/Export/Debug/Debug.bindings.h Line: 39)

Mod Regrowth Core Remastered is missing packageId in About.xml! (example: <packageId>AuthorName.ModName.Specific</packageId>) 
(Filename: C:\buildslave\unity\build\Runtime/Export/Debug/Debug.bindings.h Line: 39)

Mod  is missing supported versions list in About.xml! (example: <supportedVersions><li>1.0</li></supportedVersions>) 
(Filename: C:\buildslave\unity\build\Runtime/Export/Debug/Debug.bindings.h Line: 39)

Mod Share The Load is missing packageId in About.xml! (example: <packageId>AuthorName.ModName.Specific</packageId>) 
(Filename: C:\buildslave\unity\build\Runtime/Export/Debug/Debug.bindings.h Line: 39)

Mod Simple sidearms: targetVersion field is obsolete, use supportedVersions instead. 
(Filename: C:\buildslave\unity\build\Runtime/Export/Debug/Debug.bindings.h Line: 39)

Mod Simple sidearms is missing supported versions list in About.xml! (example: <supportedVersions><li>1.0</li></supportedVersions>) 
(Filename: C:\buildslave\unity\build\Runtime/Export/Debug/Debug.bindings.h Line: 39)

Mod Simple sidearms is missing packageId in About.xml! (example: <packageId>AuthorName.ModName.Specific</packageId>) 
(Filename: C:\buildslave\unity\build\Runtime/Export/Debug/Debug.bindings.h Line: 39)

Fallback handler could not load library C:/Users/Axesys/Desktop/RimWorld.v1.3.3389/RimWorldWin64_Data/Mono/data-000001247A22F390.dll
Fallback handler could not load library C:/Users/Axesys/Desktop/RimWorld.v1.3.3389/RimWorldWin64_Data/Mono/data-000001245435A890.dll
Fallback handler could not load library C:/Users/Axesys/Desktop/RimWorld.v1.3.3389/RimWorldWin64_Data/Mono/data-0000012453FE1CE0.dll
Fallback handler could not load library C:/Users/Axesys/Desktop/RimWorld.v1.3.3389/RimWorldWin64_Data/Mono/data-0000012453FE4EF0.dll
Fallback handler could not load library C:/Users/Axesys/Desktop/RimWorld.v1.3.3389/RimWorldWin64_Data/Mono/data-0000012453FE7500.dll
Fallback handler could not load library C:/Users/Axesys/Desktop/RimWorld.v1.3.3389/RimWorldWin64_Data/Mono/data-0000012454085920.dll
Fallback handler could not load library C:/Users/Axesys/Desktop/RimWorld.v1.3.3389/RimWorldWin64_Data/Mono/data-000001247A0FA010.dll
Fallback handler could not load library C:/Users/Axesys/Desktop/RimWorld.v1.3.3389/RimWorldWin64_Data/Mono/data-000001247A11B020.dll
Fallback handler could not load library C:/Users/Axesys/Desktop/RimWorld.v1.3.3389/RimWorldWin64_Data/Mono/data-000001247A229370.dll
Fallback handler could not load library C:/Users/Axesys/Desktop/RimWorld.v1.3.3389/RimWorldWin64_Data/Mono/data-0000012453FEC510.dll
Fallback handler could not load library C:/Users/Axesys/Desktop/RimWorld.v1.3.3389/RimWorldWin64_Data/Mono/data-000001247A135030.dll
Fallback handler could not load library C:/Users/Axesys/Desktop/RimWorld.v1.3.3389/RimWorldWin64_Data/Mono/data-000001247A16D050.dll
Fallback handler could not load library C:/Users/Axesys/Desktop/RimWorld.v1.3.3389/RimWorldWin64_Data/Mono/data-000001247A310070.dll
Fallback handler could not load library C:/Users/Axesys/Desktop/RimWorld.v1.3.3389/RimWorldWin64_Data/Mono/data-000001247A181C60.dll
Fallback handler could not load library C:/Users/Axesys/Desktop/RimWorld.v1.3.3389/RimWorldWin64_Data/Mono/data-0000012453FF0530.dll
Fallback handler could not load library C:/Users/Axesys/Desktop/RimWorld.v1.3.3389/RimWorldWin64_Data/Mono/data-0000012453F02280.dll
Fallback handler could not load library C:/Users/Axesys/Desktop/RimWorld.v1.3.3389/RimWorldWin64_Data/Mono/data-000001247A348020.dll
Fallback handler could not load library C:/Users/Axesys/Desktop/RimWorld.v1.3.3389/RimWorldWin64_Data/Mono/data-0000012453C1B020.dll
Fallback handler could not load library C:/Users/Axesys/Desktop/RimWorld.v1.3.3389/RimWorldWin64_Data/Mono/data-000001247A46C2B0.dll
Fallback handler could not load library C:/Users/Axesys/Desktop/RimWorld.v1.3.3389/RimWorldWin64_Data/Mono/data-000001247A1B38B0.dll
Fallback handler could not load library C:/Users/Axesys/Desktop/RimWorld.v1.3.3389/RimWorldWin64_Data/Mono/data-000001247A559010.dll
Fallback handler could not load library C:/Users/Axesys/Desktop/RimWorld.v1.3.3389/RimWorldWin64_Data/Mono/data-000001247A58D020.dll
Fallback handler could not load library C:/Users/Axesys/Desktop/RimWorld.v1.3.3389/RimWorldWin64_Data/Mono/data-000001247A664440.dll
Fallback handler could not load library C:/Users/Axesys/Desktop/RimWorld.v1.3.3389/RimWorldWin64_Data/Mono/data-000001247A66DC50.dll
Fallback handler could not load library C:/Users/Axesys/Desktop/RimWorld.v1.3.3389/RimWorldWin64_Data/Mono/data-000001247A671E70.dll
Fallback handler could not load library C:/Users/Axesys/Desktop/RimWorld.v1.3.3389/RimWorldWin64_Data/Mono/data-000001247A691690.dll
Fallback handler could not load library C:/Users/Axesys/Desktop/RimWorld.v1.3.3389/RimWorldWin64_Data/Mono/data-000001247A69D0A0.dll
Fallback handler could not load library C:/Users/Axesys/Desktop/RimWorld.v1.3.3389/RimWorldWin64_Data/Mono/data-000001247A6AA0B0.dll
Fallback handler could not load library C:/Users/Axesys/Desktop/RimWorld.v1.3.3389/RimWorldWin64_Data/Mono/data-000001247A77A4E0.dll
Fallback handler could not load library C:/Users/Axesys/Desktop/RimWorld.v1.3.3389/RimWorldWin64_Data/Mono/data-000001247A79FB00.dll
Fallback handler could not load library C:/Users/Axesys/Desktop/RimWorld.v1.3.3389/RimWorldWin64_Data/Mono/data-000001247A7AB710.dll
Fallback handler could not load library C:/Users/Axesys/Desktop/RimWorld.v1.3.3389/RimWorldWin64_Data/Mono/data-000001247A7AE720.dll
ReflectionTypeLoadException getting types in assembly SimpleSidearms: System.Reflection.ReflectionTypeLoadException: Exception of type 'System.Reflection.ReflectionTypeLoadException' was thrown.
  at (wrapper managed-to-native) System.Reflection.Assembly.GetTypes(System.Reflection.Assembly,bool)
  at System.Reflection.Assembly.GetTypes () [0x00000] in <eae584ce26bc40229c1b1aa476bfa589>:0 
  at Verse.ModAssemblyHandler.AssemblyIsUsable (System.Reflection.Assembly asm) [0x00000] in <81af9f8a18324e17b286924a43555a7c>:0 

Loader exceptions:
   => System.TypeLoadException: Could not resolve type with token 01000063 (from typeref, class/assembly Harmony.CodeInstruction, 0Harmony, Version=1.2.0.1, Culture=neutral, PublicKeyToken=null)
 
(Filename: C:\buildslave\unity\build\Runtime/Export/Debug/Debug.bindings.h Line: 39)

Fallback handler could not load library C:/Users/Axesys/Desktop/RimWorld.v1.3.3389/RimWorldWin64_Data/Mono/data-000001247A84DC40.dll
Fallback handler could not load library C:/Users/Axesys/Desktop/RimWorld.v1.3.3389/RimWorldWin64_Data/Mono/data-000001247A7DD390.dll
Fallback handler could not load library C:/Users/Axesys/Desktop/RimWorld.v1.3.3389/RimWorldWin64_Data/Mono/data-000001247A9BA670.dll
Fallback handler could not load library C:/Users/Axesys/Desktop/RimWorld.v1.3.3389/RimWorldWin64_Data/Mono/data-000001247AA72890.dll
Fallback handler could not load library C:/Users/Axesys/Desktop/RimWorld.v1.3.3389/RimWorldWin64_Data/Mono/data-0000012453890260.dll
Fallback handler could not load library C:/Users/Axesys/Desktop/RimWorld.v1.3.3389/RimWorldWin64_Data/Mono/data-000001247AB5ECC0.dll
Fallback handler could not load library C:/Users/Axesys/Desktop/RimWorld.v1.3.3389/RimWorldWin64_Data/Mono/data-000001247AB6C2E0.dll
Fallback handler could not load library C:/Users/Axesys/Desktop/RimWorld.v1.3.3389/RimWorldWin64_Data/Mono/data-000001247AB79700.dll
Fallback handler could not load library C:/Users/Axesys/Desktop/RimWorld.v1.3.3389/RimWorldWin64_Data/Mono/data-000001247AB7FB10.dll
Fallback handler could not load library C:/Users/Axesys/Desktop/RimWorld.v1.3.3389/RimWorldWin64_Data/Mono/data-000001247AB83D20.dll
Fallback handler could not load library C:/Users/Axesys/Desktop/RimWorld.v1.3.3389/RimWorldWin64_Data/Mono/data-000001247AB8B530.dll
Fallback handler could not load library C:/Users/Axesys/Desktop/RimWorld.v1.3.3389/RimWorldWin64_Data/Mono/data-000001247AC5EF90.dll
Fallback handler could not load library C:/Users/Axesys/Desktop/RimWorld.v1.3.3389/RimWorldWin64_Data/Mono/data-000001247A09D080.dll
Fallback handler could not load library C:/Users/Axesys/Desktop/RimWorld.v1.3.3389/RimWorldWin64_Data/Mono/data-000001247AC78DD0.dll
Fallback handler could not load library C:/Users/Axesys/Desktop/RimWorld.v1.3.3389/RimWorldWin64_Data/Mono/data-0000012454095960.dll
Fallback handler could not load library C:/Users/Axesys/Desktop/RimWorld.v1.3.3389/RimWorldWin64_Data/Mono/data-000001247A541460.dll
Fallback handler could not load library C:/Users/Axesys/Desktop/RimWorld.v1.3.3389/RimWorldWin64_Data/Mono/data-000001247AC8A3E0.dll
Fallback handler could not load library C:/Users/Axesys/Desktop/RimWorld.v1.3.3389/RimWorldWin64_Data/Mono/data-000001247AC95800.dll
Fallback handler could not load library C:/Users/Axesys/Desktop/RimWorld.v1.3.3389/RimWorldWin64_Data/Mono/data-000001247ACAAE10.dll
Fallback handler could not load library C:/Users/Axesys/Desktop/RimWorld.v1.3.3389/RimWorldWin64_Data/Mono/data-000001247ACB2420.dll
Fallback handler could not load library C:/Users/Axesys/Desktop/RimWorld.v1.3.3389/RimWorldWin64_Data/Mono/data-000001247ACBDC30.dll
Fallback handler could not load library C:/Users/Axesys/Desktop/RimWorld.v1.3.3389/RimWorldWin64_Data/Mono/data-000001245408D940.dll
Fallback handler could not load library C:/Users/Axesys/Desktop/RimWorld.v1.3.3389/RimWorldWin64_Data/Mono/data-000001247ACF0440.dll
Fallback handler could not load library C:/Users/Axesys/Desktop/RimWorld.v1.3.3389/RimWorldWin64_Data/Mono/data-000001247AD0B460.dll
Fallback handler could not load library C:/Users/Axesys/Desktop/RimWorld.v1.3.3389/RimWorldWin64_Data/Mono/data-000001247A7E8450.dll
Fallback handler could not load library C:/Users/Axesys/Desktop/RimWorld.v1.3.3389/RimWorldWin64_Data/Mono/data-000001247AD2E4A0.dll
Fallback handler could not load library C:/Users/Axesys/Desktop/RimWorld.v1.3.3389/RimWorldWin64_Data/Mono/data-000001247ADF5AC0.dll
Fallback handler could not load library C:/Users/Axesys/Desktop/RimWorld.v1.3.3389/RimWorldWin64_Data/Mono/data-000001247AE16CF0.dll
Fallback handler could not load library C:/Users/Axesys/Desktop/RimWorld.v1.3.3389/RimWorldWin64_Data/Mono/data-000001247AE38320.dll
Fallback handler could not load library C:/Users/Axesys/Desktop/RimWorld.v1.3.3389/RimWorldWin64_Data/Mono/data-000001247AE42F30.dll
Fallback handler could not load library C:/Users/Axesys/Desktop/RimWorld.v1.3.3389/RimWorldWin64_Data/Mono/data-000001247BA90080.dll
Fallback handler could not load library C:/Users/Axesys/Desktop/RimWorld.v1.3.3389/RimWorldWin64_Data/Mono/data-000001247AE59360.dll
Fallback handler could not load library C:/Users/Axesys/Desktop/RimWorld.v1.3.3389/RimWorldWin64_Data/Mono/data-000001247A7DF7A0.dll
Fallback handler could not load library C:/Users/Axesys/Desktop/RimWorld.v1.3.3389/RimWorldWin64_Data/Mono/data-000001247BC38E20.dll
Fallback handler could not load library C:/Users/Axesys/Desktop/RimWorld.v1.3.3389/RimWorldWin64_Data/Mono/data-000001247BC3F830.dll
Fallback handler could not load library C:/Users/Axesys/Desktop/RimWorld.v1.3.3389/RimWorldWin64_Data/Mono/data-000001247BC42240.dll
Fallback handler could not load library C:/Users/Axesys/Desktop/RimWorld.v1.3.3389/RimWorldWin64_Data/Mono/data-000001247BC84C70.dll
Fallback handler could not load library C:/Users/Axesys/Desktop/RimWorld.v1.3.3389/RimWorldWin64_Data/Mono/data-000001247BCA1C80.dll
Fallback handler could not load library C:/Users/Axesys/Desktop/RimWorld.v1.3.3389/RimWorldWin64_Data/Mono/data-000001247AE69D90.dll
Fallback handler could not load library C:/Users/Axesys/Desktop/RimWorld.v1.3.3389/RimWorldWin64_Data/Mono/data-000001247BCA2E90.dll
Fallback handler could not load library C:/Users/Axesys/Desktop/RimWorld.v1.3.3389/RimWorldWin64_Data/Mono/data-000001247BCAEAB0.dll
Fallback handler could not load library C:/Users/Axesys/Desktop/RimWorld.v1.3.3389/RimWorldWin64_Data/Mono/data-000001247BCC8AC0.dll
Fallback handler could not load library C:/Users/Axesys/Desktop/RimWorld.v1.3.3389/RimWorldWin64_Data/Mono/data-000001247BCEBCE0.dll
Fallback handler could not load library C:/Users/Axesys/Desktop/RimWorld.v1.3.3389/RimWorldWin64_Data/Mono/data-000001247BD0F110.dll
Fallback handler could not load library C:/Users/Axesys/Desktop/RimWorld.v1.3.3389/RimWorldWin64_Data/Mono/data-000001247BD16F20.dll
Fallback handler could not load library C:/Users/Axesys/Desktop/RimWorld.v1.3.3389/RimWorldWin64_Data/Mono/data-000001247BD18130.dll
Fallback handler could not load library C:/Users/Axesys/Desktop/RimWorld.v1.3.3389/RimWorldWin64_Data/Mono/data-000001247BD31140.dll
Fallback handler could not load library C:/Users/Axesys/Desktop/RimWorld.v1.3.3389/RimWorldWin64_Data/Mono/data-000001247BDB1540.dll
Fallback handler could not load library C:/Users/Axesys/Desktop/RimWorld.v1.3.3389/RimWorldWin64_Data/Mono/data-000001247BDC1960.dll
Fallback handler could not load library C:/Users/Axesys/Desktop/RimWorld.v1.3.3389/RimWorldWin64_Data/Mono/data-000001247BDE1C90.dll
Fallback handler could not load library C:/Users/Axesys/Desktop/RimWorld.v1.3.3389/RimWorldWin64_Data/Mono/data-000001247BE25DE0.dll
Fallback handler could not load library C:/Users/Axesys/Desktop/RimWorld.v1.3.3389/RimWorldWin64_Data/Mono/data-000001247BE275F0.dll
Fallback handler could not load library C:/Users/Axesys/Desktop/RimWorld.v1.3.3389/RimWorldWin64_Data/Mono/data-000001247BE39000.dll
Fallback handler could not load library C:/Users/Axesys/Desktop/RimWorld.v1.3.3389/RimWorldWin64_Data/Mono/data-0000012454099970.dll
Fallback handler could not load library C:/Users/Axesys/Desktop/RimWorld.v1.3.3389/RimWorldWin64_Data/Mono/data-000001247BD8F900.dll
Fallback handler could not load library C:/Users/Axesys/Desktop/RimWorld.v1.3.3389/RimWorldWin64_Data/Mono/data-000001247BE3EE20.dll
Fallback handler could not load library C:/Users/Axesys/Desktop/RimWorld.v1.3.3389/RimWorldWin64_Data/Mono/data-000001247BE4B440.dll
Fallback handler could not load library C:/Users/Axesys/Desktop/RimWorld.v1.3.3389/RimWorldWin64_Data/Mono/data-000001247BD81890.dll
Fallback handler could not load library C:/Users/Axesys/Desktop/RimWorld.v1.3.3389/RimWorldWin64_Data/Mono/data-000001247BE68260.dll
Fallback handler could not load library C:/Users/Axesys/Desktop/RimWorld.v1.3.3389/RimWorldWin64_Data/Mono/data-000001245435BCA0.dll
Fallback handler could not load library C:/Users/Axesys/Desktop/RimWorld.v1.3.3389/RimWorldWin64_Data/Mono/data-000001247BE6A470.dll
Fallback handler could not load library C:/Users/Axesys/Desktop/RimWorld.v1.3.3389/RimWorldWin64_Data/Mono/data-000001247BE6EC80.dll
Fallback handler could not load library C:/Users/Axesys/Desktop/RimWorld.v1.3.3389/RimWorldWin64_Data/Mono/data-000001247BF440C0.dll
Fallback handler could not load library C:/Users/Axesys/Desktop/RimWorld.v1.3.3389/RimWorldWin64_Data/Mono/data-000001247C008CF0.dll
Fallback handler could not load library C:/Users/Axesys/Desktop/RimWorld.v1.3.3389/RimWorldWin64_Data/Mono/data-000001247C00A700.dll
Fallback handler could not load library C:/Users/Axesys/Desktop/RimWorld.v1.3.3389/RimWorldWin64_Data/Mono/data-000001247C0E4D40.dll
Fallback handler could not load library C:/Users/Axesys/Desktop/RimWorld.v1.3.3389/RimWorldWin64_Data/Mono/data-000001247C10CB50.dll
Fallback handler could not load library C:/Users/Axesys/Desktop/RimWorld.v1.3.3389/RimWorldWin64_Data/Mono/data-000001247C10FF60.dll
Fallback handler could not load library C:/Users/Axesys/Desktop/RimWorld.v1.3.3389/RimWorldWin64_Data/Mono/data-000001247C12CD70.dll
Fallback handler could not load library C:/Users/Axesys/Desktop/RimWorld.v1.3.3389/RimWorldWin64_Data/Mono/data-000001247C12E780.dll
Fallback handler could not load library C:/Users/Axesys/Desktop/RimWorld.v1.3.3389/RimWorldWin64_Data/Mono/data-000001247C2011C0.dll
Fallback handler could not load library C:/Users/Axesys/Desktop/RimWorld.v1.3.3389/RimWorldWin64_Data/Mono/data-000001247C206FD0.dll
Fallback handler could not load library C:/Users/Axesys/Desktop/RimWorld.v1.3.3389/RimWorldWin64_Data/Mono/data-000001247C2195E0.dll
Fallback handler could not load library C:/Users/Axesys/Desktop/RimWorld.v1.3.3389/RimWorldWin64_Data/Mono/data-000001247C2E5200.dll
Fallback handler could not load library C:/Users/Axesys/Desktop/RimWorld.v1.3.3389/RimWorldWin64_Data/Mono/data-000001247C2EFA20.dll
Fallback handler could not load library C:/Users/Axesys/Desktop/RimWorld.v1.3.3389/RimWorldWin64_Data/Mono/data-000001247C314A50.dll
Fallback handler could not load library C:/Users/Axesys/Desktop/RimWorld.v1.3.3389/RimWorldWin64_Data/Mono/data-000001247C317460.dll
Fallback handler could not load library C:/Users/Axesys/Desktop/RimWorld.v1.3.3389/RimWorldWin64_Data/Mono/data-000001247C32B880.dll
Fallback handler could not load library C:/Users/Axesys/Desktop/RimWorld.v1.3.3389/RimWorldWin64_Data/Mono/data-000001247C3AD410.dll
Fallback handler could not load library C:/Users/Axesys/Desktop/RimWorld.v1.3.3389/RimWorldWin64_Data/Mono/data-000001247C3BE230.dll
Fallback handler could not load library C:/Users/Axesys/Desktop/RimWorld.v1.3.3389/RimWorldWin64_Data/Mono/data-000001247C3CF450.dll
Fallback handler could not load library C:/Users/Axesys/Desktop/RimWorld.v1.3.3389/RimWorldWin64_Data/Mono/data-000001247C49B280.dll
Fallback handler could not load library C:/Users/Axesys/Desktop/RimWorld.v1.3.3389/RimWorldWin64_Data/Mono/data-000001247A0A70C0.dll
Fallback handler could not load library C:/Users/Axesys/Desktop/RimWorld.v1.3.3389/RimWorldWin64_Data/Mono/data-000001247C5933D0.dll
Fallback handler could not load library C:/Users/Axesys/Desktop/RimWorld.v1.3.3389/RimWorldWin64_Data/Mono/data-000001247C5BCBE0.dll
Fallback handler could not load library C:/Users/Axesys/Desktop/RimWorld.v1.3.3389/RimWorldWin64_Data/Mono/data-000001247C5D4600.dll
Fallback handler could not load library C:/Users/Axesys/Desktop/RimWorld.v1.3.3389/RimWorldWin64_Data/Mono/data-000001247C5F3620.dll
Fallback handler could not load library C:/Users/Axesys/Desktop/RimWorld.v1.3.3389/RimWorldWin64_Data/Mono/data-000001247C610C40.dll
Fallback handler could not load library C:/Users/Axesys/Desktop/RimWorld.v1.3.3389/RimWorldWin64_Data/Mono/data-000001247C67BE70.dll
Fallback handler could not load library C:/Users/Axesys/Desktop/RimWorld.v1.3.3389/RimWorldWin64_Data/Mono/data-000001247C684A80.dll
Fallback handler could not load library C:/Users/Axesys/Desktop/RimWorld.v1.3.3389/RimWorldWin64_Data/Mono/data-000001247C6B4490.dll
Fallback handler could not load library C:/Users/Axesys/Desktop/RimWorld.v1.3.3389/RimWorldWin64_Data/Mono/data-000001247C6B80A0.dll
Fallback handler could not load library C:/Users/Axesys/Desktop/RimWorld.v1.3.3389/RimWorldWin64_Data/Mono/data-000001247C76FEC0.dll
Fallback handler could not load library C:/Users/Axesys/Desktop/RimWorld.v1.3.3389/RimWorldWin64_Data/Mono/data-000001247C847180.dll
Fallback handler could not load library C:/Users/Axesys/Desktop/RimWorld.v1.3.3389/RimWorldWin64_Data/Mono/data-000001247C8617A0.dll
Fallback handler could not load library C:/Users/Axesys/Desktop/RimWorld.v1.3.3389/RimWorldWin64_Data/Mono/data-000001247C86FFB0.dll
Fallback handler could not load library C:/Users/Axesys/Desktop/RimWorld.v1.3.3389/RimWorldWin64_Data/Mono/data-000001247C887DC0.dll
Fallback handler could not load library C:/Users/Axesys/Desktop/RimWorld.v1.3.3389/RimWorldWin64_Data/Mono/data-000001247C8959E0.dll
Fallback handler could not load library C:/Users/Axesys/Desktop/RimWorld.v1.3.3389/RimWorldWin64_Data/Mono/data-000001247C958E10.dll
Fallback handler could not load library C:/Users/Axesys/Desktop/RimWorld.v1.3.3389/RimWorldWin64_Data/Mono/data-000001247C960E20.dll
Fallback handler could not load library C:/Users/Axesys/Desktop/RimWorld.v1.3.3389/RimWorldWin64_Data/Mono/data-000001247C97EC30.dll
Fallback handler could not load library C:/Users/Axesys/Desktop/RimWorld.v1.3.3389/RimWorldWin64_Data/Mono/data-000001247C997250.dll
Fallback handler could not load library C:/Users/Axesys/Desktop/RimWorld.v1.3.3389/RimWorldWin64_Data/Mono/data-000001247C9A2060.dll
Fallback handler could not load library C:/Users/Axesys/Desktop/RimWorld.v1.3.3389/RimWorldWin64_Data/Mono/data-000001247C9AE870.dll
Fallback handler could not load library C:/Users/Axesys/Desktop/RimWorld.v1.3.3389/RimWorldWin64_Data/Mono/data-000001247C9B9280.dll
Fallback handler could not load library C:/Users/Axesys/Desktop/RimWorld.v1.3.3389/RimWorldWin64_Data/Mono/data-000001247C9D9AB0.dll
Fallback handler could not load library C:/Users/Axesys/Desktop/RimWorld.v1.3.3389/RimWorldWin64_Data/Mono/data-000001247C9E78D0.dll
Fallback handler could not load library C:/Users/Axesys/Desktop/RimWorld.v1.3.3389/RimWorldWin64_Data/Mono/data-000001247C9F32F0.dll
Fallback handler could not load library C:/Users/Axesys/Desktop/RimWorld.v1.3.3389/RimWorldWin64_Data/Mono/data-000001247CA60080.dll
Fallback handler could not load library C:/Users/Axesys/Desktop/RimWorld.v1.3.3389/RimWorldWin64_Data/Mono/data-000001247CA78EE0.dll
Fallback handler could not load library C:/Users/Axesys/Desktop/RimWorld.v1.3.3389/RimWorldWin64_Data/Mono/data-000001247CA950F0.dll
Fallback handler could not load library C:/Users/Axesys/Desktop/RimWorld.v1.3.3389/RimWorldWin64_Data/Mono/data-000001247CAA3900.dll
Fallback handler could not load library C:/Users/Axesys/Desktop/RimWorld.v1.3.3389/RimWorldWin64_Data/Mono/data-000001247CB88340.dll
Fallback handler could not load library C:/Users/Axesys/Desktop/RimWorld.v1.3.3389/RimWorldWin64_Data/Mono/data-000001247CCF7230.dll
Fallback handler could not load library C:/Users/Axesys/Desktop/RimWorld.v1.3.3389/RimWorldWin64_Data/Mono/data-000001247CD1DC40.dll
Fallback handler could not load library C:/Users/Axesys/Desktop/RimWorld.v1.3.3389/RimWorldWin64_Data/Mono/data-000001247CDE9080.dll
Fallback handler could not load library C:/Users/Axesys/Desktop/RimWorld.v1.3.3389/RimWorldWin64_Data/Mono/data-000001247CF104C0.dll
Fallback handler could not load library C:/Users/Axesys/Desktop/RimWorld.v1.3.3389/RimWorldWin64_Data/Mono/data-000001247CF2B6E0.dll
Fallback handler could not load library C:/Users/Axesys/Desktop/RimWorld.v1.3.3389/RimWorldWin64_Data/Mono/data-000001247CF2E700.dll
Fallback handler could not load library C:/Users/Axesys/Desktop/RimWorld.v1.3.3389/RimWorldWin64_Data/Mono/data-000001247D0FF390.dll
Fallback handler could not load library C:/Users/Axesys/Desktop/RimWorld.v1.3.3389/RimWorldWin64_Data/Mono/data-000001247D386020.dll
Fallback handler could not load library C:/Users/Axesys/Desktop/RimWorld.v1.3.3389/RimWorldWin64_Data/Mono/data-000001247D5CA090.dll
[HugsLib] version 9.0.1
Fallback handler could not load library C:/Users/Axesys/Desktop/RimWorld.v1.3.3389/RimWorldWin64_Data/Mono/data-00000122851B6050.dll
[HugsLib] early-initializing AllowTool
Fallback handler could not load library C:/Users/Axesys/Desktop/RimWorld.v1.3.3389/RimWorldWin64_Data/Mono/data-00000122857B8010.dll
Rimefeller 1.2.700
Loaded What's That Mod.
[VanillaAchievementsExpanded] version 1.3.7862
[Vanilla Furniture Expanded - Architect] Activating Replace Stuff compatibility patch
Dubs Skylight 1.5.1706
QualityBuilder successfully patched Replace Stuff
[1.3]Graphics Setter - Loaded
Rimatomics 1.7.2473
DubsMintMenus v1.3.977
dubwise.dubsbadhygiene 3.0.2156
dubwise.dubscentralheating v1.0.45
Combat Extended :: Harmony_GenRadial_RadialPatternCount :: Info: Post GenRadial patch maximum radius: 119.4194
Combat Extended :: initialized
LWM Deep Storage: activated compatibility patch for Combat Extended
LWM Deep Storage: activated compatibility patch for Dubs Bad Hygiene
LWM Deep Storage: activated compatibility patch for Vanilla Cooking Expanded
Could not find a type named ReGrowthCore.CompAutumnLeavesSpawner 
(Filename: C:\buildslave\unity\build\Runtime/Export/Debug/Debug.bindings.h Line: 39)

Could not find a type named ReGrowthCore.CompAutumnLeavesSpawner 
(Filename: C:\buildslave\unity\build\Runtime/Export/Debug/Debug.bindings.h Line: 39)

Could not find a type named ReGrowthCore.CompAutumnLeavesSpawner 
(Filename: C:\buildslave\unity\build\Runtime/Export/Debug/Debug.bindings.h Line: 39)

Could not find a type named ReGrowthCore.CompAutumnLeavesSpawner 
(Filename: C:\buildslave\unity\build\Runtime/Export/Debug/Debug.bindings.h Line: 39)

Could not find type named ReGrowthCore.ThoughtExtensions from node <li Class="ReGrowthCore.ThoughtExtensions"><removeThoughtsWhenAdded><li>RG_Wet</li><li>RG_ExtremelyWet</li></removeThoughtsWhenAdded></li> 
(Filename: C:\buildslave\unity\build\Runtime/Export/Debug/Debug.bindings.h Line: 39)

Exception loading list element from XML: System.MissingMethodException: Default constructor not found for type Verse.DefModExtension
  at System.RuntimeType.CreateInstanceMono (System.Boolean nonPublic) [0x0007b] in <eae584ce26bc40229c1b1aa476bfa589>:0 
  at System.RuntimeType.CreateInstanceSlow (System.Boolean publicOnly, System.Boolean skipCheckThis, System.Boolean fillCache, System.Threading.StackCrawlMark& stackMark) [0x00009] in <eae584ce26bc40229c1b1aa476bfa589>:0 
  at System.RuntimeType.CreateInstanceDefaultCtor (System.Boolean publicOnly, System.Boolean skipCheckThis, System.Boolean fillCache, System.Threading.StackCrawlMark& stackMark) [0x00027] in <eae584ce26bc40229c1b1aa476bfa589>:0 
  at System.Activator.CreateInstance (System.Type type, System.Boolean nonPublic) [0x00020] in <eae584ce26bc40229c1b1aa476bfa589>:0 
  at System.Activator.CreateInstance (System.Type type) [0x00000] in <eae584ce26bc40229c1b1aa476bfa589>:0 
  at Verse.DirectXmlToObject.ObjectFromXml[T] (System.Xml.XmlNode xmlRoot, System.Boolean doPostLoad) [0x00519] in <81af9f8a18324e17b286924a43555a7c>:0 
  at Verse.DirectXmlToObject.ListFromXml[T] (System.Xml.XmlNode listRootNode) [0x000ab] in <81af9f8a18324e17b286924a43555a7c>:0 
XML:
<modExtensions><li Class="ReGrowthCore.ThoughtExtensions"><removeThoughtsWhenAdded><li>RG_Wet</li><li>RG_ExtremelyWet</li></removeThoughtsWhenAdded></li></modExtensions> 
(Filename: C:\buildslave\unity\build\Runtime/Export/Debug/Debug.bindings.h Line: 39)

Could not find a type named SimpleSidearms.rimworld.JobDriver_EquipSidearm 
(Filename: C:\buildslave\unity\build\Runtime/Export/Debug/Debug.bindings.h Line: 39)

Could not find a type named SimpleSidearms.rimworld.JobDriver_EquipSidearmCombat 
(Filename: C:\buildslave\unity\build\Runtime/Export/Debug/Debug.bindings.h Line: 39)

Could not find type named SimpleSidearms.rimworld.JobGiver_RetrieveWeapon from node <thinkRoot Class="SimpleSidearms.rimworld.JobGiver_RetrieveWeapon" /> 
(Filename: C:\buildslave\unity\build\Runtime/Export/Debug/Debug.bindings.h Line: 39)

Exception loading from System.Xml.XmlElement: System.MissingMethodException: Default constructor not found for type Verse.AI.ThinkNode
  at System.RuntimeType.CreateInstanceMono (System.Boolean nonPublic) [0x0007b] in <eae584ce26bc40229c1b1aa476bfa589>:0 
  at System.RuntimeType.CreateInstanceSlow (System.Boolean publicOnly, System.Boolean skipCheckThis, System.Boolean fillCache, System.Threading.StackCrawlMark& stackMark) [0x00009] in <eae584ce26bc40229c1b1aa476bfa589>:0 
  at System.RuntimeType.CreateInstanceDefaultCtor (System.Boolean publicOnly, System.Boolean skipCheckThis, System.Boolean fillCache, System.Threading.StackCrawlMark& stackMark) [0x00027] in <eae584ce26bc40229c1b1aa476bfa589>:0 
  at System.Activator.CreateInstance (System.Type type, System.Boolean nonPublic) [0x00020] in <eae584ce26bc40229c1b1aa476bfa589>:0 
  at System.Activator.CreateInstance (System.Type type) [0x00000] in <eae584ce26bc40229c1b1aa476bfa589>:0 
  at Verse.DirectXmlToObject.ObjectFromXml[T] (System.Xml.XmlNode xmlRoot, System.Boolean doPostLoad) [0x00519] in <81af9f8a18324e17b286924a43555a7c>:0 
  at Verse.DirectXmlToObject.ObjectFromXmlReflection[T] (System.Xml.XmlNode xmlRoot, System.Boolean doPostLoad) [0x00000] in <81af9f8a18324e17b286924a43555a7c>:0 
  at Verse.DirectXmlToObject.ObjectFromXml[T] (System.Xml.XmlNode xmlRoot, System.Boolean doPostLoad) [0x00917] in <81af9f8a18324e17b286924a43555a7c>:0  
(Filename: C:\buildslave\unity\build\Runtime/Export/Debug/Debug.bindings.h Line: 39)

Could not find type named CompProperties_RoomIdentifier from node <li Class="CompProperties_RoomIdentifier"><roomStat>Impressiveness</roomStat></li> 
(Filename: C:\buildslave\unity\build\Runtime/Export/Debug/Debug.bindings.h Line: 39)

XML error: <roomStat>Impressiveness</roomStat> doesn't correspond to any field in type CompProperties. Context: <li Class="CompProperties_RoomIdentifier"><roomStat>Impressiveness</roomStat></li> 
(Filename: C:\buildslave\unity\build\Runtime/Export/Debug/Debug.bindings.h Line: 39)

XML error: <menuHidden>true</menuHidden> doesn't correspond to any field in type ThingDef. Context: <ThingDef ParentName="RimefellerPipeBase"><category>Building</category><thingClass>Rimefeller.Building_Pipe</thingClass><soundImpactDefault>BulletImpact_Metal</soundImpactDefault><selectable>true</selectable><drawerType>MapMeshOnly</drawerType><terrainAffordanceNeeded>Light</terrainAffordanceNeeded><repairEffect>Repair</repairEffect><leaveResourcesWhenKilled>false</leaveResourcesWhenKilled><filthLeaving>Filth_RubbleBuilding</filthLeaving><designationCategory>Rimefeller</designationCategory><passability>Standable</passability><altitudeLayer>Conduits</altitudeLayer><tickerType>Never</tickerType><statBases><SellPriceFactor>0.70</SellPriceFactor><MaxHitPoints>80</MaxHitPoints><WorkToBuild>260</WorkToBuild><Flammability>1.0</Flammability></statBases><graphicData><texPath>Rimefeller/Things/Building/oilPipe_Atlas</texPath><graphicClass>Graphic_Single</graphicClass><linkType>Basic</linkType><linkFlags><li>Custom6</li></linkFlags><damageData><rect>(0,0.35,1,0.3)</rect></damageData></graphicData><building><blueprintGraphicData><texPath>Rimefeller/Things/Building/oilPipe_Atlas_Blueprint</texPath></blueprintGraphicData><isInert>true</isInert><isEdifice>false</isEdifice></building><placingDraggableDimensions>1</placingDraggableDimensions><rotatable>false</rotatable><neverMultiSelect>true</neverMultiSelect><clearBuildingArea>false</clearBuildingArea><placeWorkers><li>Rimefeller.PlaceWorker_Pipe</li></placeWorkers><defName>OilPipeline</defName><label>Oil Pipeline</label><description>Plumbing for connecting plumbed things.</description><uiIconPath>Rimefeller/UI/Plumbing</uiIconPath><costList><Steel>1</Steel></costList><comps><li Class="Rimefeller.CompProperties_Pipe" /></comps><researchPrerequisites><li>OilDrilling</li></researchPrerequisites><menuHidden>true</menuHidden></ThingDef> 
(Filename: C:\buildslave\unity\build\Runtime/Export/Debug/Debug.bindings.h Line: 39)

Could not find a type named ReGrowthCore.DevilDust_Tornado 
(Filename: C:\buildslave\unity\build\Runtime/Export/Debug/Debug.bindings.h Line: 39)

Could not find a type named ReGrowthCore.JoyGiver_SwimInHotSpring 
(Filename: C:\buildslave\unity\build\Runtime/Export/Debug/Debug.bindings.h Line: 39)

Could not find a type named ReGrowthCore.JobDriver_SwimInHotSpring 
(Filename: C:\buildslave\unity\build\Runtime/Export/Debug/Debug.bindings.h Line: 39)

Could not find a type named ReGrowthCore.IncidentWorker_DevilDusts 
(Filename: C:\buildslave\unity\build\Runtime/Export/Debug/Debug.bindings.h Line: 39)

Could not find type named ReGrowthCore.ThoughtExtensions from node <li Class="ReGrowthCore.ThoughtExtensions"><removeThoughtsWhenAdded><li>RG_ExtremelyWet</li><li>SoakingWet</li></removeThoughtsWhenAdded></li> 
(Filename: C:\buildslave\unity\build\Runtime/Export/Debug/Debug.bindings.h Line: 39)

Exception loading list element from XML: System.MissingMethodException: Default constructor not found for type Verse.DefModExtension
  at System.RuntimeType.CreateInstanceMono (System.Boolean nonPublic) [0x0007b] in <eae584ce26bc40229c1b1aa476bfa589>:0 
  at System.RuntimeType.CreateInstanceSlow (System.Boolean publicOnly, System.Boolean skipCheckThis, System.Boolean fillCache, System.Threading.StackCrawlMark& stackMark) [0x00009] in <eae584ce26bc40229c1b1aa476bfa589>:0 
  at System.RuntimeType.CreateInstanceDefaultCtor (System.Boolean publicOnly, System.Boolean skipCheckThis, System.Boolean fillCache, System.Threading.StackCrawlMark& stackMark) [0x00027] in <eae584ce26bc40229c1b1aa476bfa589>:0 
  at System.Activator.CreateInstance (System.Type type, System.Boolean nonPublic) [0x00020] in <eae584ce26bc40229c1b1aa476bfa589>:0 
  at System.Activator.CreateInstance (System.Type type) [0x00000] in <eae584ce26bc40229c1b1aa476bfa589>:0 
  at Verse.DirectXmlToObject.ObjectFromXml[T] (System.Xml.XmlNode xmlRoot, System.Boolean doPostLoad) [0x00519] in <81af9f8a18324e17b286924a43555a7c>:0 
  at Verse.DirectXmlToObject.ListFromXml[T] (System.Xml.XmlNode listRootNode) [0x000ab] in <81af9f8a18324e17b286924a43555a7c>:0 
XML:
<modExtensions><li Class="ReGrowthCore.ThoughtExtensions"><removeThoughtsWhenAdded><li>RG_ExtremelyWet</li><li>SoakingWet</li></removeThoughtsWhenAdded></li></modExtensions> 
(Filename: C:\buildslave\unity\build\Runtime/Export/Debug/Debug.bindings.h Line: 39)

Could not find type named ReGrowthCore.ThoughtExtensions from node <li Class="ReGrowthCore.ThoughtExtensions"><removeThoughtsWhenAdded><li>RG_Wet</li><li>SoakingWet</li></removeThoughtsWhenAdded></li> 
(Filename: C:\buildslave\unity\build\Runtime/Export/Debug/Debug.bindings.h Line: 39)

Exception loading list element from XML: System.MissingMethodException: Default constructor not found for type Verse.DefModExtension
  at System.RuntimeType.CreateInstanceMono (System.Boolean nonPublic) [0x0007b] in <eae584ce26bc40229c1b1aa476bfa589>:0 
  at System.RuntimeType.CreateInstanceSlow (System.Boolean publicOnly, System.Boolean skipCheckThis, System.Boolean fillCache, System.Threading.StackCrawlMark& stackMark) [0x00009] in <eae584ce26bc40229c1b1aa476bfa589>:0 
  at System.RuntimeType.CreateInstanceDefaultCtor (System.Boolean publicOnly, System.Boolean skipCheckThis, System.Boolean fillCache, System.Threading.StackCrawlMark& stackMark) [0x00027] in <eae584ce26bc40229c1b1aa476bfa589>:0 
  at System.Activator.CreateInstance (System.Type type, System.Boolean nonPublic) [0x00020] in <eae584ce26bc40229c1b1aa476bfa589>:0 
  at System.Activator.CreateInstance (System.Type type) [0x00000] in <eae584ce26bc40229c1b1aa476bfa589>:0 
  at Verse.DirectXmlToObject.ObjectFromXml[T] (System.Xml.XmlNode xmlRoot, System.Boolean doPostLoad) [0x00519] in <81af9f8a18324e17b286924a43555a7c>:0 
  at Verse.DirectXmlToObject.ListFromXml[T] (System.Xml.XmlNode listRootNode) [0x000ab] in <81af9f8a18324e17b286924a43555a7c>:0 
XML:
<modExtensions><li Class="ReGrowthCore.ThoughtExtensions"><removeThoughtsWhenAdded><li>RG_Wet</li><li>SoakingWet</li></removeThoughtsWhenAdded></li></modExtensions> 
(Filename: C:\buildslave\unity\build\Runtime/Export/Debug/Debug.bindings.h Line: 39)

XML error: <ritualExpectedPostfix>{0} {1} want to carry out the ceremonial suicide as soon as possible.</ritualExpectedPostfix> doesn't correspond to any field in type RitualPatternDef. Context: <RitualPatternDef><defName>VME_CeremonialSuicideRitual</defName><ritualBehavior>VME_CeremonialSuicideRitualBehaviour</ritualBehavior><ritualOutcomeEffect>VME_CeremonialSuicideRitualOutcome</ritualOutcomeEffect><ritualExpectedDesc>Once a {IDEO} member is defeated twice in honorable combat with a hostile enemy, other {MEMBERS} expect {RITUAL_labelDef} to take place to cleanse the dishonor upon the colony.</ritualExpectedDesc><ritualExpectedPostfix>{0} {1} want to carry out the ceremonial suicide as soon as possible.</ritualExpectedPostfix><ritualObligationTriggers><li Class="VanillaMemesExpanded.RitualObligationTriggerProperties_SecondDefeat" /></ritualObligationTriggers><ritualObligationTargetFilter>RitualSpotIdeogramOrAltar</ritualObligationTargetFilter></RitualPatternDef> 
(Filename: C:\buildslave\unity\build\Runtime/Export/Debug/Debug.bindings.h Line: 39)

XML error: <ritualExpectedPostfix>{0} {1} want to carry out the leadership challenge as soon as possible.</ritualExpectedPostfix> doesn't correspond to any field in type RitualPatternDef. Context: <RitualPatternDef><defName>VME_LeadershipChallengeRitual</defName><ritualBehavior>VME_LeadershipChallengeRitualBehaviour</ritualBehavior><ritualObligationTargetFilter>AnyRitualSpot</ritualObligationTargetFilter><nameMaker>NamerRitualGladiatorDuel</nameMaker><canStartAnytime>true</canStartAnytime><alwaysStartAnytime>true</alwaysStartAnytime><ritualOutcomeEffect>VME_LeadershipChallengeRitualOutcome</ritualOutcomeEffect><tags Inherit="False" /><ritualExpectedDesc>A {IDEO} member has better melee skill than the current leader, other {MEMBERS} expect {RITUAL_labelDef} to take place so only the strongest leader can rule them.</ritualExpectedDesc><ritualExpectedPostfix>{0} {1} want to carry out the leadership challenge as soon as possible.</ritualExpectedPostfix><ritualObligationTriggers><li Class="VanillaMemesExpanded.RitualObligationTriggerProperties_StrongerLeader" /></ritualObligationTriggers></RitualPatternDef> 
(Filename: C:\buildslave\unity\build\Runtime/Export/Debug/Debug.bindings.h Line: 39)

[Combat Extended] Patch operation Verse.PatchOperationAdd(/Defs/PawnKindDef[@Name="TribalChiefBase"]/apparelRequired) failed
file: C:\Users\Axesys\Desktop\RimWorld.v1.3.3389\Mods\combatg extended\Patches\Core\PawnKindDefs_Humanlike\PawnKinds.xml 
(Filename: C:\buildslave\unity\build\Runtime/Export/Debug/Debug.bindings.h Line: 39)

[Combat Extended] Patch operation Verse.PatchOperationFindMod(Rimefeller) failed
file: C:\Users\Axesys\Desktop\RimWorld.v1.3.3389\Mods\combatg extended\Patches\Rimefeller\Napalm_Tweaks.xml 
(Filename: C:\buildslave\unity\build\Runtime/Export/Debug/Debug.bindings.h Line: 39)

[Combat Extended] Patch operation Verse.PatchOperationFindMod(Vanilla Factions Expanded - Mechanoids) failed
file: C:\Users\Axesys\Desktop\RimWorld.v1.3.3389\Mods\combatg extended\Patches\Vanilla Factions Expanded - Mechanoids\ThingDefs_Misc\Weapons_Mech.xml 
(Filename: C:\buildslave\unity\build\Runtime/Export/Debug/Debug.bindings.h Line: 39)

Could not resolve cross-reference: No Verse.WeatherDef named RG_Windy found to give to RimWorld.WeatherCommonalityRecord RimWorld.WeatherCommonalityRecord 
(Filename: C:\buildslave\unity\build\Runtime/Export/Debug/Debug.bindings.h Line: 39)

Could not resolve cross-reference: No Verse.WeatherDef named RG_FoggySnow found to give to RimWorld.WeatherCommonalityRecord RimWorld.WeatherCommonalityRecord 
(Filename: C:\buildslave\unity\build\Runtime/Export/Debug/Debug.bindings.h Line: 39)

Could not resolve cross-reference: No Verse.WeatherDef named RG_Drizzle found to give to RimWorld.WeatherCommonalityRecord RimWorld.WeatherCommonalityRecord 
(Filename: C:\buildslave\unity\build\Runtime/Export/Debug/Debug.bindings.h Line: 39)

Could not resolve cross-reference: No Verse.WeatherDef named RG_Blizzard found to give to RimWorld.WeatherCommonalityRecord RimWorld.WeatherCommonalityRecord 
(Filename: C:\buildslave\unity\build\Runtime/Export/Debug/Debug.bindings.h Line: 39)

Could not resolve cross-reference: No Verse.WeatherDef named RG_FoggySnow found to give to RimWorld.WeatherCommonalityRecord RimWorld.WeatherCommonalityRecord 
(Filename: C:\buildslave\unity\build\Runtime/Export/Debug/Debug.bindings.h Line: 39)

Could not resolve cross-reference: No Verse.WeatherDef named RG_Windy found to give to RimWorld.WeatherCommonalityRecord RimWorld.WeatherCommonalityRecord 
(Filename: C:\buildslave\unity\build\Runtime/Export/Debug/Debug.bindings.h Line: 39)

Could not resolve cross-reference: No Verse.WeatherDef named RG_Drizzle found to give to RimWorld.WeatherCommonalityRecord RimWorld.WeatherCommonalityRecord 
(Filename: C:\buildslave\unity\build\Runtime/Export/Debug/Debug.bindings.h Line: 39)

Could not resolve cross-reference: No Verse.WeatherDef named RG_Overcast found to give to RimWorld.WeatherCommonalityRecord RimWorld.WeatherCommonalityRecord 
(Filename: C:\buildslave\unity\build\Runtime/Export/Debug/Debug.bindings.h Line: 39)

Could not resolve cross-reference: No Verse.WeatherDef named RG_Hail found to give to RimWorld.WeatherCommonalityRecord RimWorld.WeatherCommonalityRecord 
(Filename: C:\buildslave\unity\build\Runtime/Export/Debug/Debug.bindings.h Line: 39)

Could not resolve cross-reference: No Verse.WeatherDef named RG_Overcast found to give to RimWorld.WeatherCommonalityRecord RimWorld.WeatherCommonalityRecord 
(Filename: C:\buildslave\unity\build\Runtime/Export/Debug/Debug.bindings.h Line: 39)

Could not resolve cross-reference: No Verse.WeatherDef named RG_Monsoon found to give to RimWorld.WeatherCommonalityRecord RimWorld.WeatherCommonalityRecord 
(Filename: C:\buildslave\unity\build\Runtime/Export/Debug/Debug.bindings.h Line: 39)

Could not resolve cross-reference: No Verse.WeatherDef named RG_FoggySnow found to give to RimWorld.WeatherCommonalityRecord RimWorld.WeatherCommonalityRecord 
(Filename: C:\buildslave\unity\build\Runtime/Export/Debug/Debug.bindings.h Line: 39)

Could not resolve cross-reference: No RimWorld.StatDef named SmithingSpeed found to give to Verse.RecipeDef SNS_Production_Unobtainium 
(Filename: C:\buildslave\unity\build\Runtime/Export/Debug/Debug.bindings.h Line: 39)

Could not resolve cross-reference: No Verse.WeatherDef named RG_Monsoon found to give to RimWorld.WeatherCommonalityRecord RimWorld.WeatherCommonalityRecord 
(Filename: C:\buildslave\unity\build\Runtime/Export/Debug/Debug.bindings.h Line: 39)

Could not resolve cross-reference: No Verse.WeatherDef named RG_Overcast found to give to RimWorld.WeatherCommonalityRecord RimWorld.WeatherCommonalityRecord 
(Filename: C:\buildslave\unity\build\Runtime/Export/Debug/Debug.bindings.h Line: 39)

Could not resolve cross-reference: No Verse.WeatherDef named RG_Windy found to give to RimWorld.WeatherCommonalityRecord RimWorld.WeatherCommonalityRecord 
(Filename: C:\buildslave\unity\build\Runtime/Export/Debug/Debug.bindings.h Line: 39)

Could not resolve cross-reference: No Verse.WeatherDef named RG_FoggySandstorm found to give to RimWorld.WeatherCommonalityRecord RimWorld.WeatherCommonalityRecord 
(Filename: C:\buildslave\unity\build\Runtime/Export/Debug/Debug.bindings.h Line: 39)

Could not resolve cross-reference: No Verse.WeatherDef named RG_Overcast found to give to RimWorld.WeatherCommonalityRecord RimWorld.WeatherCommonalityRecord 
(Filename: C:\buildslave\unity\build\Runtime/Export/Debug/Debug.bindings.h Line: 39)

Could not resolve cross-reference: No Verse.WeatherDef named RG_Overcast found to give to RimWorld.WeatherCommonalityRecord RimWorld.WeatherCommonalityRecord 
(Filename: C:\buildslave\unity\build\Runtime/Export/Debug/Debug.bindings.h Line: 39)

Could not resolve cross-reference: No RimWorld.StatDef named SmithingSpeed found to give to Verse.RecipeDef SNS_Production_Unobtainium_Fiber 
(Filename: C:\buildslave\unity\build\Runtime/Export/Debug/Debug.bindings.h Line: 39)

Could not resolve cross-reference: No Verse.WeatherDef named RG_FoggySnow found to give to RimWorld.WeatherCommonalityRecord RimWorld.WeatherCommonalityRecord 
(Filename: C:\buildslave\unity\build\Runtime/Export/Debug/Debug.bindings.h Line: 39)

Could not resolve cross-reference: No Verse.WeatherDef named RG_Blizzard found to give to RimWorld.WeatherCommonalityRecord RimWorld.WeatherCommonalityRecord 
(Filename: C:\buildslave\unity\build\Runtime/Export/Debug/Debug.bindings.h Line: 39)

Could not resolve cross-reference: No Verse.WeatherDef named RG_Windy found to give to RimWorld.WeatherCommonalityRecord RimWorld.WeatherCommonalityRecord 
(Filename: C:\buildslave\unity\build\Runtime/Export/Debug/Debug.bindings.h Line: 39)

Could not resolve cross-reference: No Verse.WeatherDef named RG_Windy found to give to RimWorld.WeatherCommonalityRecord RimWorld.WeatherCommonalityRecord 
(Filename: C:\buildslave\unity\build\Runtime/Export/Debug/Debug.bindings.h Line: 39)

Could not resolve cross-reference: No RimWorld.StatDef named SmithingSpeed found to give to Verse.RecipeDef SNS_Production_Unobtainium_FiberCompress 
(Filename: C:\buildslave\unity\build\Runtime/Export/Debug/Debug.bindings.h Line: 39)

Could not resolve cross-reference: No Verse.WeatherDef named RG_Hail found to give to RimWorld.WeatherCommonalityRecord RimWorld.WeatherCommonalityRecord 
(Filename: C:\buildslave\unity\build\Runtime/Export/Debug/Debug.bindings.h Line: 39)

Could not resolve cross-reference: No Verse.WeatherDef named RG_Monsoon found to give to RimWorld.WeatherCommonalityRecord RimWorld.WeatherCommonalityRecord 
(Filename: C:\buildslave\unity\build\Runtime/Export/Debug/Debug.bindings.h Line: 39)

Could not resolve cross-reference: No Verse.WeatherDef named RG_Windy found to give to RimWorld.WeatherCommonalityRecord RimWorld.WeatherCommonalityRecord 
(Filename: C:\buildslave\unity\build\Runtime/Export/Debug/Debug.bindings.h Line: 39)

Could not resolve cross-reference: No RimWorld.StatDef named SmithingSpeed found to give to Verse.RecipeDef SNS_Production_Fuel 
(Filename: C:\buildslave\unity\build\Runtime/Export/Debug/Debug.bindings.h Line: 39)

Could not resolve cross-reference: No Verse.WeatherDef named RG_Monsoon found to give to RimWorld.WeatherCommonalityRecord RimWorld.WeatherCommonalityRecord 
(Filename: C:\buildslave\unity\build\Runtime/Export/Debug/Debug.bindings.h Line: 39)

Could not resolve cross-reference: No Verse.WeatherDef named RG_Drizzle found to give to RimWorld.WeatherCommonalityRecord RimWorld.WeatherCommonalityRecord 
(Filename: C:\buildslave\unity\build\Runtime/Export/Debug/Debug.bindings.h Line: 39)

Could not resolve cross-reference: No Verse.WeatherDef named RG_Hail found to give to RimWorld.WeatherCommonalityRecord RimWorld.WeatherCommonalityRecord 
(Filename: C:\buildslave\unity\build\Runtime/Export/Debug/Debug.bindings.h Line: 39)

Could not resolve cross-reference: No Verse.WeatherDef named RG_Monsoon found to give to RimWorld.WeatherCommonalityRecord RimWorld.WeatherCommonalityRecord 
(Filename: C:\buildslave\unity\build\Runtime/Export/Debug/Debug.bindings.h Line: 39)

Could not resolve cross-reference: No Verse.WeatherDef named RG_Windy found to give to RimWorld.WeatherCommonalityRecord RimWorld.WeatherCommonalityRecord 
(Filename: C:\buildslave\unity\build\Runtime/Export/Debug/Debug.bindings.h Line: 39)

Could not resolve cross-reference: No Verse.WeatherDef named RG_FoggySnow found to give to RimWorld.WeatherCommonalityRecord RimWorld.WeatherCommonalityRecord 
(Filename: C:\buildslave\unity\build\Runtime/Export/Debug/Debug.bindings.h Line: 39)

Could not resolve cross-reference: No Verse.WeatherDef named RG_Hail found to give to RimWorld.WeatherCommonalityRecord RimWorld.WeatherCommonalityRecord 
(Filename: C:\buildslave\unity\build\Runtime/Export/Debug/Debug.bindings.h Line: 39)

Could not resolve cross-reference: No Verse.WeatherDef named RG_FoggySandstorm found to give to RimWorld.WeatherCommonalityRecord RimWorld.WeatherCommonalityRecord 
(Filename: C:\buildslave\unity\build\Runtime/Export/Debug/Debug.bindings.h Line: 39)

Could not resolve cross-reference: No Verse.WeatherDef named RG_Overcast found to give to RimWorld.WeatherCommonalityRecord RimWorld.WeatherCommonalityRecord 
(Filename: C:\buildslave\unity\build\Runtime/Export/Debug/Debug.bindings.h Line: 39)

Could not resolve cross-reference: No Verse.WeatherDef named RG_SandStorm found to give to RimWorld.WeatherCommonalityRecord RimWorld.WeatherCommonalityRecord 
(Filename: C:\buildslave\unity\build\Runtime/Export/Debug/Debug.bindings.h Line: 39)

Could not resolve cross-reference: No Verse.WeatherDef named RG_Drizzle found to give to RimWorld.WeatherCommonalityRecord RimWorld.WeatherCommonalityRecord 
(Filename: C:\buildslave\unity\build\Runtime/Export/Debug/Debug.bindings.h Line: 39)

Could not resolve cross-reference: No RimWorld.StatDef named SmithingSpeed found to give to Verse.RecipeDef SNS_Production_Hidden 
(Filename: C:\buildslave\unity\build\Runtime/Export/Debug/Debug.bindings.h Line: 39)

Could not resolve cross-reference: No Verse.WeatherDef named RG_Windy found to give to RimWorld.WeatherCommonalityRecord RimWorld.WeatherCommonalityRecord 
(Filename: C:\buildslave\unity\build\Runtime/Export/Debug/Debug.bindings.h Line: 39)

Could not resolve cross-reference: No Verse.WeatherDef named RG_Blizzard found to give to RimWorld.WeatherCommonalityRecord RimWorld.WeatherCommonalityRecord 
(Filename: C:\buildslave\unity\build\Runtime/Export/Debug/Debug.bindings.h Line: 39)

Could not resolve cross-reference: No Verse.WeatherDef named RG_Blizzard found to give to RimWorld.WeatherCommonalityRecord RimWorld.WeatherCommonalityRecord 
(Filename: C:\buildslave\unity\build\Runtime/Export/Debug/Debug.bindings.h Line: 39)

Could not resolve cross-reference: No Verse.WeatherDef named RG_FoggySnow found to give to RimWorld.WeatherCommonalityRecord RimWorld.WeatherCommonalityRecord 
(Filename: C:\buildslave\unity\build\Runtime/Export/Debug/Debug.bindings.h Line: 39)

Could not resolve cross-reference: No Verse.WeatherDef named RG_Blizzard found to give to RimWorld.WeatherCommonalityRecord RimWorld.WeatherCommonalityRecord 
(Filename: C:\buildslave\unity\build\Runtime/Export/Debug/Debug.bindings.h Line: 39)

Could not resolve cross-reference to RimWorld.StuffCategoryDef named Leather (wanter=categories) 
(Filename: C:\buildslave\unity\build\Runtime/Export/Debug/Debug.bindings.h Line: 39)

Could not resolve cross-reference: No Verse.WeatherDef named RG_Hail found to give to RimWorld.WeatherCommonalityRecord RimWorld.WeatherCommonalityRecord 
(Filename: C:\buildslave\unity\build\Runtime/Export/Debug/Debug.bindings.h Line: 39)

Could not resolve cross-reference: No Verse.WeatherDef named RG_Drizzle found to give to RimWorld.WeatherCommonalityRecord RimWorld.WeatherCommonalityRecord 
(Filename: C:\buildslave\unity\build\Runtime/Export/Debug/Debug.bindings.h Line: 39)

Could not resolve cross-reference: No Verse.WeatherDef named RG_SandStorm found to give to RimWorld.WeatherCommonalityRecord RimWorld.WeatherCommonalityRecord 
(Filename: C:\buildslave\unity\build\Runtime/Export/Debug/Debug.bindings.h Line: 39)

Could not resolve cross-reference: No Verse.WeatherDef named RG_Drizzle found to give to RimWorld.WeatherCommonalityRecord RimWorld.WeatherCommonalityRecord 
(Filename: C:\buildslave\unity\build\Runtime/Export/Debug/Debug.bindings.h Line: 39)

Could not resolve cross-reference: No Verse.WeatherDef named RG_Drizzle found to give to RimWorld.WeatherCommonalityRecord RimWorld.WeatherCommonalityRecord 
(Filename: C:\buildslave\unity\build\Runtime/Export/Debug/Debug.bindings.h Line: 39)

Could not resolve cross-reference to RimWorld.StuffCategoryDef named ResourcesRaw (wanter=categories) 
(Filename: C:\buildslave\unity\build\Runtime/Export/Debug/Debug.bindings.h Line: 39)

Could not resolve cross-reference: No Verse.WeatherDef named RG_SandStormHard found to give to RimWorld.WeatherCommonalityRecord RimWorld.WeatherCommonalityRecord 
(Filename: C:\buildslave\unity\build\Runtime/Export/Debug/Debug.bindings.h Line: 39)

Could not resolve cross-reference: No Verse.WeatherDef named RG_Overcast found to give to RimWorld.WeatherCommonalityRecord RimWorld.WeatherCommonalityRecord 
(Filename: C:\buildslave\unity\build\Runtime/Export/Debug/Debug.bindings.h Line: 39)

Could not resolve cross-reference: No Verse.WeatherDef named RG_FoggySandstorm found to give to RimWorld.WeatherCommonalityRecord RimWorld.WeatherCommonalityRecord 
(Filename: C:\buildslave\unity\build\Runtime/Export/Debug/Debug.bindings.h Line: 39)

Could not resolve cross-reference: No Verse.WeatherDef named RG_SandStormHard found to give to RimWorld.WeatherCommonalityRecord RimWorld.WeatherCommonalityRecord 
(Filename: C:\buildslave\unity\build\Runtime/Export/Debug/Debug.bindings.h Line: 39)

Could not resolve cross-reference: No Verse.WeatherDef named RG_Hail found to give to RimWorld.WeatherCommonalityRecord RimWorld.WeatherCommonalityRecord 
(Filename: C:\buildslave\unity\build\Runtime/Export/Debug/Debug.bindings.h Line: 39)

Could not resolve cross-reference: No Verse.WeatherDef named RG_Windy found to give to RimWorld.WeatherCommonalityRecord RimWorld.WeatherCommonalityRecord 
(Filename: C:\buildslave\unity\build\Runtime/Export/Debug/Debug.bindings.h Line: 39)

Could not resolve cross-reference: No Verse.WeatherDef named RG_Overcast found to give to RimWorld.WeatherCommonalityRecord RimWorld.WeatherCommonalityRecord 
(Filename: C:\buildslave\unity\build\Runtime/Export/Debug/Debug.bindings.h Line: 39)

Could not resolve cross-reference: No Verse.WeatherDef named RG_Hail found to give to RimWorld.WeatherCommonalityRecord RimWorld.WeatherCommonalityRecord 
(Filename: C:\buildslave\unity\build\Runtime/Export/Debug/Debug.bindings.h Line: 39)

Could not resolve cross-reference: No Verse.WeatherDef named RG_Monsoon found to give to RimWorld.WeatherCommonalityRecord RimWorld.WeatherCommonalityRecord 
(Filename: C:\buildslave\unity\build\Runtime/Export/Debug/Debug.bindings.h Line: 39)

Could not resolve cross-reference: No Verse.WeatherDef named RG_FoggySnow found to give to RimWorld.WeatherCommonalityRecord RimWorld.WeatherCommonalityRecord 
(Filename: C:\buildslave\unity\build\Runtime/Export/Debug/Debug.bindings.h Line: 39)

Could not resolve cross-reference: No Verse.WeatherDef named RG_Hail found to give to RimWorld.WeatherCommonalityRecord RimWorld.WeatherCommonalityRecord 
(Filename: C:\buildslave\unity\build\Runtime/Export/Debug/Debug.bindings.h Line: 39)

Could not resolve cross-reference: No Verse.WeatherDef named RG_Drizzle found to give to RimWorld.WeatherCommonalityRecord RimWorld.WeatherCommonalityRecord 
(Filename: C:\buildslave\unity\build\Runtime/Export/Debug/Debug.bindings.h Line: 39)

Could not resolve cross-reference: No Verse.WeatherDef named RG_Overcast found to give to RimWorld.WeatherCommonalityRecord RimWorld.WeatherCommonalityRecord 
(Filename: C:\buildslave\unity\build\Runtime/Export/Debug/Debug.bindings.h Line: 39)

Could not resolve cross-reference: No Verse.WeatherDef named RG_SandStorm found to give to RimWorld.WeatherCommonalityRecord RimWorld.WeatherCommonalityRecord 
(Filename: C:\buildslave\unity\build\Runtime/Export/Debug/Debug.bindings.h Line: 39)

Could not resolve cross-reference: No Verse.WeatherDef named RG_FoggySnow found to give to RimWorld.WeatherCommonalityRecord RimWorld.WeatherCommonalityRecord 
(Filename: C:\buildslave\unity\build\Runtime/Export/Debug/Debug.bindings.h Line: 39)

Could not resolve cross-reference: No Verse.WeatherDef named RG_Drizzle found to give to RimWorld.WeatherCommonalityRecord RimWorld.WeatherCommonalityRecord 
(Filename: C:\buildslave\unity\build\Runtime/Export/Debug/Debug.bindings.h Line: 39)

Could not resolve cross-reference: No Verse.WeatherDef named RG_Monsoon found to give to RimWorld.WeatherCommonalityRecord RimWorld.WeatherCommonalityRecord 
(Filename: C:\buildslave\unity\build\Runtime/Export/Debug/Debug.bindings.h Line: 39)

Could not resolve cross-reference: No Verse.WeatherDef named RG_FoggySnow found to give to RimWorld.WeatherCommonalityRecord RimWorld.WeatherCommonalityRecord 
(Filename: C:\buildslave\unity\build\Runtime/Export/Debug/Debug.bindings.h Line: 39)

Could not resolve cross-reference: No Verse.WeatherDef named RG_SandStormHard found to give to RimWorld.WeatherCommonalityRecord RimWorld.WeatherCommonalityRecord 
(Filename: C:\buildslave\unity\build\Runtime/Export/Debug/Debug.bindings.h Line: 39)

Could not resolve cross-reference: No Verse.WeatherDef named RG_Drizzle found to give to RimWorld.WeatherCommonalityRecord RimWorld.WeatherCommonalityRecord 
(Filename: C:\buildslave\unity\build\Runtime/Export/Debug/Debug.bindings.h Line: 39)

Could not resolve cross-reference: No Verse.WeatherDef named RG_Windy found to give to RimWorld.WeatherCommonalityRecord RimWorld.WeatherCommonalityRecord 
(Filename: C:\buildslave\unity\build\Runtime/Export/Debug/Debug.bindings.h Line: 39)

Could not resolve cross-reference: No Verse.WeatherDef named RG_Hail found to give to RimWorld.WeatherCommonalityRecord RimWorld.WeatherCommonalityRecord 
(Filename: C:\buildslave\unity\build\Runtime/Export/Debug/Debug.bindings.h Line: 39)

Could not resolve cross-reference: No Verse.WeatherDef named RG_Overcast found to give to RimWorld.WeatherCommonalityRecord RimWorld.WeatherCommonalityRecord 
(Filename: C:\buildslave\unity\build\Runtime/Export/Debug/Debug.bindings.h Line: 39)

Could not resolve cross-reference: No Verse.WeatherDef named RG_FoggySnow found to give to RimWorld.WeatherCommonalityRecord RimWorld.WeatherCommonalityRecord 
(Filename: C:\buildslave\unity\build\Runtime/Export/Debug/Debug.bindings.h Line: 39)

Could not resolve cross-reference: No Verse.WeatherDef named RG_Hail found to give to RimWorld.WeatherCommonalityRecord RimWorld.WeatherCommonalityRecord 
(Filename: C:\buildslave\unity\build\Runtime/Export/Debug/Debug.bindings.h Line: 39)

Could not resolve cross-reference: No Verse.WeatherDef named RG_Overcast found to give to RimWorld.WeatherCommonalityRecord RimWorld.WeatherCommonalityRecord 
(Filename: C:\buildslave\unity\build\Runtime/Export/Debug/Debug.bindings.h Line: 39)

Could not resolve cross-reference: No Verse.WeatherDef named RG_FoggySnow found to give to RimWorld.WeatherCommonalityRecord RimWorld.WeatherCommonalityRecord 
(Filename: C:\buildslave\unity\build\Runtime/Export/Debug/Debug.bindings.h Line: 39)

Could not resolve cross-reference: No Verse.WeatherDef named RG_Windy found to give to RimWorld.WeatherCommonalityRecord RimWorld.WeatherCommonalityRecord 
(Filename: C:\buildslave\unity\build\Runtime/Export/Debug/Debug.bindings.h Line: 39)

Could not resolve cross-reference: No Verse.WeatherDef named RG_Blizzard found to give to RimWorld.WeatherCommonalityRecord RimWorld.WeatherCommonalityRecord 
(Filename: C:\buildslave\unity\build\Runtime/Export/Debug/Debug.bindings.h Line: 39)

Could not resolve cross-reference: No Verse.WeatherDef named RG_Hail found to give to RimWorld.WeatherCommonalityRecord RimWorld.WeatherCommonalityRecord 
(Filename: C:\buildslave\unity\build\Runtime/Export/Debug/Debug.bindings.h Line: 39)

Knowledge data was missing key Concept_SimpleSidearmsBasic. Adding it... 
(Filename: C:\buildslave\unity\build\Runtime/Export/Debug/Debug.bindings.h Line: 39)

Knowledge data was missing key Concept_SidearmsInInventory. Adding it... 
(Filename: C:\buildslave\unity\build\Runtime/Export/Debug/Debug.bindings.h Line: 39)

Knowledge data was missing key Concept_SidearmsPrimary. Adding it... 
(Filename: C:\buildslave\unity\build\Runtime/Export/Debug/Debug.bindings.h Line: 39)

Knowledge data was missing key Concept_SidearmsMissing. Adding it... 
(Filename: C:\buildslave\unity\build\Runtime/Export/Debug/Debug.bindings.h Line: 39)

Knowledge data was missing key Concept_SimpleSidearmsAdvanced. Adding it... 
(Filename: C:\buildslave\unity\build\Runtime/Export/Debug/Debug.bindings.h Line: 39)

Knowledge data was missing key Concept_SimpleSidearmsDropping. Adding it... 
(Filename: C:\buildslave\unity\build\Runtime/Export/Debug/Debug.bindings.h Line: 39)

Knowledge data was missing key Concept_CEOverride. Adding it... 
(Filename: C:\buildslave\unity\build\Runtime/Export/Debug/Debug.bindings.h Line: 39)

Knowledge data was missing key GuestBeds. Adding it... 
(Filename: C:\buildslave\unity\build\Runtime/Export/Debug/Debug.bindings.h Line: 39)

Knowledge data was missing key RecruitGuest. Adding it... 
(Filename: C:\buildslave\unity\build\Runtime/Export/Debug/Debug.bindings.h Line: 39)

Knowledge data was missing key GuestWork. Adding it... 
(Filename: C:\buildslave\unity\build\Runtime/Export/Debug/Debug.bindings.h Line: 39)

Knowledge data was missing key Hospitality. Adding it... 
(Filename: C:\buildslave\unity\build\Runtime/Export/Debug/Debug.bindings.h Line: 39)

Knowledge data was missing key RE_PrefabDoorStates. Adding it... 
(Filename: C:\buildslave\unity\build\Runtime/Export/Debug/Debug.bindings.h Line: 39)

Knowledge data was missing key RE_PrefabOutdoorLampsPower. Adding it... 
(Filename: C:\buildslave\unity\build\Runtime/Export/Debug/Debug.bindings.h Line: 39)

Knowledge data was missing key RE_PrefabWallLamps. Adding it... 
(Filename: C:\buildslave\unity\build\Runtime/Export/Debug/Debug.bindings.h Line: 39)

Knowledge data was missing key BuildersTryMine. Adding it... 
(Filename: C:\buildslave\unity\build\Runtime/Export/Debug/Debug.bindings.h Line: 39)

Knowledge data was missing key CE_ReusableNeolithicProjectiles. Adding it... 
(Filename: C:\buildslave\unity\build\Runtime/Export/Debug/Debug.bindings.h Line: 39)

Knowledge data was missing key CE_Reload. Adding it... 
(Filename: C:\buildslave\unity\build\Runtime/Export/Debug/Debug.bindings.h Line: 39)

Knowledge data was missing key CE_ReloadNoMag. Adding it... 
(Filename: C:\buildslave\unity\build\Runtime/Export/Debug/Debug.bindings.h Line: 39)

Knowledge data was missing key CE_ReloadAuto. Adding it... 
(Filename: C:\buildslave\unity\build\Runtime/Export/Debug/Debug.bindings.h Line: 39)

Knowledge data was missing key CE_ReloadManned. Adding it... 
(Filename: C:\buildslave\unity\build\Runtime/Export/Debug/Debug.bindings.h Line: 39)

Knowledge data was missing key CE_FireModes. Adding it... 
(Filename: C:\buildslave\unity\build\Runtime/Export/Debug/Debug.bindings.h Line: 39)

Knowledge data was missing key CE_AimModes. Adding it... 
(Filename: C:\buildslave\unity\build\Runtime/Export/Debug/Debug.bindings.h Line: 39)

Knowledge data was missing key CE_Spotting. Adding it... 
(Filename: C:\buildslave\unity\build\Runtime/Export/Debug/Debug.bindings.h Line: 39)

Knowledge data was missing key CE_MortarDirectFire. Adding it... 
(Filename: C:\buildslave\unity\build\Runtime/Export/Debug/Debug.bindings.h Line: 39)

Knowledge data was missing key CE_AimingSystem. Adding it... 
(Filename: C:\buildslave\unity\build\Runtime/Export/Debug/Debug.bindings.h Line: 39)

Knowledge data was missing key CE_Stabilizing. Adding it... 
(Filename: C:\buildslave\unity\build\Runtime/Export/Debug/Debug.bindings.h Line: 39)

Knowledge data was missing key CE_Shields. Adding it... 
(Filename: C:\buildslave\unity\build\Runtime/Export/Debug/Debug.bindings.h Line: 39)

Knowledge data was missing key CE_ArmorSystem. Adding it... 
(Filename: C:\buildslave\unity\build\Runtime/Export/Debug/Debug.bindings.h Line: 39)

Knowledge data was missing key CE_SuppressionReaction. Adding it... 
(Filename: C:\buildslave\unity\build\Runtime/Export/Debug/Debug.bindings.h Line: 39)

Knowledge data was missing key CE_Hunkering. Adding it... 
(Filename: C:\buildslave\unity\build\Runtime/Export/Debug/Debug.bindings.h Line: 39)

Knowledge data was missing key CE_WornBulk. Adding it... 
(Filename: C:\buildslave\unity\build\Runtime/Export/Debug/Debug.bindings.h Line: 39)

Knowledge data was missing key CE_Crouching. Adding it... 
(Filename: C:\buildslave\unity\build\Runtime/Export/Debug/Debug.bindings.h Line: 39)

Knowledge data was missing key CE_NightVision. Adding it... 
(Filename: C:\buildslave\unity\build\Runtime/Export/Debug/Debug.bindings.h Line: 39)

Knowledge data was missing key CE_MuzzleFlash. Adding it... 
(Filename: C:\buildslave\unity\build\Runtime/Export/Debug/Debug.bindings.h Line: 39)

Knowledge data was missing key CE_TargettedModes. Adding it... 
(Filename: C:\buildslave\unity\build\Runtime/Export/Debug/Debug.bindings.h Line: 39)

Knowledge data was missing key CE_Bipods. Adding it... 
(Filename: C:\buildslave\unity\build\Runtime/Export/Debug/Debug.bindings.h Line: 39)

Knowledge data was missing key CE_TargettedModesMelee. Adding it... 
(Filename: C:\buildslave\unity\build\Runtime/Export/Debug/Debug.bindings.h Line: 39)

Knowledge data was missing key CE_InventoryWeightBulk. Adding it... 
(Filename: C:\buildslave\unity\build\Runtime/Export/Debug/Debug.bindings.h Line: 39)

Knowledge data was missing key CE_Loadouts. Adding it... 
(Filename: C:\buildslave\unity\build\Runtime/Export/Debug/Debug.bindings.h Line: 39)

Knowledge data was missing key CE_AmmoCrafting. Adding it... 
(Filename: C:\buildslave\unity\build\Runtime/Export/Debug/Debug.bindings.h Line: 39)

Knowledge data was missing key CE_ObtainingFSX. Adding it... 
(Filename: C:\buildslave\unity\build\Runtime/Export/Debug/Debug.bindings.h Line: 39)

Knowledge data was missing key CE_ObtainingPrometheum. Adding it... 
(Filename: C:\buildslave\unity\build\Runtime/Export/Debug/Debug.bindings.h Line: 39)

Knowledge data was missing key CE_CentipedeArmor. Adding it... 
(Filename: C:\buildslave\unity\build\Runtime/Export/Debug/Debug.bindings.h Line: 39)

Knowledge data was missing key CE_AmmoSettings. Adding it... 
(Filename: C:\buildslave\unity\build\Runtime/Export/Debug/Debug.bindings.h Line: 39)

Knowledge data was missing key Concept_SimpleSidearmsBasic. Adding it... 
(Filename: C:\buildslave\unity\build\Runtime/Export/Debug/Debug.bindings.h Line: 39)

Knowledge data was missing key Concept_SidearmsInInventory. Adding it... 
(Filename: C:\buildslave\unity\build\Runtime/Export/Debug/Debug.bindings.h Line: 39)

Knowledge data was missing key Concept_SidearmsPrimary. Adding it... 
(Filename: C:\buildslave\unity\build\Runtime/Export/Debug/Debug.bindings.h Line: 39)

Knowledge data was missing key Concept_SidearmsMissing. Adding it... 
(Filename: C:\buildslave\unity\build\Runtime/Export/Debug/Debug.bindings.h Line: 39)

Knowledge data was missing key Concept_SimpleSidearmsAdvanced. Adding it... 
(Filename: C:\buildslave\unity\build\Runtime/Export/Debug/Debug.bindings.h Line: 39)

Knowledge data was missing key Concept_SimpleSidearmsDropping. Adding it... 
(Filename: C:\buildslave\unity\build\Runtime/Export/Debug/Debug.bindings.h Line: 39)

Knowledge data was missing key Concept_CEOverride. Adding it... 
(Filename: C:\buildslave\unity\build\Runtime/Export/Debug/Debug.bindings.h Line: 39)

Knowledge data was missing key GuestBeds. Adding it... 
(Filename: C:\buildslave\unity\build\Runtime/Export/Debug/Debug.bindings.h Line: 39)

Knowledge data was missing key RecruitGuest. Adding it... 
(Filename: C:\buildslave\unity\build\Runtime/Export/Debug/Debug.bindings.h Line: 39)

Knowledge data was missing key GuestWork. Adding it... 
(Filename: C:\buildslave\unity\build\Runtime/Export/Debug/Debug.bindings.h Line: 39)

Knowledge data was missing key Hospitality. Adding it... 
(Filename: C:\buildslave\unity\build\Runtime/Export/Debug/Debug.bindings.h Line: 39)

Knowledge data was missing key RE_PrefabDoorStates. Adding it... 
(Filename: C:\buildslave\unity\build\Runtime/Export/Debug/Debug.bindings.h Line: 39)

Knowledge data was missing key RE_PrefabOutdoorLampsPower. Adding it... 
(Filename: C:\buildslave\unity\build\Runtime/Export/Debug/Debug.bindings.h Line: 39)

Knowledge data was missing key RE_PrefabWallLamps. Adding it... 
(Filename: C:\buildslave\unity\build\Runtime/Export/Debug/Debug.bindings.h Line: 39)

Knowledge data was missing key BuildersTryMine. Adding it... 
(Filename: C:\buildslave\unity\build\Runtime/Export/Debug/Debug.bindings.h Line: 39)

Knowledge data was missing key CE_ReusableNeolithicProjectiles. Adding it... 
(Filename: C:\buildslave\unity\build\Runtime/Export/Debug/Debug.bindings.h Line: 39)

Knowledge data was missing key CE_Reload. Adding it... 
(Filename: C:\buildslave\unity\build\Runtime/Export/Debug/Debug.bindings.h Line: 39)

Knowledge data was missing key CE_ReloadNoMag. Adding it... 
(Filename: C:\buildslave\unity\build\Runtime/Export/Debug/Debug.bindings.h Line: 39)

Knowledge data was missing key CE_ReloadAuto. Adding it... 
(Filename: C:\buildslave\unity\build\Runtime/Export/Debug/Debug.bindings.h Line: 39)

Knowledge data was missing key CE_ReloadManned. Adding it... 
(Filename: C:\buildslave\unity\build\Runtime/Export/Debug/Debug.bindings.h Line: 39)

Knowledge data was missing key CE_FireModes. Adding it... 
(Filename: C:\buildslave\unity\build\Runtime/Export/Debug/Debug.bindings.h Line: 39)

Knowledge data was missing key CE_AimModes. Adding it... 
(Filename: C:\buildslave\unity\build\Runtime/Export/Debug/Debug.bindings.h Line: 39)

Knowledge data was missing key CE_Spotting. Adding it... 
(Filename: C:\buildslave\unity\build\Runtime/Export/Debug/Debug.bindings.h Line: 39)

Knowledge data was missing key CE_MortarDirectFire. Adding it... 
(Filename: C:\buildslave\unity\build\Runtime/Export/Debug/Debug.bindings.h Line: 39)

Knowledge data was missing key CE_AimingSystem. Adding it... 
(Filename: C:\buildslave\unity\build\Runtime/Export/Debug/Debug.bindings.h Line: 39)

Knowledge data was missing key CE_Stabilizing. Adding it... 
(Filename: C:\buildslave\unity\build\Runtime/Export/Debug/Debug.bindings.h Line: 39)

Knowledge data was missing key CE_Shields. Adding it... 
(Filename: C:\buildslave\unity\build\Runtime/Export/Debug/Debug.bindings.h Line: 39)

Knowledge data was missing key CE_ArmorSystem. Adding it... 
(Filename: C:\buildslave\unity\build\Runtime/Export/Debug/Debug.bindings.h Line: 39)

Knowledge data was missing key CE_SuppressionReaction. Adding it... 
(Filename: C:\buildslave\unity\build\Runtime/Export/Debug/Debug.bindings.h Line: 39)

Knowledge data was missing key CE_Hunkering. Adding it... 
(Filename: C:\buildslave\unity\build\Runtime/Export/Debug/Debug.bindings.h Line: 39)

Knowledge data was missing key CE_WornBulk. Adding it... 
(Filename: C:\buildslave\unity\build\Runtime/Export/Debug/Debug.bindings.h Line: 39)

Knowledge data was missing key CE_Crouching. Adding it... 
(Filename: C:\buildslave\unity\build\Runtime/Export/Debug/Debug.bindings.h Line: 39)

Knowledge data was missing key CE_NightVision. Adding it... 
(Filename: C:\buildslave\unity\build\Runtime/Export/Debug/Debug.bindings.h Line: 39)

Knowledge data was missing key CE_MuzzleFlash. Adding it... 
(Filename: C:\buildslave\unity\build\Runtime/Export/Debug/Debug.bindings.h Line: 39)

Knowledge data was missing key CE_TargettedModes. Adding it... 
(Filename: C:\buildslave\unity\build\Runtime/Export/Debug/Debug.bindings.h Line: 39)

Knowledge data was missing key CE_Bipods. Adding it... 
(Filename: C:\buildslave\unity\build\Runtime/Export/Debug/Debug.bindings.h Line: 39)

Knowledge data was missing key CE_TargettedModesMelee. Adding it... 
(Filename: C:\buildslave\unity\build\Runtime/Export/Debug/Debug.bindings.h Line: 39)

Knowledge data was missing key CE_InventoryWeightBulk. Adding it... 
(Filename: C:\buildslave\unity\build\Runtime/Export/Debug/Debug.bindings.h Line: 39)

Knowledge data was missing key CE_Loadouts. Adding it... 
(Filename: C:\buildslave\unity\build\Runtime/Export/Debug/Debug.bindings.h Line: 39)

Knowledge data was missing key CE_AmmoCrafting. Adding it... 
(Filename: C:\buildslave\unity\build\Runtime/Export/Debug/Debug.bindings.h Line: 39)

Knowledge data was missing key CE_ObtainingFSX. Adding it... 
(Filename: C:\buildslave\unity\build\Runtime/Export/Debug/Debug.bindings.h Line: 39)

Knowledge data was missing key CE_ObtainingPrometheum. Adding it... 
(Filename: C:\buildslave\unity\build\Runtime/Export/Debug/Debug.bindings.h Line: 39)

Knowledge data was missing key CE_CentipedeArmor. Adding it... 
(Filename: C:\buildslave\unity\build\Runtime/Export/Debug/Debug.bindings.h Line: 39)

Knowledge data was missing key CE_AmmoSettings. Adding it... 
(Filename: C:\buildslave\unity\build\Runtime/Export/Debug/Debug.bindings.h Line: 39)

Error while resolving references for def WeaponRetrieval: System.NullReferenceException: Object reference not set to an instance of an object
  at Verse.ThinkTreeDef.ResolveReferences () [0x00000] in <81af9f8a18324e17b286924a43555a7c>:0 
  at Verse.DefDatabase`1+<>c__DisplayClass15_0[T].<ResolveAllReferences>b__0 (T def) [0x0002f] in <81af9f8a18324e17b286924a43555a7c>:0  
(Filename: C:\buildslave\unity\build\Runtime/Export/Debug/Debug.bindings.h Line: 39)

<color=orange>[OskarObnoxious]</color> version 1.3.0010
Mod Share The Load did not load any content. Following load folders were used:
  - C:\Users\Axesys\Desktop\RimWorld.v1.3.3389\Mods\Share The Load\1.1
  - C:\Users\Axesys\Desktop\RimWorld.v1.3.3389\Mods\Share The Load 
(Filename: C:\buildslave\unity\build\Runtime/Export/Debug/Debug.bindings.h Line: 39)

Mod Project RimFactory Revived did not load any content. Following load folders were used:
  - C:\Users\Axesys\Desktop\RimWorld.v1.3.3389\Mods\Project RimFactory Revived\1.2
  - C:\Users\Axesys\Desktop\RimWorld.v1.3.3389\Mods\Project RimFactory Revived 
(Filename: C:\buildslave\unity\build\Runtime/Export/Debug/Debug.bindings.h Line: 39)

Mod Mortar Accuracy did not load any content. Following load folders were used:
  - C:\Users\Axesys\Desktop\RimWorld.v1.3.3389\Mods\Mortar Accuracy 
(Filename: C:\buildslave\unity\build\Runtime/Export/Debug/Debug.bindings.h Line: 39)

Texture DryadNestA has dimensions of 128 x 128, but its mask has 256 x 256. This is not supported, texture will be excluded from atlas 
(Filename: C:\buildslave\unity\build\Runtime/Export/Debug/Debug.bindings.h Line: 39)

Texture DryadNestA has dimensions of 128 x 128, but its mask has 256 x 256. This is not supported, texture will be excluded from atlas 
(Filename: C:\buildslave\unity\build\Runtime/Export/Debug/Debug.bindings.h Line: 39)

Translation data for language English has 125 errors. Generate translation report for more info. 
(Filename: C:\buildslave\unity\build\Runtime/Export/Debug/Debug.bindings.h Line: 39)

<color=orange>[CSG]</color> Symbols Creator Started.
<color=orange>[CSG]</color> Created 19881 symbolDefs for 5 mods. Took 00.03s.
[CMColorCodedMoodBar] CMColorCodedMoodBar 1.3.3136.1 initialized
[CMColorCodedMoodBar] Unable To Get Types For: SimpleSidearms, Version=1.0.0.0, Culture=neutral, PublicKeyToken=null 
(Filename: C:\buildslave\unity\build\Runtime/Export/Debug/Debug.bindings.h Line: 39)

[ShowDrafteesWeapon] Initialized
Error in static constructor of Rimefeller.Gizmo_CrackerStatus: System.TypeLoadException: Type Rimefeller.Gizmo_CrackerStatus has invalid vtable method slot 11 with method none
  at (wrapper managed-to-native) System.Runtime.CompilerServices.RuntimeHelpers.RunClassConstructor(intptr)
  at System.Runtime.CompilerServices.RuntimeHelpers.RunClassConstructor (System.RuntimeTypeHandle type) [0x0002a] in <eae584ce26bc40229c1b1aa476bfa589>:0 
  at Verse.StaticConstructorOnStartupUtility.CallAll () [0x0001a] in <81af9f8a18324e17b286924a43555a7c>:0  
(Filename: C:\buildslave\unity\build\Runtime/Export/Debug/Debug.bindings.h Line: 39)

Error in static constructor of Rimefeller.Gizmo_StorageTankGauge: System.TypeLoadException: Type Rimefeller.Gizmo_StorageTankGauge has invalid vtable method slot 11 with method none
  at (wrapper managed-to-native) System.Runtime.CompilerServices.RuntimeHelpers.RunClassConstructor(intptr)
  at System.Runtime.CompilerServices.RuntimeHelpers.RunClassConstructor (System.RuntimeTypeHandle type) [0x0002a] in <eae584ce26bc40229c1b1aa476bfa589>:0 
  at Verse.StaticConstructorOnStartupUtility.CallAll () [0x0001a] in <81af9f8a18324e17b286924a43555a7c>:0  
(Filename: C:\buildslave\unity\build\Runtime/Export/Debug/Debug.bindings.h Line: 39)

Wall Light: v1.3.7890.36463
Exception getting types in assembly Rimefeller, Version=1.2.7175.25675, Culture=neutral, PublicKeyToken=null. Some types may not work correctly. Exception: System.Reflection.ReflectionTypeLoadException: Exception of type 'System.Reflection.ReflectionTypeLoadException' was thrown.
  at (wrapper managed-to-native) System.Reflection.Assembly.GetTypes(System.Reflection.Assembly,bool)
  at System.Reflection.Assembly.GetTypes () [0x00000] in <eae584ce26bc40229c1b1aa476bfa589>:0 
  at Verse.GenTypes+<get_AllTypes>d__4.MoveNext () [0x0004a] in <81af9f8a18324e17b286924a43555a7c>:0  
(Filename: C:\buildslave\unity\build\Runtime/Export/Debug/Debug.bindings.h Line: 39)

[SRTS Expanded] Compatibility with Save our Ship 2 and Combat Extended are temporarily disabled at the moment. SoS2 compatibility will happen soon(ish), CE compatibility will not. 
(Filename: C:\buildslave\unity\build\Runtime/Export/Debug/Debug.bindings.h Line: 39)

[Spaceports] Fucking around with reflection and DBH...
[Spaceports] Okay, showtime!
[Spaceports] Hospitality FOUND, attempting to patch...
[Spaceports] Attempting to postfix Verse.AI.Group.LordMaker.MakeNewLord...
[Spaceports] Attempting to postfix Verse.AI.Group.LordManager.ExposeData...
[Spaceports] Attempting to prefix Hospitality.IncidentWorker_VisitorGroup.TryExecuteWorker...
[Spaceports] Hospitality + SOS2 not found, integration patches bypassed.
[Spaceports] Trader Ships/Themis Traders FOUND, attempting to patch...
[Spaceports] Attempting to postfix TraderShips.IncidentWorkerTraderShip.FindCloseLandingSpot...
[Soil Relocation 1.2.3] Initializing..
[ToggleablePatch] Processing 6 patches for "UdderlyEvelyn.SoilRelocation"..
[ToggleablePatch] Applying patches in patch group "Dubs Skylights Glass Uses Sand"..
[ToggleablePatch] Applying patch "Dubs Skylights Glass Uses Sand", patching Dubwise.DubsSkylights.SmeltGlass (Verse.RecipeDef)..
[ToggleablePatch] Applying patch "Dubs Skylights Glass 4x Uses Sand 4x", patching Dubwise.DubsSkylights.SmeltGlass4x (Verse.RecipeDef)..
[ToggleablePatch] Skipping application of patch "Glass+Lights Glass Uses Sand" because it cannot be applied.
[ToggleablePatch] Skipping application of patch "Just Glass Glass Uses Sand" because it cannot be applied.
[ToggleablePatch] Applying patch "Sandbags Use Sand", patching Sandbags (Verse.BuildableDef)..
[ToggleablePatch] Applying patch "Fungal Gravel Uses Raw Fungus", patching Ludeon.RimWorld.Ideology.FungalGravel (Verse.BuildableDef)..
[ToggleablePatch] Applying patch "VFE Architect Packed Dirt Costs Dirt", patching VanillaExpanded.VFEArchitect.VFEArch_PlayerPackedDirt (Verse.BuildableDef)..
Alien race successfully completed 180 patches with harmony.
[RealRuins][System]: RealRuins started patching at 10/9/2022 10:36:59 AM
[RealRuins][System]: RealRuins performing manual patching optional mods at 10/9/2022 10:36:59 AM
[RealRuins][System]: SRTS found, patching...
[RealRuins][System]: RealRuins finished patching at 10/9/2022 10:36:59 AM (19.6162 msec)
PickUpAndHaul v0.1.3.2 welcomes you to RimWorld with pointless logspam.
[Map Designer for 1.3] Initializing.... 
Found Map Reroll
[Map Designer] Finding biomes...
[Map Designer] Applying settings
[Map Designer] Terrain settings: Default
Locks: Doors expanded not found 
Locks: SoS2 not found 
[GLF] Applying compatibility patches for MapReroll.
CE successfully patched 0 animals
CE successfully patched 0 humanoid alien races
OnLevelWasLoaded was found on ModInitializerComponent
This message has been deprecated and will be removed in a later version of Unity.
Add a delegate to SceneManager.sceneLoaded instead to get notifications after scene loading has completed 
(Filename:  Line: 369)

Curl error 42: Callback aborted
 
(Filename:  Line: 853)

[AllowTool] Applied compatibility patch for "Pick Up And Haul"
  --> [What's That Mod] Took 1.91 seconds to scan all patches. <--
What's That Mod: Wrote to 9038 mod descriptions, 556 patched defs resolved.
What's That Mod took 1938 milliseconds to generate all def descriptions.
Combat Extended :: Ammo injected
Combat Extended :: Bounds pre-generated
[HugsLib] initializing LWM_DeepStorage, StackableChunks, Linkolas.Stabilize, Hospitality, RealisticRoomsRewritten, RealRuins, Psychology, com.github.alandariva.moreplanning, MapReroll, Autopsy, CashRegister, Gastronomy
[StackableChunks] Chunk Stacks set too: 15
[StackableChunks] Slag Stacks set too: 15
FactionDef VFEP_Mercenaries must have at least one pawnGroupMaker with kindDef 'Peaceful', or 'permanentEnemy', 'isPlayer' or 'hidden' should be set to true. Otherwise no guests from this faction will arrive. This is a misconfiguration in Vanilla Factions Expanded - Pirates. 
(Filename: C:\buildslave\unity\build\Runtime/Export/Debug/Debug.bindings.h Line: 39)

ThingDef RG_DustDevil has no thingClass. This is a misconfiguration in Regrowth Core Remastered. 
(Filename: C:\buildslave\unity\build\Runtime/Export/Debug/Debug.bindings.h Line: 39)

[MapReroll] Applied Prepare Carefully compatibility layer. Note: removing Prepare Carefully after starting a new game will now cause errors, but these can be safely ignored.
Exception getting types in assembly Rimefeller, Version=1.2.7175.25675, Culture=neutral, PublicKeyToken=null. Some types may not work correctly. Exception: System.Reflection.ReflectionTypeLoadException: Exception of type 'System.Reflection.ReflectionTypeLoadException' was thrown.
  at (wrapper managed-to-native) System.Reflection.Assembly.GetTypes(System.Reflection.Assembly,bool)
  at System.Reflection.Assembly.GetTypes () [0x00000] in <eae584ce26bc40229c1b1aa476bfa589>:0 
  at Verse.GenTypes+<get_AllTypes>d__4.MoveNext () [0x0004a] in <81af9f8a18324e17b286924a43555a7c>:0  
(Filename: C:\buildslave\unity\build\Runtime/Export/Debug/Debug.bindings.h Line: 39)

Exception getting types in assembly Rimefeller, Version=1.2.7175.25675, Culture=neutral, PublicKeyToken=null. Some types may not work correctly. Exception: System.Reflection.ReflectionTypeLoadException: Exception of type 'System.Reflection.ReflectionTypeLoadException' was thrown.
  at (wrapper managed-to-native) System.Reflection.Assembly.GetTypes(System.Reflection.Assembly,bool)
  at System.Reflection.Assembly.GetTypes () [0x00000] in <eae584ce26bc40229c1b1aa476bfa589>:0 
  at Verse.GenTypes+<get_AllTypes>d__4.MoveNext () [0x0004a] in <81af9f8a18324e17b286924a43555a7c>:0  
(Filename: C:\buildslave\unity\build\Runtime/Export/Debug/Debug.bindings.h Line: 39)

Exception getting types in assembly Rimefeller, Version=1.2.7175.25675, Culture=neutral, PublicKeyToken=null. Some types may not work correctly. Exception: System.Reflection.ReflectionTypeLoadException: Exception of type 'System.Reflection.ReflectionTypeLoadException' was thrown.
  at (wrapper managed-to-native) System.Reflection.Assembly.GetTypes(System.Reflection.Assembly,bool)
  at System.Reflection.Assembly.GetTypes () [0x00000] in <eae584ce26bc40229c1b1aa476bfa589>:0 
  at Verse.GenTypes+<get_AllTypes>d__4.MoveNext () [0x0004a] in <81af9f8a18324e17b286924a43555a7c>:0  
(Filename: C:\buildslave\unity\build\Runtime/Export/Debug/Debug.bindings.h Line: 39)

Unloading 5 Unused Serialized files (Serialized files now loaded: 3)
UnloadTime: 0.565700 ms
Exception getting types in assembly Rimefeller, Version=1.2.7175.25675, Culture=neutral, PublicKeyToken=null. Some types may not work correctly. Exception: System.Reflection.ReflectionTypeLoadException: Exception of type 'System.Reflection.ReflectionTypeLoadException' was thrown.
  at (wrapper managed-to-native) System.Reflection.Assembly.GetTypes(System.Reflection.Assembly,bool)
  at System.Reflection.Assembly.GetTypes () [0x00000] in <eae584ce26bc40229c1b1aa476bfa589>:0 
  at Verse.GenTypes+<get_AllTypes>d__4.MoveNext () [0x0004a] in <81af9f8a18324e17b286924a43555a7c>:0  
(Filename: C:\buildslave\unity\build\Runtime/Export/Debug/Debug.bindings.h Line: 39)

Exception getting types in assembly Rimefeller, Version=1.2.7175.25675, Culture=neutral, PublicKeyToken=null. Some types may not work correctly. Exception: System.Reflection.ReflectionTypeLoadException: Exception of type 'System.Reflection.ReflectionTypeLoadException' was thrown.
  at (wrapper managed-to-native) System.Reflection.Assembly.GetTypes(System.Reflection.Assembly,bool)
  at System.Reflection.Assembly.GetTypes () [0x00000] in <eae584ce26bc40229c1b1aa476bfa589>:0 
  at Verse.GenTypes+<get_AllTypes>d__4.MoveNext () [0x0004a] in <81af9f8a18324e17b286924a43555a7c>:0  
(Filename: C:\buildslave\unity\build\Runtime/Export/Debug/Debug.bindings.h Line: 39)

Exception getting types in assembly Rimefeller, Version=1.2.7175.25675, Culture=neutral, PublicKeyToken=null. Some types may not work correctly. Exception: System.Reflection.ReflectionTypeLoadException: Exception of type 'System.Reflection.ReflectionTypeLoadException' was thrown.
  at (wrapper managed-to-native) System.Reflection.Assembly.GetTypes(System.Reflection.Assembly,bool)
  at System.Reflection.Assembly.GetTypes () [0x00000] in <eae584ce26bc40229c1b1aa476bfa589>:0 
  at Verse.GenTypes+<get_AllTypes>d__4.MoveNext () [0x0004a] in <81af9f8a18324e17b286924a43555a7c>:0  
(Filename: C:\buildslave\unity\build\Runtime/Export/Debug/Debug.bindings.h Line: 39)

Exception getting types in assembly Rimefeller, Version=1.2.7175.25675, Culture=neutral, PublicKeyToken=null. Some types may not work correctly. Exception: System.Reflection.ReflectionTypeLoadException: Exception of type 'System.Reflection.ReflectionTypeLoadException' was thrown.
  at (wrapper managed-to-native) System.Reflection.Assembly.GetTypes(System.Reflection.Assembly,bool)
  at System.Reflection.Assembly.GetTypes () [0x00000] in <eae584ce26bc40229c1b1aa476bfa589>:0 
  at Verse.GenTypes+<get_AllTypes>d__4.MoveNext () [0x0004a] in <81af9f8a18324e17b286924a43555a7c>:0  
(Filename: C:\buildslave\unity\build\Runtime/Export/Debug/Debug.bindings.h Line: 39)

Exception getting types in assembly Rimefeller, Version=1.2.7175.25675, Culture=neutral, PublicKeyToken=null. Some types may not work correctly. Exception: System.Reflection.ReflectionTypeLoadException: Exception of type 'System.Reflection.ReflectionTypeLoadException' was thrown.
  at (wrapper managed-to-native) System.Reflection.Assembly.GetTypes(System.Reflection.Assembly,bool)
  at System.Reflection.Assembly.GetTypes () [0x00000] in <eae584ce26bc40229c1b1aa476bfa589>:0 
  at Verse.GenTypes+<get_AllTypes>d__4.MoveNext () [0x0004a] in <81af9f8a18324e17b286924a43555a7c>:0  
(Filename: C:\buildslave\unity\build\Runtime/Export/Debug/Debug.bindings.h Line: 39)

Exception getting types in assembly Rimefeller, Version=1.2.7175.25675, Culture=neutral, PublicKeyToken=null. Some types may not work correctly. Exception: System.Reflection.ReflectionTypeLoadException: Exception of type 'System.Reflection.ReflectionTypeLoadException' was thrown.
  at (wrapper managed-to-native) System.Reflection.Assembly.GetTypes(System.Reflection.Assembly,bool)
  at System.Reflection.Assembly.GetTypes () [0x00000] in <eae584ce26bc40229c1b1aa476bfa589>:0 
  at Verse.GenTypes+<get_AllTypes>d__4.MoveNext () [0x0004a] in <81af9f8a18324e17b286924a43555a7c>:0  
(Filename: C:\buildslave\unity\build\Runtime/Export/Debug/Debug.bindings.h Line: 39)

Exception getting types in assembly Rimefeller, Version=1.2.7175.25675, Culture=neutral, PublicKeyToken=null. Some types may not work correctly. Exception: System.Reflection.ReflectionTypeLoadException: Exception of type 'System.Reflection.ReflectionTypeLoadException' was thrown.
  at (wrapper managed-to-native) System.Reflection.Assembly.GetTypes(System.Reflection.Assembly,bool)
  at System.Reflection.Assembly.GetTypes () [0x00000] in <eae584ce26bc40229c1b1aa476bfa589>:0 
  at Verse.GenTypes+<get_AllTypes>d__4.MoveNext () [0x0004a] in <81af9f8a18324e17b286924a43555a7c>:0  
(Filename: C:\buildslave\unity\build\Runtime/Export/Debug/Debug.bindings.h Line: 39)

Exception getting types in assembly Rimefeller, Version=1.2.7175.25675, Culture=neutral, PublicKeyToken=null. Some types may not work correctly. Exception: System.Reflection.ReflectionTypeLoadException: Exception of type 'System.Reflection.ReflectionTypeLoadException' was thrown.
  at (wrapper managed-to-native) System.Reflection.Assembly.GetTypes(System.Reflection.Assembly,bool)
  at System.Reflection.Assembly.GetTypes () [0x00000] in <eae584ce26bc40229c1b1aa476bfa589>:0 
  at Verse.GenTypes+<get_AllTypes>d__4.MoveNext () [0x0004a] in <81af9f8a18324e17b286924a43555a7c>:0  
(Filename: C:\buildslave\unity\build\Runtime/Export/Debug/Debug.bindings.h Line: 39)

Exception getting types in assembly Rimefeller, Version=1.2.7175.25675, Culture=neutral, PublicKeyToken=null. Some types may not work correctly. Exception: System.Reflection.ReflectionTypeLoadException: Exception of type 'System.Reflection.ReflectionTypeLoadException' was thrown.
  at (wrapper managed-to-native) System.Reflection.Assembly.GetTypes(System.Reflection.Assembly,bool)
  at System.Reflection.Assembly.GetTypes () [0x00000] in <eae584ce26bc40229c1b1aa476bfa589>:0 
  at Verse.GenTypes+<get_AllTypes>d__4.MoveNext () [0x0004a] in <81af9f8a18324e17b286924a43555a7c>:0  
(Filename: C:\buildslave\unity\build\Runtime/Export/Debug/Debug.bindings.h Line: 39)

Exception getting types in assembly Rimefeller, Version=1.2.7175.25675, Culture=neutral, PublicKeyToken=null. Some types may not work correctly. Exception: System.Reflection.ReflectionTypeLoadException: Exception of type 'System.Reflection.ReflectionTypeLoadException' was thrown.
  at (wrapper managed-to-native) System.Reflection.Assembly.GetTypes(System.Reflection.Assembly,bool)
  at System.Reflection.Assembly.GetTypes () [0x00000] in <eae584ce26bc40229c1b1aa476bfa589>:0 
  at Verse.GenTypes+<get_AllTypes>d__4.MoveNext () [0x0004a] in <81af9f8a18324e17b286924a43555a7c>:0  
(Filename: C:\buildslave\unity\build\Runtime/Export/Debug/Debug.bindings.h Line: 39)

Exception getting types in assembly Rimefeller, Version=1.2.7175.25675, Culture=neutral, PublicKeyToken=null. Some types may not work correctly. Exception: System.Reflection.ReflectionTypeLoadException: Exception of type 'System.Reflection.ReflectionTypeLoadException' was thrown.
  at (wrapper managed-to-native) System.Reflection.Assembly.GetTypes(System.Reflection.Assembly,bool)
  at System.Reflection.Assembly.GetTypes () [0x00000] in <eae584ce26bc40229c1b1aa476bfa589>:0 
  at Verse.GenTypes+<get_AllTypes>d__4.MoveNext () [0x0004a] in <81af9f8a18324e17b286924a43555a7c>:0  
(Filename: C:\buildslave\unity\build\Runtime/Export/Debug/Debug.bindings.h Line: 39)

Exception getting types in assembly Rimefeller, Version=1.2.7175.25675, Culture=neutral, PublicKeyToken=null. Some types may not work correctly. Exception: System.Reflection.ReflectionTypeLoadException: Exception of type 'System.Reflection.ReflectionTypeLoadException' was thrown.
  at (wrapper managed-to-native) System.Reflection.Assembly.GetTypes(System.Reflection.Assembly,bool)
  at System.Reflection.Assembly.GetTypes () [0x00000] in <eae584ce26bc40229c1b1aa476bfa589>:0 
  at Verse.GenTypes+<get_AllTypes>d__4.MoveNext () [0x0004a] in <81af9f8a18324e17b286924a43555a7c>:0  
(Filename: C:\buildslave\unity\build\Runtime/Export/Debug/Debug.bindings.h Line: 39)

Exception getting types in assembly Rimefeller, Version=1.2.7175.25675, Culture=neutral, PublicKeyToken=null. Some types may not work correctly. Exception: System.Reflection.ReflectionTypeLoadException: Exception of type 'System.Reflection.ReflectionTypeLoadException' was thrown.
  at (wrapper managed-to-native) System.Reflection.Assembly.GetTypes(System.Reflection.Assembly,bool)
  at System.Reflection.Assembly.GetTypes () [0x00000] in <eae584ce26bc40229c1b1aa476bfa589>:0 
  at Verse.GenTypes+<get_AllTypes>d__4.MoveNext () [0x0004a] in <81af9f8a18324e17b286924a43555a7c>:0  
(Filename: C:\buildslave\unity\build\Runtime/Export/Debug/Debug.bindings.h Line: 39)

Exception getting types in assembly Rimefeller, Version=1.2.7175.25675, Culture=neutral, PublicKeyToken=null. Some types may not work correctly. Exception: System.Reflection.ReflectionTypeLoadException: Exception of type 'System.Reflection.ReflectionTypeLoadException' was thrown.
  at (wrapper managed-to-native) System.Reflection.Assembly.GetTypes(System.Reflection.Assembly,bool)
  at System.Reflection.Assembly.GetTypes () [0x00000] in <eae584ce26bc40229c1b1aa476bfa589>:0 
  at Verse.GenTypes+<get_AllTypes>d__4.MoveNext () [0x0004a] in <81af9f8a18324e17b286924a43555a7c>:0  
(Filename: C:\buildslave\unity\build\Runtime/Export/Debug/Debug.bindings.h Line: 39)

Exception getting types in assembly Rimefeller, Version=1.2.7175.25675, Culture=neutral, PublicKeyToken=null. Some types may not work correctly. Exception: System.Reflection.ReflectionTypeLoadException: Exception of type 'System.Reflection.ReflectionTypeLoadException' was thrown.
  at (wrapper managed-to-native) System.Reflection.Assembly.GetTypes(System.Reflection.Assembly,bool)
  at System.Reflection.Assembly.GetTypes () [0x00000] in <eae584ce26bc40229c1b1aa476bfa589>:0 
  at Verse.GenTypes+<get_AllTypes>d__4.MoveNext () [0x0004a] in <81af9f8a18324e17b286924a43555a7c>:0  
(Filename: C:\buildslave\unity\build\Runtime/Export/Debug/Debug.bindings.h Line: 39)

Exception getting types in assembly Rimefeller, Version=1.2.7175.25675, Culture=neutral, PublicKeyToken=null. Some types may not work correctly. Exception: System.Reflection.ReflectionTypeLoadException: Exception of type 'System.Reflection.ReflectionTypeLoadException' was thrown.
  at (wrapper managed-to-native) System.Reflection.Assembly.GetTypes(System.Reflection.Assembly,bool)
  at System.Reflection.Assembly.GetTypes () [0x00000] in <eae584ce26bc40229c1b1aa476bfa589>:0 
  at Verse.GenTypes+<get_AllTypes>d__4.MoveNext () [0x0004a] in <81af9f8a18324e17b286924a43555a7c>:0  
(Filename: C:\buildslave\unity\build\Runtime/Export/Debug/Debug.bindings.h Line: 39)

Exception getting types in assembly Rimefeller, Version=1.2.7175.25675, Culture=neutral, PublicKeyToken=null. Some types may not work correctly. Exception: System.Reflection.ReflectionTypeLoadException: Exception of type 'System.Reflection.ReflectionTypeLoadException' was thrown.
  at (wrapper managed-to-native) System.Reflection.Assembly.GetTypes(System.Reflection.Assembly,bool)
  at System.Reflection.Assembly.GetTypes () [0x00000] in <eae584ce26bc40229c1b1aa476bfa589>:0 
  at Verse.GenTypes+<get_AllTypes>d__4.MoveNext () [0x0004a] in <81af9f8a18324e17b286924a43555a7c>:0  
(Filename: C:\buildslave\unity\build\Runtime/Export/Debug/Debug.bindings.h Line: 39)

Exception getting types in assembly Rimefeller, Version=1.2.7175.25675, Culture=neutral, PublicKeyToken=null. Some types may not work correctly. Exception: System.Reflection.ReflectionTypeLoadException: Exception of type 'System.Reflection.ReflectionTypeLoadException' was thrown.
  at (wrapper managed-to-native) System.Reflection.Assembly.GetTypes(System.Reflection.Assembly,bool)
  at System.Reflection.Assembly.GetTypes () [0x00000] in <eae584ce26bc40229c1b1aa476bfa589>:0 
  at Verse.GenTypes+<get_AllTypes>d__4.MoveNext () [0x0004a] in <81af9f8a18324e17b286924a43555a7c>:0  
(Filename: C:\buildslave\unity\build\Runtime/Export/Debug/Debug.bindings.h Line: 39)

Exception getting types in assembly Rimefeller, Version=1.2.7175.25675, Culture=neutral, PublicKeyToken=null. Some types may not work correctly. Exception: System.Reflection.ReflectionTypeLoadException: Exception of type 'System.Reflection.ReflectionTypeLoadException' was thrown.
  at (wrapper managed-to-native) System.Reflection.Assembly.GetTypes(System.Reflection.Assembly,bool)
  at System.Reflection.Assembly.GetTypes () [0x00000] in <eae584ce26bc40229c1b1aa476bfa589>:0 
  at Verse.GenTypes+<get_AllTypes>d__4.MoveNext () [0x0004a] in <81af9f8a18324e17b286924a43555a7c>:0  
(Filename: C:\buildslave\unity\build\Runtime/Export/Debug/Debug.bindings.h Line: 39)

Exception getting types in assembly Rimefeller, Version=1.2.7175.25675, Culture=neutral, PublicKeyToken=null. Some types may not work correctly. Exception: System.Reflection.ReflectionTypeLoadException: Exception of type 'System.Reflection.ReflectionTypeLoadException' was thrown.
  at (wrapper managed-to-native) System.Reflection.Assembly.GetTypes(System.Reflection.Assembly,bool)
  at System.Reflection.Assembly.GetTypes () [0x00000] in <eae584ce26bc40229c1b1aa476bfa589>:0 
  at Verse.GenTypes+<get_AllTypes>d__4.MoveNext () [0x0004a] in <81af9f8a18324e17b286924a43555a7c>:0  
(Filename: C:\buildslave\unity\build\Runtime/Export/Debug/Debug.bindings.h Line: 39)

Exception getting types in assembly Rimefeller, Version=1.2.7175.25675, Culture=neutral, PublicKeyToken=null. Some types may not work correctly. Exception: System.Reflection.ReflectionTypeLoadException: Exception of type 'System.Reflection.ReflectionTypeLoadException' was thrown.
  at (wrapper managed-to-native) System.Reflection.Assembly.GetTypes(System.Reflection.Assembly,bool)
  at System.Reflection.Assembly.GetTypes () [0x00000] in <eae584ce26bc40229c1b1aa476bfa589>:0 
  at Verse.GenTypes+<get_AllTypes>d__4.MoveNext () [0x0004a] in <81af9f8a18324e17b286924a43555a7c>:0  
(Filename: C:\buildslave\unity\build\Runtime/Export/Debug/Debug.bindings.h Line: 39)

Exception getting types in assembly Rimefeller, Version=1.2.7175.25675, Culture=neutral, PublicKeyToken=null. Some types may not work correctly. Exception: System.Reflection.ReflectionTypeLoadException: Exception of type 'System.Reflection.ReflectionTypeLoadException' was thrown.
  at (wrapper managed-to-native) System.Reflection.Assembly.GetTypes(System.Reflection.Assembly,bool)
  at System.Reflection.Assembly.GetTypes () [0x00000] in <eae584ce26bc40229c1b1aa476bfa589>:0 
  at Verse.GenTypes+<get_AllTypes>d__4.MoveNext () [0x0004a] in <81af9f8a18324e17b286924a43555a7c>:0  
(Filename: C:\buildslave\unity\build\Runtime/Export/Debug/Debug.bindings.h Line: 39)

Exception getting types in assembly Rimefeller, Version=1.2.7175.25675, Culture=neutral, PublicKeyToken=null. Some types may not work correctly. Exception: System.Reflection.ReflectionTypeLoadException: Exception of type 'System.Reflection.ReflectionTypeLoadException' was thrown.
  at (wrapper managed-to-native) System.Reflection.Assembly.GetTypes(System.Reflection.Assembly,bool)
  at System.Reflection.Assembly.GetTypes () [0x00000] in <eae584ce26bc40229c1b1aa476bfa589>:0 
  at Verse.GenTypes+<get_AllTypes>d__4.MoveNext () [0x0004a] in <81af9f8a18324e17b286924a43555a7c>:0  
(Filename: C:\buildslave\unity\build\Runtime/Export/Debug/Debug.bindings.h Line: 39)

Exception getting types in assembly Rimefeller, Version=1.2.7175.25675, Culture=neutral, PublicKeyToken=null. Some types may not work correctly. Exception: System.Reflection.ReflectionTypeLoadException: Exception of type 'System.Reflection.ReflectionTypeLoadException' was thrown.
  at (wrapper managed-to-native) System.Reflection.Assembly.GetTypes(System.Reflection.Assembly,bool)
  at System.Reflection.Assembly.GetTypes () [0x00000] in <eae584ce26bc40229c1b1aa476bfa589>:0 
  at Verse.GenTypes+<get_AllTypes>d__4.MoveNext () [0x0004a] in <81af9f8a18324e17b286924a43555a7c>:0  
(Filename: C:\buildslave\unity\build\Runtime/Export/Debug/Debug.bindings.h Line: 39)

Exception getting types in assembly Rimefeller, Version=1.2.7175.25675, Culture=neutral, PublicKeyToken=null. Some types may not work correctly. Exception: System.Reflection.ReflectionTypeLoadException: Exception of type 'System.Reflection.ReflectionTypeLoadException' was thrown.
  at (wrapper managed-to-native) System.Reflection.Assembly.GetTypes(System.Reflection.Assembly,bool)
  at System.Reflection.Assembly.GetTypes () [0x00000] in <eae584ce26bc40229c1b1aa476bfa589>:0 
  at Verse.GenTypes+<get_AllTypes>d__4.MoveNext () [0x0004a] in <81af9f8a18324e17b286924a43555a7c>:0  
(Filename: C:\buildslave\unity\build\Runtime/Export/Debug/Debug.bindings.h Line: 39)

Exception getting types in assembly Rimefeller, Version=1.2.7175.25675, Culture=neutral, PublicKeyToken=null. Some types may not work correctly. Exception: System.Reflection.ReflectionTypeLoadException: Exception of type 'System.Reflection.ReflectionTypeLoadException' was thrown.
  at (wrapper managed-to-native) System.Reflection.Assembly.GetTypes(System.Reflection.Assembly,bool)
  at System.Reflection.Assembly.GetTypes () [0x00000] in <eae584ce26bc40229c1b1aa476bfa589>:0 
  at Verse.GenTypes+<get_AllTypes>d__4.MoveNext () [0x0004a] in <81af9f8a18324e17b286924a43555a7c>:0  
(Filename: C:\buildslave\unity\build\Runtime/Export/Debug/Debug.bindings.h Line: 39)

Exception getting types in assembly Rimefeller, Version=1.2.7175.25675, Culture=neutral, PublicKeyToken=null. Some types may not work correctly. Exception: System.Reflection.ReflectionTypeLoadException: Exception of type 'System.Reflection.ReflectionTypeLoadException' was thrown.
  at (wrapper managed-to-native) System.Reflection.Assembly.GetTypes(System.Reflection.Assembly,bool)
  at System.Reflection.Assembly.GetTypes () [0x00000] in <eae584ce26bc40229c1b1aa476bfa589>:0 
  at Verse.GenTypes+<get_AllTypes>d__4.MoveNext () [0x0004a] in <81af9f8a18324e17b286924a43555a7c>:0  
(Filename: C:\buildslave\unity\build\Runtime/Export/Debug/Debug.bindings.h Line: 39)

Exception getting types in assembly Rimefeller, Version=1.2.7175.25675, Culture=neutral, PublicKeyToken=null. Some types may not work correctly. Exception: System.Reflection.ReflectionTypeLoadException: Exception of type 'System.Reflection.ReflectionTypeLoadException' was thrown.
  at (wrapper managed-to-native) System.Reflection.Assembly.GetTypes(System.Reflection.Assembly,bool)
  at System.Reflection.Assembly.GetTypes () [0x00000] in <eae584ce26bc40229c1b1aa476bfa589>:0 
  at Verse.GenTypes+<get_AllTypes>d__4.MoveNext () [0x0004a] in <81af9f8a18324e17b286924a43555a7c>:0  
(Filename: C:\buildslave\unity\build\Runtime/Export/Debug/Debug.bindings.h Line: 39)

Exception getting types in assembly Rimefeller, Version=1.2.7175.25675, Culture=neutral, PublicKeyToken=null. Some types may not work correctly. Exception: System.Reflection.ReflectionTypeLoadException: Exception of type 'System.Reflection.ReflectionTypeLoadException' was thrown.
  at (wrapper managed-to-native) System.Reflection.Assembly.GetTypes(System.Reflection.Assembly,bool)
  at System.Reflection.Assembly.GetTypes () [0x00000] in <eae584ce26bc40229c1b1aa476bfa589>:0 
  at Verse.GenTypes+<get_AllTypes>d__4.MoveNext () [0x0004a] in <81af9f8a18324e17b286924a43555a7c>:0  
(Filename: C:\buildslave\unity\build\Runtime/Export/Debug/Debug.bindings.h Line: 39)

Exception getting types in assembly Rimefeller, Version=1.2.7175.25675, Culture=neutral, PublicKeyToken=null. Some types may not work correctly. Exception: System.Reflection.ReflectionTypeLoadException: Exception of type 'System.Reflection.ReflectionTypeLoadException' was thrown.
  at (wrapper managed-to-native) System.Reflection.Assembly.GetTypes(System.Reflection.Assembly,bool)
  at System.Reflection.Assembly.GetTypes () [0x00000] in <eae584ce26bc40229c1b1aa476bfa589>:0 
  at Verse.GenTypes+<get_AllTypes>d__4.MoveNext () [0x0004a] in <81af9f8a18324e17b286924a43555a7c>:0  
(Filename: C:\buildslave\unity\build\Runtime/Export/Debug/Debug.bindings.h Line: 39)

Exception getting types in assembly Rimefeller, Version=1.2.7175.25675, Culture=neutral, PublicKeyToken=null. Some types may not work correctly. Exception: System.Reflection.ReflectionTypeLoadException: Exception of type 'System.Reflection.ReflectionTypeLoadException' was thrown.
  at (wrapper managed-to-native) System.Reflection.Assembly.GetTypes(System.Reflection.Assembly,bool)
  at System.Reflection.Assembly.GetTypes () [0x00000] in <eae584ce26bc40229c1b1aa476bfa589>:0 
  at Verse.GenTypes+<get_AllTypes>d__4.MoveNext () [0x0004a] in <81af9f8a18324e17b286924a43555a7c>:0  
(Filename: C:\buildslave\unity\build\Runtime/Export/Debug/Debug.bindings.h Line: 39)

Exception getting types in assembly Rimefeller, Version=1.2.7175.25675, Culture=neutral, PublicKeyToken=null. Some types may not work correctly. Exception: System.Reflection.ReflectionTypeLoadException: Exception of type 'System.Reflection.ReflectionTypeLoadException' was thrown.
  at (wrapper managed-to-native) System.Reflection.Assembly.GetTypes(System.Reflection.Assembly,bool)
  at System.Reflection.Assembly.GetTypes () [0x00000] in <eae584ce26bc40229c1b1aa476bfa589>:0 
  at Verse.GenTypes+<get_AllTypes>d__4.MoveNext () [0x0004a] in <81af9f8a18324e17b286924a43555a7c>:0  
(Filename: C:\buildslave\unity\build\Runtime/Export/Debug/Debug.bindings.h Line: 39)

Exception getting types in assembly Rimefeller, Version=1.2.7175.25675, Culture=neutral, PublicKeyToken=null. Some types may not work correctly. Exception: System.Reflection.ReflectionTypeLoadException: Exception of type 'System.Reflection.ReflectionTypeLoadException' was thrown.
  at (wrapper managed-to-native) System.Reflection.Assembly.GetTypes(System.Reflection.Assembly,bool)
  at System.Reflection.Assembly.GetTypes () [0x00000] in <eae584ce26bc40229c1b1aa476bfa589>:0 
  at Verse.GenTypes+<get_AllTypes>d__4.MoveNext () [0x0004a] in <81af9f8a18324e17b286924a43555a7c>:0  
(Filename: C:\buildslave\unity\build\Runtime/Export/Debug/Debug.bindings.h Line: 39)

Exception getting types in assembly Rimefeller, Version=1.2.7175.25675, Culture=neutral, PublicKeyToken=null. Some types may not work correctly. Exception: System.Reflection.ReflectionTypeLoadException: Exception of type 'System.Reflection.ReflectionTypeLoadException' was thrown.
  at (wrapper managed-to-native) System.Reflection.Assembly.GetTypes(System.Reflection.Assembly,bool)
  at System.Reflection.Assembly.GetTypes () [0x00000] in <eae584ce26bc40229c1b1aa476bfa589>:0 
  at Verse.GenTypes+<get_AllTypes>d__4.MoveNext () [0x0004a] in <81af9f8a18324e17b286924a43555a7c>:0  
(Filename: C:\buildslave\unity\build\Runtime/Export/Debug/Debug.bindings.h Line: 39)

Exception getting types in assembly Rimefeller, Version=1.2.7175.25675, Culture=neutral, PublicKeyToken=null. Some types may not work correctly. Exception: System.Reflection.ReflectionTypeLoadException: Exception of type 'System.Reflection.ReflectionTypeLoadException' was thrown.
  at (wrapper managed-to-native) System.Reflection.Assembly.GetTypes(System.Reflection.Assembly,bool)
  at System.Reflection.Assembly.GetTypes () [0x00000] in <eae584ce26bc40229c1b1aa476bfa589>:0 
  at Verse.GenTypes+<get_AllTypes>d__4.MoveNext () [0x0004a] in <81af9f8a18324e17b286924a43555a7c>:0  
(Filename: C:\buildslave\unity\build\Runtime/Export/Debug/Debug.bindings.h Line: 39)

Exception getting types in assembly Rimefeller, Version=1.2.7175.25675, Culture=neutral, PublicKeyToken=null. Some types may not work correctly. Exception: System.Reflection.ReflectionTypeLoadException: Exception of type 'System.Reflection.ReflectionTypeLoadException' was thrown.
  at (wrapper managed-to-native) System.Reflection.Assembly.GetTypes(System.Reflection.Assembly,bool)
  at System.Reflection.Assembly.GetTypes () [0x00000] in <eae584ce26bc40229c1b1aa476bfa589>:0 
  at Verse.GenTypes+<get_AllTypes>d__4.MoveNext () [0x0004a] in <81af9f8a18324e17b286924a43555a7c>:0  
(Filename: C:\buildslave\unity\build\Runtime/Export/Debug/Debug.bindings.h Line: 39)

Exception getting types in assembly Rimefeller, Version=1.2.7175.25675, Culture=neutral, PublicKeyToken=null. Some types may not work correctly. Exception: System.Reflection.ReflectionTypeLoadException: Exception of type 'System.Reflection.ReflectionTypeLoadException' was thrown.
  at (wrapper managed-to-native) System.Reflection.Assembly.GetTypes(System.Reflection.Assembly,bool)
  at System.Reflection.Assembly.GetTypes () [0x00000] in <eae584ce26bc40229c1b1aa476bfa589>:0 
  at Verse.GenTypes+<get_AllTypes>d__4.MoveNext () [0x0004a] in <81af9f8a18324e17b286924a43555a7c>:0  
(Filename: C:\buildslave\unity\build\Runtime/Export/Debug/Debug.bindings.h Line: 39)

Exception getting types in assembly Rimefeller, Version=1.2.7175.25675, Culture=neutral, PublicKeyToken=null. Some types may not work correctly. Exception: System.Reflection.ReflectionTypeLoadException: Exception of type 'System.Reflection.ReflectionTypeLoadException' was thrown.
  at (wrapper managed-to-native) System.Reflection.Assembly.GetTypes(System.Reflection.Assembly,bool)
  at System.Reflection.Assembly.GetTypes () [0x00000] in <eae584ce26bc40229c1b1aa476bfa589>:0 
  at Verse.GenTypes+<get_AllTypes>d__4.MoveNext () [0x0004a] in <81af9f8a18324e17b286924a43555a7c>:0  
(Filename: C:\buildslave\unity\build\Runtime/Export/Debug/Debug.bindings.h Line: 39)

Exception getting types in assembly Rimefeller, Version=1.2.7175.25675, Culture=neutral, PublicKeyToken=null. Some types may not work correctly. Exception: System.Reflection.ReflectionTypeLoadException: Exception of type 'System.Reflection.ReflectionTypeLoadException' was thrown.
  at (wrapper managed-to-native) System.Reflection.Assembly.GetTypes(System.Reflection.Assembly,bool)
  at System.Reflection.Assembly.GetTypes () [0x00000] in <eae584ce26bc40229c1b1aa476bfa589>:0 
  at Verse.GenTypes+<get_AllTypes>d__4.MoveNext () [0x0004a] in <81af9f8a18324e17b286924a43555a7c>:0  
(Filename: C:\buildslave\unity\build\Runtime/Export/Debug/Debug.bindings.h Line: 39)

Exception getting types in assembly Rimefeller, Version=1.2.7175.25675, Culture=neutral, PublicKeyToken=null. Some types may not work correctly. Exception: System.Reflection.ReflectionTypeLoadException: Exception of type 'System.Reflection.ReflectionTypeLoadException' was thrown.
  at (wrapper managed-to-native) System.Reflection.Assembly.GetTypes(System.Reflection.Assembly,bool)
  at System.Reflection.Assembly.GetTypes () [0x00000] in <eae584ce26bc40229c1b1aa476bfa589>:0 
  at Verse.GenTypes+<get_AllTypes>d__4.MoveNext () [0x0004a] in <81af9f8a18324e17b286924a43555a7c>:0  
(Filename: C:\buildslave\unity\build\Runtime/Export/Debug/Debug.bindings.h Line: 39)

Exception getting types in assembly Rimefeller, Version=1.2.7175.25675, Culture=neutral, PublicKeyToken=null. Some types may not work correctly. Exception: System.Reflection.ReflectionTypeLoadException: Exception of type 'System.Reflection.ReflectionTypeLoadException' was thrown.
  at (wrapper managed-to-native) System.Reflection.Assembly.GetTypes(System.Reflection.Assembly,bool)
  at System.Reflection.Assembly.GetTypes () [0x00000] in <eae584ce26bc40229c1b1aa476bfa589>:0 
  at Verse.GenTypes+<get_AllTypes>d__4.MoveNext () [0x0004a] in <81af9f8a18324e17b286924a43555a7c>:0  
(Filename: C:\buildslave\unity\build\Runtime/Export/Debug/Debug.bindings.h Line: 39)

Exception getting types in assembly Rimefeller, Version=1.2.7175.25675, Culture=neutral, PublicKeyToken=null. Some types may not work correctly. Exception: System.Reflection.ReflectionTypeLoadException: Exception of type 'System.Reflection.ReflectionTypeLoadException' was thrown.
  at (wrapper managed-to-native) System.Reflection.Assembly.GetTypes(System.Reflection.Assembly,bool)
  at System.Reflection.Assembly.GetTypes () [0x00000] in <eae584ce26bc40229c1b1aa476bfa589>:0 
  at Verse.GenTypes+<get_AllTypes>d__4.MoveNext () [0x0004a] in <81af9f8a18324e17b286924a43555a7c>:0  
(Filename: C:\buildslave\unity\build\Runtime/Export/Debug/Debug.bindings.h Line: 39)

Exception getting types in assembly Rimefeller, Version=1.2.7175.25675, Culture=neutral, PublicKeyToken=null. Some types may not work correctly. Exception: System.Reflection.ReflectionTypeLoadException: Exception of type 'System.Reflection.ReflectionTypeLoadException' was thrown.
  at (wrapper managed-to-native) System.Reflection.Assembly.GetTypes(System.Reflection.Assembly,bool)
  at System.Reflection.Assembly.GetTypes () [0x00000] in <eae584ce26bc40229c1b1aa476bfa589>:0 
  at Verse.GenTypes+<get_AllTypes>d__4.MoveNext () [0x0004a] in <81af9f8a18324e17b286924a43555a7c>:0  
(Filename: C:\buildslave\unity\build\Runtime/Export/Debug/Debug.bindings.h Line: 39)

Exception getting types in assembly Rimefeller, Version=1.2.7175.25675, Culture=neutral, PublicKeyToken=null. Some types may not work correctly. Exception: System.Reflection.ReflectionTypeLoadException: Exception of type 'System.Reflection.ReflectionTypeLoadException' was thrown.
  at (wrapper managed-to-native) System.Reflection.Assembly.GetTypes(System.Reflection.Assembly,bool)
  at System.Reflection.Assembly.GetTypes () [0x00000] in <eae584ce26bc40229c1b1aa476bfa589>:0 
  at Verse.GenTypes+<get_AllTypes>d__4.MoveNext () [0x0004a] in <81af9f8a18324e17b286924a43555a7c>:0  
(Filename: C:\buildslave\unity\build\Runtime/Export/Debug/Debug.bindings.h Line: 39)

Exception getting types in assembly Rimefeller, Version=1.2.7175.25675, Culture=neutral, PublicKeyToken=null. Some types may not work correctly. Exception: System.Reflection.ReflectionTypeLoadException: Exception of type 'System.Reflection.ReflectionTypeLoadException' was thrown.
  at (wrapper managed-to-native) System.Reflection.Assembly.GetTypes(System.Reflection.Assembly,bool)
  at System.Reflection.Assembly.GetTypes () [0x00000] in <eae584ce26bc40229c1b1aa476bfa589>:0 
  at Verse.GenTypes+<get_AllTypes>d__4.MoveNext () [0x0004a] in <81af9f8a18324e17b286924a43555a7c>:0  
(Filename: C:\buildslave\unity\build\Runtime/Export/Debug/Debug.bindings.h Line: 39)

Exception getting types in assembly Rimefeller, Version=1.2.7175.25675, Culture=neutral, PublicKeyToken=null. Some types may not work correctly. Exception: System.Reflection.ReflectionTypeLoadException: Exception of type 'System.Reflection.ReflectionTypeLoadException' was thrown.
  at (wrapper managed-to-native) System.Reflection.Assembly.GetTypes(System.Reflection.Assembly,bool)
  at System.Reflection.Assembly.GetTypes () [0x00000] in <eae584ce26bc40229c1b1aa476bfa589>:0 
  at Verse.GenTypes+<get_AllTypes>d__4.MoveNext () [0x0004a] in <81af9f8a18324e17b286924a43555a7c>:0  
(Filename: C:\buildslave\unity\build\Runtime/Export/Debug/Debug.bindings.h Line: 39)

Exception getting types in assembly Rimefeller, Version=1.2.7175.25675, Culture=neutral, PublicKeyToken=null. Some types may not work correctly. Exception: System.Reflection.ReflectionTypeLoadException: Exception of type 'System.Reflection.ReflectionTypeLoadException' was thrown.
  at (wrapper managed-to-native) System.Reflection.Assembly.GetTypes(System.Reflection.Assembly,bool)
  at System.Reflection.Assembly.GetTypes () [0x00000] in <eae584ce26bc40229c1b1aa476bfa589>:0 
  at Verse.GenTypes+<get_AllTypes>d__4.MoveNext () [0x0004a] in <81af9f8a18324e17b286924a43555a7c>:0  
(Filename: C:\buildslave\unity\build\Runtime/Export/Debug/Debug.bindings.h Line: 39)

Exception getting types in assembly Rimefeller, Version=1.2.7175.25675, Culture=neutral, PublicKeyToken=null. Some types may not work correctly. Exception: System.Reflection.ReflectionTypeLoadException: Exception of type 'System.Reflection.ReflectionTypeLoadException' was thrown.
  at (wrapper managed-to-native) System.Reflection.Assembly.GetTypes(System.Reflection.Assembly,bool)
  at System.Reflection.Assembly.GetTypes () [0x00000] in <eae584ce26bc40229c1b1aa476bfa589>:0 
  at Verse.GenTypes+<get_AllTypes>d__4.MoveNext () [0x0004a] in <81af9f8a18324e17b286924a43555a7c>:0  
(Filename: C:\buildslave\unity\build\Runtime/Export/Debug/Debug.bindings.h Line: 39)

Exception getting types in assembly Rimefeller, Version=1.2.7175.25675, Culture=neutral, PublicKeyToken=null. Some types may not work correctly. Exception: System.Reflection.ReflectionTypeLoadException: Exception of type 'System.Reflection.ReflectionTypeLoadException' was thrown.
  at (wrapper managed-to-native) System.Reflection.Assembly.GetTypes(System.Reflection.Assembly,bool)
  at System.Reflection.Assembly.GetTypes () [0x00000] in <eae584ce26bc40229c1b1aa476bfa589>:0 
  at Verse.GenTypes+<get_AllTypes>d__4.MoveNext () [0x0004a] in <81af9f8a18324e17b286924a43555a7c>:0  
(Filename: C:\buildslave\unity\build\Runtime/Export/Debug/Debug.bindings.h Line: 39)

Exception getting types in assembly Rimefeller, Version=1.2.7175.25675, Culture=neutral, PublicKeyToken=null. Some types may not work correctly. Exception: System.Reflection.ReflectionTypeLoadException: Exception of type 'System.Reflection.ReflectionTypeLoadException' was thrown.
  at (wrapper managed-to-native) System.Reflection.Assembly.GetTypes(System.Reflection.Assembly,bool)
  at System.Reflection.Assembly.GetTypes () [0x00000] in <eae584ce26bc40229c1b1aa476bfa589>:0 
  at Verse.GenTypes+<get_AllTypes>d__4.MoveNext () [0x0004a] in <81af9f8a18324e17b286924a43555a7c>:0  
(Filename: C:\buildslave\unity\build\Runtime/Export/Debug/Debug.bindings.h Line: 39)

Exception getting types in assembly Rimefeller, Version=1.2.7175.25675, Culture=neutral, PublicKeyToken=null. Some types may not work correctly. Exception: System.Reflection.ReflectionTypeLoadException: Exception of type 'System.Reflection.ReflectionTypeLoadException' was thrown.
  at (wrapper managed-to-native) System.Reflection.Assembly.GetTypes(System.Reflection.Assembly,bool)
  at System.Reflection.Assembly.GetTypes () [0x00000] in <eae584ce26bc40229c1b1aa476bfa589>:0 
  at Verse.GenTypes+<get_AllTypes>d__4.MoveNext () [0x0004a] in <81af9f8a18324e17b286924a43555a7c>:0  
(Filename: C:\buildslave\unity\build\Runtime/Export/Debug/Debug.bindings.h Line: 39)

Exception getting types in assembly Rimefeller, Version=1.2.7175.25675, Culture=neutral, PublicKeyToken=null. Some types may not work correctly. Exception: System.Reflection.ReflectionTypeLoadException: Exception of type 'System.Reflection.ReflectionTypeLoadException' was thrown.
  at (wrapper managed-to-native) System.Reflection.Assembly.GetTypes(System.Reflection.Assembly,bool)
  at System.Reflection.Assembly.GetTypes () [0x00000] in <eae584ce26bc40229c1b1aa476bfa589>:0 
  at Verse.GenTypes+<get_AllTypes>d__4.MoveNext () [0x0004a] in <81af9f8a18324e17b286924a43555a7c>:0  
(Filename: C:\buildslave\unity\build\Runtime/Export/Debug/Debug.bindings.h Line: 39)

Exception getting types in assembly Rimefeller, Version=1.2.7175.25675, Culture=neutral, PublicKeyToken=null. Some types may not work correctly. Exception: System.Reflection.ReflectionTypeLoadException: Exception of type 'System.Reflection.ReflectionTypeLoadException' was thrown.
  at (wrapper managed-to-native) System.Reflection.Assembly.GetTypes(System.Reflection.Assembly,bool)
  at System.Reflection.Assembly.GetTypes () [0x00000] in <eae584ce26bc40229c1b1aa476bfa589>:0 
  at Verse.GenTypes+<get_AllTypes>d__4.MoveNext () [0x0004a] in <81af9f8a18324e17b286924a43555a7c>:0  
(Filename: C:\buildslave\unity\build\Runtime/Export/Debug/Debug.bindings.h Line: 39)

Exception getting types in assembly Rimefeller, Version=1.2.7175.25675, Culture=neutral, PublicKeyToken=null. Some types may not work correctly. Exception: System.Reflection.ReflectionTypeLoadException: Exception of type 'System.Reflection.ReflectionTypeLoadException' was thrown.
  at (wrapper managed-to-native) System.Reflection.Assembly.GetTypes(System.Reflection.Assembly,bool)
  at System.Reflection.Assembly.GetTypes () [0x00000] in <eae584ce26bc40229c1b1aa476bfa589>:0 
  at Verse.GenTypes+<get_AllTypes>d__4.MoveNext () [0x0004a] in <81af9f8a18324e17b286924a43555a7c>:0  
(Filename: C:\buildslave\unity\build\Runtime/Export/Debug/Debug.bindings.h Line: 39)

Exception getting types in assembly Rimefeller, Version=1.2.7175.25675, Culture=neutral, PublicKeyToken=null. Some types may not work correctly. Exception: System.Reflection.ReflectionTypeLoadException: Exception of type 'System.Reflection.ReflectionTypeLoadException' was thrown.
  at (wrapper managed-to-native) System.Reflection.Assembly.GetTypes(System.Reflection.Assembly,bool)
  at System.Reflection.Assembly.GetTypes () [0x00000] in <eae584ce26bc40229c1b1aa476bfa589>:0 
  at Verse.GenTypes+<get_AllTypes>d__4.MoveNext () [0x0004a] in <81af9f8a18324e17b286924a43555a7c>:0  
(Filename: C:\buildslave\unity\build\Runtime/Export/Debug/Debug.bindings.h Line: 39)

Exception getting types in assembly Rimefeller, Version=1.2.7175.25675, Culture=neutral, PublicKeyToken=null. Some types may not work correctly. Exception: System.Reflection.ReflectionTypeLoadException: Exception of type 'System.Reflection.ReflectionTypeLoadException' was thrown.
  at (wrapper managed-to-native) System.Reflection.Assembly.GetTypes(System.Reflection.Assembly,bool)
  at System.Reflection.Assembly.GetTypes () [0x00000] in <eae584ce26bc40229c1b1aa476bfa589>:0 
  at Verse.GenTypes+<get_AllTypes>d__4.MoveNext () [0x0004a] in <81af9f8a18324e17b286924a43555a7c>:0  
(Filename: C:\buildslave\unity\build\Runtime/Export/Debug/Debug.bindings.h Line: 39)

Exception getting types in assembly Rimefeller, Version=1.2.7175.25675, Culture=neutral, PublicKeyToken=null. Some types may not work correctly. Exception: System.Reflection.ReflectionTypeLoadException: Exception of type 'System.Reflection.ReflectionTypeLoadException' was thrown.
  at (wrapper managed-to-native) System.Reflection.Assembly.GetTypes(System.Reflection.Assembly,bool)
  at System.Reflection.Assembly.GetTypes () [0x00000] in <eae584ce26bc40229c1b1aa476bfa589>:0 
  at Verse.GenTypes+<get_AllTypes>d__4.MoveNext () [0x0004a] in <81af9f8a18324e17b286924a43555a7c>:0  
(Filename: C:\buildslave\unity\build\Runtime/Export/Debug/Debug.bindings.h Line: 39)

Exception getting types in assembly Rimefeller, Version=1.2.7175.25675, Culture=neutral, PublicKeyToken=null. Some types may not work correctly. Exception: System.Reflection.ReflectionTypeLoadException: Exception of type 'System.Reflection.ReflectionTypeLoadException' was thrown.
  at (wrapper managed-to-native) System.Reflection.Assembly.GetTypes(System.Reflection.Assembly,bool)
  at System.Reflection.Assembly.GetTypes () [0x00000] in <eae584ce26bc40229c1b1aa476bfa589>:0 
  at Verse.GenTypes+<get_AllTypes>d__4.MoveNext () [0x0004a] in <81af9f8a18324e17b286924a43555a7c>:0  
(Filename: C:\buildslave\unity\build\Runtime/Export/Debug/Debug.bindings.h Line: 39)

Exception getting types in assembly Rimefeller, Version=1.2.7175.25675, Culture=neutral, PublicKeyToken=null. Some types may not work correctly. Exception: System.Reflection.ReflectionTypeLoadException: Exception of type 'System.Reflection.ReflectionTypeLoadException' was thrown.
  at (wrapper managed-to-native) System.Reflection.Assembly.GetTypes(System.Reflection.Assembly,bool)
  at System.Reflection.Assembly.GetTypes () [0x00000] in <eae584ce26bc40229c1b1aa476bfa589>:0 
  at Verse.GenTypes+<get_AllTypes>d__4.MoveNext () [0x0004a] in <81af9f8a18324e17b286924a43555a7c>:0  
(Filename: C:\buildslave\unity\build\Runtime/Export/Debug/Debug.bindings.h Line: 39)

Exception getting types in assembly Rimefeller, Version=1.2.7175.25675, Culture=neutral, PublicKeyToken=null. Some types may not work correctly. Exception: System.Reflection.ReflectionTypeLoadException: Exception of type 'System.Reflection.ReflectionTypeLoadException' was thrown.
  at (wrapper managed-to-native) System.Reflection.Assembly.GetTypes(System.Reflection.Assembly,bool)
  at System.Reflection.Assembly.GetTypes () [0x00000] in <eae584ce26bc40229c1b1aa476bfa589>:0 
  at Verse.GenTypes+<get_AllTypes>d__4.MoveNext () [0x0004a] in <81af9f8a18324e17b286924a43555a7c>:0  
(Filename: C:\buildslave\unity\build\Runtime/Export/Debug/Debug.bindings.h Line: 39)

Exception getting types in assembly Rimefeller, Version=1.2.7175.25675, Culture=neutral, PublicKeyToken=null. Some types may not work correctly. Exception: System.Reflection.ReflectionTypeLoadException: Exception of type 'System.Reflection.ReflectionTypeLoadException' was thrown.
  at (wrapper managed-to-native) System.Reflection.Assembly.GetTypes(System.Reflection.Assembly,bool)
  at System.Reflection.Assembly.GetTypes () [0x00000] in <eae584ce26bc40229c1b1aa476bfa589>:0 
  at Verse.GenTypes+<get_AllTypes>d__4.MoveNext () [0x0004a] in <81af9f8a18324e17b286924a43555a7c>:0  
(Filename: C:\buildslave\unity\build\Runtime/Export/Debug/Debug.bindings.h Line: 39)

Exception getting types in assembly Rimefeller, Version=1.2.7175.25675, Culture=neutral, PublicKeyToken=null. Some types may not work correctly. Exception: System.Reflection.ReflectionTypeLoadException: Exception of type 'System.Reflection.ReflectionTypeLoadException' was thrown.
  at (wrapper managed-to-native) System.Reflection.Assembly.GetTypes(System.Reflection.Assembly,bool)
  at System.Reflection.Assembly.GetTypes () [0x00000] in <eae584ce26bc40229c1b1aa476bfa589>:0 
  at Verse.GenTypes+<get_AllTypes>d__4.MoveNext () [0x0004a] in <81af9f8a18324e17b286924a43555a7c>:0  
(Filename: C:\buildslave\unity\build\Runtime/Export/Debug/Debug.bindings.h Line: 39)

Exception getting types in assembly Rimefeller, Version=1.2.7175.25675, Culture=neutral, PublicKeyToken=null. Some types may not work correctly. Exception: System.Reflection.ReflectionTypeLoadException: Exception of type 'System.Reflection.ReflectionTypeLoadException' was thrown.
  at (wrapper managed-to-native) System.Reflection.Assembly.GetTypes(System.Reflection.Assembly,bool)
  at System.Reflection.Assembly.GetTypes () [0x00000] in <eae584ce26bc40229c1b1aa476bfa589>:0 
  at Verse.GenTypes+<get_AllTypes>d__4.MoveNext () [0x0004a] in <81af9f8a18324e17b286924a43555a7c>:0  
(Filename: C:\buildslave\unity\build\Runtime/Export/Debug/Debug.bindings.h Line: 39)

Exception getting types in assembly Rimefeller, Version=1.2.7175.25675, Culture=neutral, PublicKeyToken=null. Some types may not work correctly. Exception: System.Reflection.ReflectionTypeLoadException: Exception of type 'System.Reflection.ReflectionTypeLoadException' was thrown.
  at (wrapper managed-to-native) System.Reflection.Assembly.GetTypes(System.Reflection.Assembly,bool)
  at System.Reflection.Assembly.GetTypes () [0x00000] in <eae584ce26bc40229c1b1aa476bfa589>:0 
  at Verse.GenTypes+<get_AllTypes>d__4.MoveNext () [0x0004a] in <81af9f8a18324e17b286924a43555a7c>:0  
(Filename: C:\buildslave\unity\build\Runtime/Export/Debug/Debug.bindings.h Line: 39)

Exception getting types in assembly Rimefeller, Version=1.2.7175.25675, Culture=neutral, PublicKeyToken=null. Some types may not work correctly. Exception: System.Reflection.ReflectionTypeLoadException: Exception of type 'System.Reflection.ReflectionTypeLoadException' was thrown.
  at (wrapper managed-to-native) System.Reflection.Assembly.GetTypes(System.Reflection.Assembly,bool)
  at System.Reflection.Assembly.GetTypes () [0x00000] in <eae584ce26bc40229c1b1aa476bfa589>:0 
  at Verse.GenTypes+<get_AllTypes>d__4.MoveNext () [0x0004a] in <81af9f8a18324e17b286924a43555a7c>:0  
(Filename: C:\buildslave\unity\build\Runtime/Export/Debug/Debug.bindings.h Line: 39)

Exception getting types in assembly Rimefeller, Version=1.2.7175.25675, Culture=neutral, PublicKeyToken=null. Some types may not work correctly. Exception: System.Reflection.ReflectionTypeLoadException: Exception of type 'System.Reflection.ReflectionTypeLoadException' was thrown.
  at (wrapper managed-to-native) System.Reflection.Assembly.GetTypes(System.Reflection.Assembly,bool)
  at System.Reflection.Assembly.GetTypes () [0x00000] in <eae584ce26bc40229c1b1aa476bfa589>:0 
  at Verse.GenTypes+<get_AllTypes>d__4.MoveNext () [0x0004a] in <81af9f8a18324e17b286924a43555a7c>:0  
(Filename: C:\buildslave\unity\build\Runtime/Export/Debug/Debug.bindings.h Line: 39)

Exception getting types in assembly Rimefeller, Version=1.2.7175.25675, Culture=neutral, PublicKeyToken=null. Some types may not work correctly. Exception: System.Reflection.ReflectionTypeLoadException: Exception of type 'System.Reflection.ReflectionTypeLoadException' was thrown.
  at (wrapper managed-to-native) System.Reflection.Assembly.GetTypes(System.Reflection.Assembly,bool)
  at System.Reflection.Assembly.GetTypes () [0x00000] in <eae584ce26bc40229c1b1aa476bfa589>:0 
  at Verse.GenTypes+<get_AllTypes>d__4.MoveNext () [0x0004a] in <81af9f8a18324e17b286924a43555a7c>:0  
(Filename: C:\buildslave\unity\build\Runtime/Export/Debug/Debug.bindings.h Line: 39)

Exception getting types in assembly Rimefeller, Version=1.2.7175.25675, Culture=neutral, PublicKeyToken=null. Some types may not work correctly. Exception: System.Reflection.ReflectionTypeLoadException: Exception of type 'System.Reflection.ReflectionTypeLoadException' was thrown.
  at (wrapper managed-to-native) System.Reflection.Assembly.GetTypes(System.Reflection.Assembly,bool)
  at System.Reflection.Assembly.GetTypes () [0x00000] in <eae584ce26bc40229c1b1aa476bfa589>:0 
  at Verse.GenTypes+<get_AllTypes>d__4.MoveNext () [0x0004a] in <81af9f8a18324e17b286924a43555a7c>:0  
(Filename: C:\buildslave\unity\build\Runtime/Export/Debug/Debug.bindings.h Line: 39)

Exception getting types in assembly Rimefeller, Version=1.2.7175.25675, Culture=neutral, PublicKeyToken=null. Some types may not work correctly. Exception: System.Reflection.ReflectionTypeLoadException: Exception of type 'System.Reflection.ReflectionTypeLoadException' was thrown.
  at (wrapper managed-to-native) System.Reflection.Assembly.GetTypes(System.Reflection.Assembly,bool)
  at System.Reflection.Assembly.GetTypes () [0x00000] in <eae584ce26bc40229c1b1aa476bfa589>:0 
  at Verse.GenTypes+<get_AllTypes>d__4.MoveNext () [0x0004a] in <81af9f8a18324e17b286924a43555a7c>:0  
(Filename: C:\buildslave\unity\build\Runtime/Export/Debug/Debug.bindings.h Line: 39)

Exception getting types in assembly Rimefeller, Version=1.2.7175.25675, Culture=neutral, PublicKeyToken=null. Some types may not work correctly. Exception: System.Reflection.ReflectionTypeLoadException: Exception of type 'System.Reflection.ReflectionTypeLoadException' was thrown.
  at (wrapper managed-to-native) System.Reflection.Assembly.GetTypes(System.Reflection.Assembly,bool)
  at System.Reflection.Assembly.GetTypes () [0x00000] in <eae584ce26bc40229c1b1aa476bfa589>:0 
  at Verse.GenTypes+<get_AllTypes>d__4.MoveNext () [0x0004a] in <81af9f8a18324e17b286924a43555a7c>:0  
(Filename: C:\buildslave\unity\build\Runtime/Export/Debug/Debug.bindings.h Line: 39)

Exception getting types in assembly Rimefeller, Version=1.2.7175.25675, Culture=neutral, PublicKeyToken=null. Some types may not work correctly. Exception: System.Reflection.ReflectionTypeLoadException: Exception of type 'System.Reflection.ReflectionTypeLoadException' was thrown.
  at (wrapper managed-to-native) System.Reflection.Assembly.GetTypes(System.Reflection.Assembly,bool)
  at System.Reflection.Assembly.GetTypes () [0x00000] in <eae584ce26bc40229c1b1aa476bfa589>:0 
  at Verse.GenTypes+<get_AllTypes>d__4.MoveNext () [0x0004a] in <81af9f8a18324e17b286924a43555a7c>:0  
(Filename: C:\buildslave\unity\build\Runtime/Export/Debug/Debug.bindings.h Line: 39)

Exception getting types in assembly Rimefeller, Version=1.2.7175.25675, Culture=neutral, PublicKeyToken=null. Some types may not work correctly. Exception: System.Reflection.ReflectionTypeLoadException: Exception of type 'System.Reflection.ReflectionTypeLoadException' was thrown.
  at (wrapper managed-to-native) System.Reflection.Assembly.GetTypes(System.Reflection.Assembly,bool)
  at System.Reflection.Assembly.GetTypes () [0x00000] in <eae584ce26bc40229c1b1aa476bfa589>:0 
  at Verse.GenTypes+<get_AllTypes>d__4.MoveNext () [0x0004a] in <81af9f8a18324e17b286924a43555a7c>:0  
(Filename: C:\buildslave\unity\build\Runtime/Export/Debug/Debug.bindings.h Line: 39)

Exception getting types in assembly Rimefeller, Version=1.2.7175.25675, Culture=neutral, PublicKeyToken=null. Some types may not work correctly. Exception: System.Reflection.ReflectionTypeLoadException: Exception of type 'System.Reflection.ReflectionTypeLoadException' was thrown.
  at (wrapper managed-to-native) System.Reflection.Assembly.GetTypes(System.Reflection.Assembly,bool)
  at System.Reflection.Assembly.GetTypes () [0x00000] in <eae584ce26bc40229c1b1aa476bfa589>:0 
  at Verse.GenTypes+<get_AllTypes>d__4.MoveNext () [0x0004a] in <81af9f8a18324e17b286924a43555a7c>:0  
(Filename: C:\buildslave\unity\build\Runtime/Export/Debug/Debug.bindings.h Line: 39)

Exception getting types in assembly Rimefeller, Version=1.2.7175.25675, Culture=neutral, PublicKeyToken=null. Some types may not work correctly. Exception: System.Reflection.ReflectionTypeLoadException: Exception of type 'System.Reflection.ReflectionTypeLoadException' was thrown.
  at (wrapper managed-to-native) System.Reflection.Assembly.GetTypes(System.Reflection.Assembly,bool)
  at System.Reflection.Assembly.GetTypes () [0x00000] in <eae584ce26bc40229c1b1aa476bfa589>:0 
  at Verse.GenTypes+<get_AllTypes>d__4.MoveNext () [0x0004a] in <81af9f8a18324e17b286924a43555a7c>:0  
(Filename: C:\buildslave\unity\build\Runtime/Export/Debug/Debug.bindings.h Line: 39)

Exception getting types in assembly Rimefeller, Version=1.2.7175.25675, Culture=neutral, PublicKeyToken=null. Some types may not work correctly. Exception: System.Reflection.ReflectionTypeLoadException: Exception of type 'System.Reflection.ReflectionTypeLoadException' was thrown.
  at (wrapper managed-to-native) System.Reflection.Assembly.GetTypes(System.Reflection.Assembly,bool)
  at System.Reflection.Assembly.GetTypes () [0x00000] in <eae584ce26bc40229c1b1aa476bfa589>:0 
  at Verse.GenTypes+<get_AllTypes>d__4.MoveNext () [0x0004a] in <81af9f8a18324e17b286924a43555a7c>:0  
(Filename: C:\buildslave\unity\build\Runtime/Export/Debug/Debug.bindings.h Line: 39)

Exception getting types in assembly Rimefeller, Version=1.2.7175.25675, Culture=neutral, PublicKeyToken=null. Some types may not work correctly. Exception: System.Reflection.ReflectionTypeLoadException: Exception of type 'System.Reflection.ReflectionTypeLoadException' was thrown.
  at (wrapper managed-to-native) System.Reflection.Assembly.GetTypes(System.Reflection.Assembly,bool)
  at System.Reflection.Assembly.GetTypes () [0x00000] in <eae584ce26bc40229c1b1aa476bfa589>:0 
  at Verse.GenTypes+<get_AllTypes>d__4.MoveNext () [0x0004a] in <81af9f8a18324e17b286924a43555a7c>:0  
(Filename: C:\buildslave\unity\build\Runtime/Export/Debug/Debug.bindings.h Line: 39)

Exception getting types in assembly Rimefeller, Version=1.2.7175.25675, Culture=neutral, PublicKeyToken=null. Some types may not work correctly. Exception: System.Reflection.ReflectionTypeLoadException: Exception of type 'System.Reflection.ReflectionTypeLoadException' was thrown.
  at (wrapper managed-to-native) System.Reflection.Assembly.GetTypes(System.Reflection.Assembly,bool)
  at System.Reflection.Assembly.GetTypes () [0x00000] in <eae584ce26bc40229c1b1aa476bfa589>:0 
  at Verse.GenTypes+<get_AllTypes>d__4.MoveNext () [0x0004a] in <81af9f8a18324e17b286924a43555a7c>:0  
(Filename: C:\buildslave\unity\build\Runtime/Export/Debug/Debug.bindings.h Line: 39)

Exception getting types in assembly Rimefeller, Version=1.2.7175.25675, Culture=neutral, PublicKeyToken=null. Some types may not work correctly. Exception: System.Reflection.ReflectionTypeLoadException: Exception of type 'System.Reflection.ReflectionTypeLoadException' was thrown.
  at (wrapper managed-to-native) System.Reflection.Assembly.GetTypes(System.Reflection.Assembly,bool)
  at System.Reflection.Assembly.GetTypes () [0x00000] in <eae584ce26bc40229c1b1aa476bfa589>:0 
  at Verse.GenTypes+<get_AllTypes>d__4.MoveNext () [0x0004a] in <81af9f8a18324e17b286924a43555a7c>:0  
(Filename: C:\buildslave\unity\build\Runtime/Export/Debug/Debug.bindings.h Line: 39)

Exception getting types in assembly Rimefeller, Version=1.2.7175.25675, Culture=neutral, PublicKeyToken=null. Some types may not work correctly. Exception: System.Reflection.ReflectionTypeLoadException: Exception of type 'System.Reflection.ReflectionTypeLoadException' was thrown.
  at (wrapper managed-to-native) System.Reflection.Assembly.GetTypes(System.Reflection.Assembly,bool)
  at System.Reflection.Assembly.GetTypes () [0x00000] in <eae584ce26bc40229c1b1aa476bfa589>:0 
  at Verse.GenTypes+<get_AllTypes>d__4.MoveNext () [0x0004a] in <81af9f8a18324e17b286924a43555a7c>:0  
(Filename: C:\buildslave\unity\build\Runtime/Export/Debug/Debug.bindings.h Line: 39)

Exception getting types in assembly Rimefeller, Version=1.2.7175.25675, Culture=neutral, PublicKeyToken=null. Some types may not work correctly. Exception: System.Reflection.ReflectionTypeLoadException: Exception of type 'System.Reflection.ReflectionTypeLoadException' was thrown.
  at (wrapper managed-to-native) System.Reflection.Assembly.GetTypes(System.Reflection.Assembly,bool)
  at System.Reflection.Assembly.GetTypes () [0x00000] in <eae584ce26bc40229c1b1aa476bfa589>:0 
  at Verse.GenTypes+<get_AllTypes>d__4.MoveNext () [0x0004a] in <81af9f8a18324e17b286924a43555a7c>:0  
(Filename: C:\buildslave\unity\build\Runtime/Export/Debug/Debug.bindings.h Line: 39)

Exception getting types in assembly Rimefeller, Version=1.2.7175.25675, Culture=neutral, PublicKeyToken=null. Some types may not work correctly. Exception: System.Reflection.ReflectionTypeLoadException: Exception of type 'System.Reflection.ReflectionTypeLoadException' was thrown.
  at (wrapper managed-to-native) System.Reflection.Assembly.GetTypes(System.Reflection.Assembly,bool)
  at System.Reflection.Assembly.GetTypes () [0x00000] in <eae584ce26bc40229c1b1aa476bfa589>:0 
  at Verse.GenTypes+<get_AllTypes>d__4.MoveNext () [0x0004a] in <81af9f8a18324e17b286924a43555a7c>:0  
(Filename: C:\buildslave\unity\build\Runtime/Export/Debug/Debug.bindings.h Line: 39)

Exception getting types in assembly Rimefeller, Version=1.2.7175.25675, Culture=neutral, PublicKeyToken=null. Some types may not work correctly. Exception: System.Reflection.ReflectionTypeLoadException: Exception of type 'System.Reflection.ReflectionTypeLoadException' was thrown.
  at (wrapper managed-to-native) System.Reflection.Assembly.GetTypes(System.Reflection.Assembly,bool)
  at System.Reflection.Assembly.GetTypes () [0x00000] in <eae584ce26bc40229c1b1aa476bfa589>:0 
  at Verse.GenTypes+<get_AllTypes>d__4.MoveNext () [0x0004a] in <81af9f8a18324e17b286924a43555a7c>:0  
(Filename: C:\buildslave\unity\build\Runtime/Export/Debug/Debug.bindings.h Line: 39)

Exception getting types in assembly Rimefeller, Version=1.2.7175.25675, Culture=neutral, PublicKeyToken=null. Some types may not work correctly. Exception: System.Reflection.ReflectionTypeLoadException: Exception of type 'System.Reflection.ReflectionTypeLoadException' was thrown.
  at (wrapper managed-to-native) System.Reflection.Assembly.GetTypes(System.Reflection.Assembly,bool)
  at System.Reflection.Assembly.GetTypes () [0x00000] in <eae584ce26bc40229c1b1aa476bfa589>:0 
  at Verse.GenTypes+<get_AllTypes>d__4.MoveNext () [0x0004a] in <81af9f8a18324e17b286924a43555a7c>:0  
(Filename: C:\buildslave\unity\build\Runtime/Export/Debug/Debug.bindings.h Line: 39)

Exception getting types in assembly Rimefeller, Version=1.2.7175.25675, Culture=neutral, PublicKeyToken=null. Some types may not work correctly. Exception: System.Reflection.ReflectionTypeLoadException: Exception of type 'System.Reflection.ReflectionTypeLoadException' was thrown.
  at (wrapper managed-to-native) System.Reflection.Assembly.GetTypes(System.Reflection.Assembly,bool)
  at System.Reflection.Assembly.GetTypes () [0x00000] in <eae584ce26bc40229c1b1aa476bfa589>:0 
  at Verse.GenTypes+<get_AllTypes>d__4.MoveNext () [0x0004a] in <81af9f8a18324e17b286924a43555a7c>:0  
(Filename: C:\buildslave\unity\build\Runtime/Export/Debug/Debug.bindings.h Line: 39)

Exception getting types in assembly Rimefeller, Version=1.2.7175.25675, Culture=neutral, PublicKeyToken=null. Some types may not work correctly. Exception: System.Reflection.ReflectionTypeLoadException: Exception of type 'System.Reflection.ReflectionTypeLoadException' was thrown.
  at (wrapper managed-to-native) System.Reflection.Assembly.GetTypes(System.Reflection.Assembly,bool)
  at System.Reflection.Assembly.GetTypes () [0x00000] in <eae584ce26bc40229c1b1aa476bfa589>:0 
  at Verse.GenTypes+<get_AllTypes>d__4.MoveNext () [0x0004a] in <81af9f8a18324e17b286924a43555a7c>:0  
(Filename: C:\buildslave\unity\build\Runtime/Export/Debug/Debug.bindings.h Line: 39)

Exception getting types in assembly Rimefeller, Version=1.2.7175.25675, Culture=neutral, PublicKeyToken=null. Some types may not work correctly. Exception: System.Reflection.ReflectionTypeLoadException: Exception of type 'System.Reflection.ReflectionTypeLoadException' was thrown.
  at (wrapper managed-to-native) System.Reflection.Assembly.GetTypes(System.Reflection.Assembly,bool)
  at System.Reflection.Assembly.GetTypes () [0x00000] in <eae584ce26bc40229c1b1aa476bfa589>:0 
  at Verse.GenTypes+<get_AllTypes>d__4.MoveNext () [0x0004a] in <81af9f8a18324e17b286924a43555a7c>:0  
(Filename: C:\buildslave\unity\build\Runtime/Export/Debug/Debug.bindings.h Line: 39)

Exception getting types in assembly Rimefeller, Version=1.2.7175.25675, Culture=neutral, PublicKeyToken=null. Some types may not work correctly. Exception: System.Reflection.ReflectionTypeLoadException: Exception of type 'System.Reflection.ReflectionTypeLoadException' was thrown.
  at (wrapper managed-to-native) System.Reflection.Assembly.GetTypes(System.Reflection.Assembly,bool)
  at System.Reflection.Assembly.GetTypes () [0x00000] in <eae584ce26bc40229c1b1aa476bfa589>:0 
  at Verse.GenTypes+<get_AllTypes>d__4.MoveNext () [0x0004a] in <81af9f8a18324e17b286924a43555a7c>:0  
(Filename: C:\buildslave\unity\build\Runtime/Export/Debug/Debug.bindings.h Line: 39)

Exception getting types in assembly Rimefeller, Version=1.2.7175.25675, Culture=neutral, PublicKeyToken=null. Some types may not work correctly. Exception: System.Reflection.ReflectionTypeLoadException: Exception of type 'System.Reflection.ReflectionTypeLoadException' was thrown.
  at (wrapper managed-to-native) System.Reflection.Assembly.GetTypes(System.Reflection.Assembly,bool)
  at System.Reflection.Assembly.GetTypes () [0x00000] in <eae584ce26bc40229c1b1aa476bfa589>:0 
  at Verse.GenTypes+<get_AllTypes>d__4.MoveNext () [0x0004a] in <81af9f8a18324e17b286924a43555a7c>:0  
(Filename: C:\buildslave\unity\build\Runtime/Export/Debug/Debug.bindings.h Line: 39)

Exception getting types in assembly Rimefeller, Version=1.2.7175.25675, Culture=neutral, PublicKeyToken=null. Some types may not work correctly. Exception: System.Reflection.ReflectionTypeLoadException: Exception of type 'System.Reflection.ReflectionTypeLoadException' was thrown.
  at (wrapper managed-to-native) System.Reflection.Assembly.GetTypes(System.Reflection.Assembly,bool)
  at System.Reflection.Assembly.GetTypes () [0x00000] in <eae584ce26bc40229c1b1aa476bfa589>:0 
  at Verse.GenTypes+<get_AllTypes>d__4.MoveNext () [0x0004a] in <81af9f8a18324e17b286924a43555a7c>:0  
(Filename: C:\buildslave\unity\build\Runtime/Export/Debug/Debug.bindings.h Line: 39)

Exception getting types in assembly Rimefeller, Version=1.2.7175.25675, Culture=neutral, PublicKeyToken=null. Some types may not work correctly. Exception: System.Reflection.ReflectionTypeLoadException: Exception of type 'System.Reflection.ReflectionTypeLoadException' was thrown.
  at (wrapper managed-to-native) System.Reflection.Assembly.GetTypes(System.Reflection.Assembly,bool)
  at System.Reflection.Assembly.GetTypes () [0x00000] in <eae584ce26bc40229c1b1aa476bfa589>:0 
  at Verse.GenTypes+<get_AllTypes>d__4.MoveNext () [0x0004a] in <81af9f8a18324e17b286924a43555a7c>:0  
(Filename: C:\buildslave\unity\build\Runtime/Export/Debug/Debug.bindings.h Line: 39)

Exception getting types in assembly Rimefeller, Version=1.2.7175.25675, Culture=neutral, PublicKeyToken=null. Some types may not work correctly. Exception: System.Reflection.ReflectionTypeLoadException: Exception of type 'System.Reflection.ReflectionTypeLoadException' was thrown.
  at (wrapper managed-to-native) System.Reflection.Assembly.GetTypes(System.Reflection.Assembly,bool)
  at System.Reflection.Assembly.GetTypes () [0x00000] in <eae584ce26bc40229c1b1aa476bfa589>:0 
  at Verse.GenTypes+<get_AllTypes>d__4.MoveNext () [0x0004a] in <81af9f8a18324e17b286924a43555a7c>:0  
(Filename: C:\buildslave\unity\build\Runtime/Export/Debug/Debug.bindings.h Line: 39)

Exception getting types in assembly Rimefeller, Version=1.2.7175.25675, Culture=neutral, PublicKeyToken=null. Some types may not work correctly. Exception: System.Reflection.ReflectionTypeLoadException: Exception of type 'System.Reflection.ReflectionTypeLoadException' was thrown.
  at (wrapper managed-to-native) System.Reflection.Assembly.GetTypes(System.Reflection.Assembly,bool)
  at System.Reflection.Assembly.GetTypes () [0x00000] in <eae584ce26bc40229c1b1aa476bfa589>:0 
  at Verse.GenTypes+<get_AllTypes>d__4.MoveNext () [0x0004a] in <81af9f8a18324e17b286924a43555a7c>:0  
(Filename: C:\buildslave\unity\build\Runtime/Export/Debug/Debug.bindings.h Line: 39)

Exception getting types in assembly Rimefeller, Version=1.2.7175.25675, Culture=neutral, PublicKeyToken=null. Some types may not work correctly. Exception: System.Reflection.ReflectionTypeLoadException: Exception of type 'System.Reflection.ReflectionTypeLoadException' was thrown.
  at (wrapper managed-to-native) System.Reflection.Assembly.GetTypes(System.Reflection.Assembly,bool)
  at System.Reflection.Assembly.GetTypes () [0x00000] in <eae584ce26bc40229c1b1aa476bfa589>:0 
  at Verse.GenTypes+<get_AllTypes>d__4.MoveNext () [0x0004a] in <81af9f8a18324e17b286924a43555a7c>:0  
(Filename: C:\buildslave\unity\build\Runtime/Export/Debug/Debug.bindings.h Line: 39)

Exception getting types in assembly Rimefeller, Version=1.2.7175.25675, Culture=neutral, PublicKeyToken=null. Some types may not work correctly. Exception: System.Reflection.ReflectionTypeLoadException: Exception of type 'System.Reflection.ReflectionTypeLoadException' was thrown.
  at (wrapper managed-to-native) System.Reflection.Assembly.GetTypes(System.Reflection.Assembly,bool)
  at System.Reflection.Assembly.GetTypes () [0x00000] in <eae584ce26bc40229c1b1aa476bfa589>:0 
  at Verse.GenTypes+<get_AllTypes>d__4.MoveNext () [0x0004a] in <81af9f8a18324e17b286924a43555a7c>:0  
(Filename: C:\buildslave\unity\build\Runtime/Export/Debug/Debug.bindings.h Line: 39)

Exception getting types in assembly Rimefeller, Version=1.2.7175.25675, Culture=neutral, PublicKeyToken=null. Some types may not work correctly. Exception: System.Reflection.ReflectionTypeLoadException: Exception of type 'System.Reflection.ReflectionTypeLoadException' was thrown.
  at (wrapper managed-to-native) System.Reflection.Assembly.GetTypes(System.Reflection.Assembly,bool)
  at System.Reflection.Assembly.GetTypes () [0x00000] in <eae584ce26bc40229c1b1aa476bfa589>:0 
  at Verse.GenTypes+<get_AllTypes>d__4.MoveNext () [0x0004a] in <81af9f8a18324e17b286924a43555a7c>:0  
(Filename: C:\buildslave\unity\build\Runtime/Export/Debug/Debug.bindings.h Line: 39)

Exception getting types in assembly Rimefeller, Version=1.2.7175.25675, Culture=neutral, PublicKeyToken=null. Some types may not work correctly. Exception: System.Reflection.ReflectionTypeLoadException: Exception of type 'System.Reflection.ReflectionTypeLoadException' was thrown.
  at (wrapper managed-to-native) System.Reflection.Assembly.GetTypes(System.Reflection.Assembly,bool)
  at System.Reflection.Assembly.GetTypes () [0x00000] in <eae584ce26bc40229c1b1aa476bfa589>:0 
  at Verse.GenTypes+<get_AllTypes>d__4.MoveNext () [0x0004a] in <81af9f8a18324e17b286924a43555a7c>:0  
(Filename: C:\buildslave\unity\build\Runtime/Export/Debug/Debug.bindings.h Line: 39)

Exception getting types in assembly Rimefeller, Version=1.2.7175.25675, Culture=neutral, PublicKeyToken=null. Some types may not work correctly. Exception: System.Reflection.ReflectionTypeLoadException: Exception of type 'System.Reflection.ReflectionTypeLoadException' was thrown.
  at (wrapper managed-to-native) System.Reflection.Assembly.GetTypes(System.Reflection.Assembly,bool)
  at System.Reflection.Assembly.GetTypes () [0x00000] in <eae584ce26bc40229c1b1aa476bfa589>:0 
  at Verse.GenTypes+<get_AllTypes>d__4.MoveNext () [0x0004a] in <81af9f8a18324e17b286924a43555a7c>:0  
(Filename: C:\buildslave\unity\build\Runtime/Export/Debug/Debug.bindings.h Line: 39)

Exception getting types in assembly Rimefeller, Version=1.2.7175.25675, Culture=neutral, PublicKeyToken=null. Some types may not work correctly. Exception: System.Reflection.ReflectionTypeLoadException: Exception of type 'System.Reflection.ReflectionTypeLoadException' was thrown.
  at (wrapper managed-to-native) System.Reflection.Assembly.GetTypes(System.Reflection.Assembly,bool)
  at System.Reflection.Assembly.GetTypes () [0x00000] in <eae584ce26bc40229c1b1aa476bfa589>:0 
  at Verse.GenTypes+<get_AllTypes>d__4.MoveNext () [0x0004a] in <81af9f8a18324e17b286924a43555a7c>:0  
(Filename: C:\buildslave\unity\build\Runtime/Export/Debug/Debug.bindings.h Line: 39)

Exception getting types in assembly Rimefeller, Version=1.2.7175.25675, Culture=neutral, PublicKeyToken=null. Some types may not work correctly. Exception: System.Reflection.ReflectionTypeLoadException: Exception of type 'System.Reflection.ReflectionTypeLoadException' was thrown.
  at (wrapper managed-to-native) System.Reflection.Assembly.GetTypes(System.Reflection.Assembly,bool)
  at System.Reflection.Assembly.GetTypes () [0x00000] in <eae584ce26bc40229c1b1aa476bfa589>:0 
  at Verse.GenTypes+<get_AllTypes>d__4.MoveNext () [0x0004a] in <81af9f8a18324e17b286924a43555a7c>:0  
(Filename: C:\buildslave\unity\build\Runtime/Export/Debug/Debug.bindings.h Line: 39)

Exception getting types in assembly Rimefeller, Version=1.2.7175.25675, Culture=neutral, PublicKeyToken=null. Some types may not work correctly. Exception: System.Reflection.ReflectionTypeLoadException: Exception of type 'System.Reflection.ReflectionTypeLoadException' was thrown.
  at (wrapper managed-to-native) System.Reflection.Assembly.GetTypes(System.Reflection.Assembly,bool)
  at System.Reflection.Assembly.GetTypes () [0x00000] in <eae584ce26bc40229c1b1aa476bfa589>:0 
  at Verse.GenTypes+<get_AllTypes>d__4.MoveNext () [0x0004a] in <81af9f8a18324e17b286924a43555a7c>:0  
(Filename: C:\buildslave\unity\build\Runtime/Export/Debug/Debug.bindings.h Line: 39)

Exception getting types in assembly Rimefeller, Version=1.2.7175.25675, Culture=neutral, PublicKeyToken=null. Some types may not work correctly. Exception: System.Reflection.ReflectionTypeLoadException: Exception of type 'System.Reflection.ReflectionTypeLoadException' was thrown.
  at (wrapper managed-to-native) System.Reflection.Assembly.GetTypes(System.Reflection.Assembly,bool)
  at System.Reflection.Assembly.GetTypes () [0x00000] in <eae584ce26bc40229c1b1aa476bfa589>:0 
  at Verse.GenTypes+<get_AllTypes>d__4.MoveNext () [0x0004a] in <81af9f8a18324e17b286924a43555a7c>:0  
(Filename: C:\buildslave\unity\build\Runtime/Export/Debug/Debug.bindings.h Line: 39)

Exception getting types in assembly Rimefeller, Version=1.2.7175.25675, Culture=neutral, PublicKeyToken=null. Some types may not work correctly. Exception: System.Reflection.ReflectionTypeLoadException: Exception of type 'System.Reflection.ReflectionTypeLoadException' was thrown.
  at (wrapper managed-to-native) System.Reflection.Assembly.GetTypes(System.Reflection.Assembly,bool)
  at System.Reflection.Assembly.GetTypes () [0x00000] in <eae584ce26bc40229c1b1aa476bfa589>:0 
  at Verse.GenTypes+<get_AllTypes>d__4.MoveNext () [0x0004a] in <81af9f8a18324e17b286924a43555a7c>:0  
(Filename: C:\buildslave\unity\build\Runtime/Export/Debug/Debug.bindings.h Line: 39)

Exception getting types in assembly Rimefeller, Version=1.2.7175.25675, Culture=neutral, PublicKeyToken=null. Some types may not work correctly. Exception: System.Reflection.ReflectionTypeLoadException: Exception of type 'System.Reflection.ReflectionTypeLoadException' was thrown.
  at (wrapper managed-to-native) System.Reflection.Assembly.GetTypes(System.Reflection.Assembly,bool)
  at System.Reflection.Assembly.GetTypes () [0x00000] in <eae584ce26bc40229c1b1aa476bfa589>:0 
  at Verse.GenTypes+<get_AllTypes>d__4.MoveNext () [0x0004a] in <81af9f8a18324e17b286924a43555a7c>:0  
(Filename: C:\buildslave\unity\build\Runtime/Export/Debug/Debug.bindings.h Line: 39)

Exception getting types in assembly Rimefeller, Version=1.2.7175.25675, Culture=neutral, PublicKeyToken=null. Some types may not work correctly. Exception: System.Reflection.ReflectionTypeLoadException: Exception of type 'System.Reflection.ReflectionTypeLoadException' was thrown.
  at (wrapper managed-to-native) System.Reflection.Assembly.GetTypes(System.Reflection.Assembly,bool)
  at System.Reflection.Assembly.GetTypes () [0x00000] in <eae584ce26bc40229c1b1aa476bfa589>:0 
  at Verse.GenTypes+<get_AllTypes>d__4.MoveNext () [0x0004a] in <81af9f8a18324e17b286924a43555a7c>:0  
(Filename: C:\buildslave\unity\build\Runtime/Export/Debug/Debug.bindings.h Line: 39)

Exception getting types in assembly Rimefeller, Version=1.2.7175.25675, Culture=neutral, PublicKeyToken=null. Some types may not work correctly. Exception: System.Reflection.ReflectionTypeLoadException: Exception of type 'System.Reflection.ReflectionTypeLoadException' was thrown.
  at (wrapper managed-to-native) System.Reflection.Assembly.GetTypes(System.Reflection.Assembly,bool)
  at System.Reflection.Assembly.GetTypes () [0x00000] in <eae584ce26bc40229c1b1aa476bfa589>:0 
  at Verse.GenTypes+<get_AllTypes>d__4.MoveNext () [0x0004a] in <81af9f8a18324e17b286924a43555a7c>:0  
(Filename: C:\buildslave\unity\build\Runtime/Export/Debug/Debug.bindings.h Line: 39)

Exception getting types in assembly Rimefeller, Version=1.2.7175.25675, Culture=neutral, PublicKeyToken=null. Some types may not work correctly. Exception: System.Reflection.ReflectionTypeLoadException: Exception of type 'System.Reflection.ReflectionTypeLoadException' was thrown.
  at (wrapper managed-to-native) System.Reflection.Assembly.GetTypes(System.Reflection.Assembly,bool)
  at System.Reflection.Assembly.GetTypes () [0x00000] in <eae584ce26bc40229c1b1aa476bfa589>:0 
  at Verse.GenTypes+<get_AllTypes>d__4.MoveNext () [0x0004a] in <81af9f8a18324e17b286924a43555a7c>:0  
(Filename: C:\buildslave\unity\build\Runtime/Export/Debug/Debug.bindings.h Line: 39)

Exception getting types in assembly Rimefeller, Version=1.2.7175.25675, Culture=neutral, PublicKeyToken=null. Some types may not work correctly. Exception: System.Reflection.ReflectionTypeLoadException: Exception of type 'System.Reflection.ReflectionTypeLoadException' was thrown.
  at (wrapper managed-to-native) System.Reflection.Assembly.GetTypes(System.Reflection.Assembly,bool)
  at System.Reflection.Assembly.GetTypes () [0x00000] in <eae584ce26bc40229c1b1aa476bfa589>:0 
  at Verse.GenTypes+<get_AllTypes>d__4.MoveNext () [0x0004a] in <81af9f8a18324e17b286924a43555a7c>:0  
(Filename: C:\buildslave\unity\build\Runtime/Export/Debug/Debug.bindings.h Line: 39)

Exception getting types in assembly Rimefeller, Version=1.2.7175.25675, Culture=neutral, PublicKeyToken=null. Some types may not work correctly. Exception: System.Reflection.ReflectionTypeLoadException: Exception of type 'System.Reflection.ReflectionTypeLoadException' was thrown.
  at (wrapper managed-to-native) System.Reflection.Assembly.GetTypes(System.Reflection.Assembly,bool)
  at System.Reflection.Assembly.GetTypes () [0x00000] in <eae584ce26bc40229c1b1aa476bfa589>:0 
  at Verse.GenTypes+<get_AllTypes>d__4.MoveNext () [0x0004a] in <81af9f8a18324e17b286924a43555a7c>:0  
(Filename: C:\buildslave\unity\build\Runtime/Export/Debug/Debug.bindings.h Line: 39)

Exception getting types in assembly Rimefeller, Version=1.2.7175.25675, Culture=neutral, PublicKeyToken=null. Some types may not work correctly. Exception: System.Reflection.ReflectionTypeLoadException: Exception of type 'System.Reflection.ReflectionTypeLoadException' was thrown.
  at (wrapper managed-to-native) System.Reflection.Assembly.GetTypes(System.Reflection.Assembly,bool)
  at System.Reflection.Assembly.GetTypes () [0x00000] in <eae584ce26bc40229c1b1aa476bfa589>:0 
  at Verse.GenTypes+<get_AllTypes>d__4.MoveNext () [0x0004a] in <81af9f8a18324e17b286924a43555a7c>:0  
(Filename: C:\buildslave\unity\build\Runtime/Export/Debug/Debug.bindings.h Line: 39)

Exception getting types in assembly Rimefeller, Version=1.2.7175.25675, Culture=neutral, PublicKeyToken=null. Some types may not work correctly. Exception: System.Reflection.ReflectionTypeLoadException: Exception of type 'System.Reflection.ReflectionTypeLoadException' was thrown.
  at (wrapper managed-to-native) System.Reflection.Assembly.GetTypes(System.Reflection.Assembly,bool)
  at System.Reflection.Assembly.GetTypes () [0x00000] in <eae584ce26bc40229c1b1aa476bfa589>:0 
  at Verse.GenTypes+<get_AllTypes>d__4.MoveNext () [0x0004a] in <81af9f8a18324e17b286924a43555a7c>:0  
(Filename: C:\buildslave\unity\build\Runtime/Export/Debug/Debug.bindings.h Line: 39)

Exception getting types in assembly Rimefeller, Version=1.2.7175.25675, Culture=neutral, PublicKeyToken=null. Some types may not work correctly. Exception: System.Reflection.ReflectionTypeLoadException: Exception of type 'System.Reflection.ReflectionTypeLoadException' was thrown.
  at (wrapper managed-to-native) System.Reflection.Assembly.GetTypes(System.Reflection.Assembly,bool)
  at System.Reflection.Assembly.GetTypes () [0x00000] in <eae584ce26bc40229c1b1aa476bfa589>:0 
  at Verse.GenTypes+<get_AllTypes>d__4.MoveNext () [0x0004a] in <81af9f8a18324e17b286924a43555a7c>:0  
(Filename: C:\buildslave\unity\build\Runtime/Export/Debug/Debug.bindings.h Line: 39)

Exception getting types in assembly Rimefeller, Version=1.2.7175.25675, Culture=neutral, PublicKeyToken=null. Some types may not work correctly. Exception: System.Reflection.ReflectionTypeLoadException: Exception of type 'System.Reflection.ReflectionTypeLoadException' was thrown.
  at (wrapper managed-to-native) System.Reflection.Assembly.GetTypes(System.Reflection.Assembly,bool)
  at System.Reflection.Assembly.GetTypes () [0x00000] in <eae584ce26bc40229c1b1aa476bfa589>:0 
  at Verse.GenTypes+<get_AllTypes>d__4.MoveNext () [0x0004a] in <81af9f8a18324e17b286924a43555a7c>:0  
(Filename: C:\buildslave\unity\build\Runtime/Export/Debug/Debug.bindings.h Line: 39)

Exception getting types in assembly Rimefeller, Version=1.2.7175.25675, Culture=neutral, PublicKeyToken=null. Some types may not work correctly. Exception: System.Reflection.ReflectionTypeLoadException: Exception of type 'System.Reflection.ReflectionTypeLoadException' was thrown.
  at (wrapper managed-to-native) System.Reflection.Assembly.GetTypes(System.Reflection.Assembly,bool)
  at System.Reflection.Assembly.GetTypes () [0x00000] in <eae584ce26bc40229c1b1aa476bfa589>:0 
  at Verse.GenTypes+<get_AllTypes>d__4.MoveNext () [0x0004a] in <81af9f8a18324e17b286924a43555a7c>:0  
(Filename: C:\buildslave\unity\build\Runtime/Export/Debug/Debug.bindings.h Line: 39)

Exception getting types in assembly Rimefeller, Version=1.2.7175.25675, Culture=neutral, PublicKeyToken=null. Some types may not work correctly. Exception: System.Reflection.ReflectionTypeLoadException: Exception of type 'System.Reflection.ReflectionTypeLoadException' was thrown.
  at (wrapper managed-to-native) System.Reflection.Assembly.GetTypes(System.Reflection.Assembly,bool)
  at System.Reflection.Assembly.GetTypes () [0x00000] in <eae584ce26bc40229c1b1aa476bfa589>:0 
  at Verse.GenTypes+<get_AllTypes>d__4.MoveNext () [0x0004a] in <81af9f8a18324e17b286924a43555a7c>:0  
(Filename: C:\buildslave\unity\build\Runtime/Export/Debug/Debug.bindings.h Line: 39)


Unloading 1502 unused Assets to reduce memory usage. Loaded Objects now: 49589.
Total: 596.854200 ms (FindLiveObjects: 1.911400 ms CreateObjectMapping: 1.143900 ms MarkObjects: 592.444600 ms  DeleteObjects: 1.354000 ms)

Loading game from file New Arrivals2 with mods:
  - brrainz.harmony
  - Ludeon.RimWorld
  - Ludeon.RimWorld.Royalty
  - Ludeon.RimWorld.Ideology
  - dvs.ninetyninepercent
  - OskarPotocki.VanillaFactionsExpanded.Core
  - FrozenSnowFox.AdvancedBionicsExpansion
  - UnlimitedHugs.HugsLib
  - UnlimitedHugs.AllowTool
  - automatic.autocleaner
  - razor2.3.AnotherRimworldMod.AutoCutBlight
  - automatic.bionicicons
  - brrainz.cameraplus
  - Orion.CashRegister
  - CrashM.ColorCodedMoodBar.11
  - kikohi.whatsforsale
  - Owlchemist.UndergroundPowerConduits
  - PeteTimesSix193.SimpleHsidearms
  - gguake.ui.simplesearchbar
  - targhetti.ShowDrafteesWeapon
  - Anonymous189.ShareHTheHLoad
  - explodoboy.SNSAmbitionCosmic
  - RadZerp.neoRimNauts
  - Dubwise.Rimefeller
  - Anonymous189.RegrowthHCoreHRemastered
  - Anonymous189.ProjectHRimFactoryHRevived
  - Anonymous189.MortarHAccuracy
  - AndrewRaphaelLukasik.AllowDeadAnimals
  - Odeum.WMBP
  - co.uk.epicguru.whatsthatmod
  - Uuugggg.WhatIsMyPurpose
  - Murmur.WallLight
  - VanillaExpanded.VWETB
  - vanillaexpanded.achievements
  - VanillaExpanded.VWE
  - VanillaExpanded.VWEQ
  - VanillaExpanded.VWENL
  - VanillaExpanded.VWEMS
  - VanillaExpanded.VWEL
  - VanillaExpanded.VWEHW
  - VanillaExpanded.VWEG
  - VanillaExpanded.VWEC
  - OskarPotocki.VanillaFactionsExpanded.SettlersModule
  - VanillaExpanded.VWEFT
  - VanillaExpanded.VanillaTraitsExpanded
  - VanillaExpanded.VFECore
  - VanillaExpanded.VTEXVariations
  - VanillaExpanded.VTEXE
  - VanillaStorytellersExpanded.WinstonWave
  - vanillaexpanded.storytellers.rick
  - VSE.PerryPersistent
  - VSE.OskarObnoxious
  - VSE.NeronNeolithic
  - VSE.MaynardMedieval
  - VSE.IgorInvader
  - VSE.EmpressEvil
  - VSE.DiegoIndustrial
  - VanillaExpanded.VanillaSocialInteractionsExpanded
  - VanillaExpanded.VPlantsESucculents
  - VanillaExpanded.VPlantsE
  - VanillaExpanded.VPlantsEMore
  - vanillaexpanded.outposts
  - Anon.VanillaMissingBionics
  - VanillaExpanded.VIESAS
  - VanillaExpanded.VCookE
  - VanillaExpanded.VCEF
  - VanillaExpanded.VBooksE
  - VanillaExpanded.VMemesE
  - VanillaExpanded.Ideo.IconsandSymbols
  - VanillaExpanded.VIEHAR
  - VanillaExpanded.Ideo.Dryads
  - VanillaExpanded.VIEAT
  - VanillaExpanded.VHE
  - VanillaExpanded.VFESpacer
  - VanillaExpanded.VFESecurity
  - VanillaExpanded.VFEPropsandDecor
  - VanillaExpanded.VFEProduction
  - VanillaExpanded.VFEPower
  - VanillaExpanded.VFEMedical
  - VanillaExpanded.VFEFarming
  - VanillaExpanded.VFEArt
  - VanillaExpanded.VFEArchitect
  - VanillaExpanded.VCEFAddon
  - OskarPotocki.VFE.Vikings
  - OskarPotocki.VFE.Pirates
  - OskarPotocki.VanillaFactionsExpanded.MedievalModule
  - rimfridge.kv.rw
  - LWM.DeepStorage
  - OskarPotocki.VFE.Mechanoid
  - OskarPotocki.VFE.Insectoid
  - VanillaExpanded.VFEA
  - OskarPotocki.VanillaExpanded.IdeologyPatches
  - OskarPotocki.VanillaExpanded.RoyaltyPatches
  - VanillaExpanded.VEE
  - VanillaExpanded.VCookESushi
  - VanillaExpanded.VCookEStews
  - VanillaExpanded.VChemfuelE
  - VanillaExpanded.VBrewE
  - VanillaExpanded.VBrewECandT
  - vanillaexpanded.backgrounds
  - VanillaExpanded.VARME
  - VanillaExpanded.VAEAccessories
  - VanillaExpanded.VAPPE
  - VanillaExpanded.VAET
  - VanillaExpanded.VAETS
  - VanillaExpanded.VAETR
  - VanillaExpanded.VAETF
  - VanillaExpanded.VAEIS
  - VanillaExpanded.VAEED
  - VanillaExpanded.VAEEndAndExt
  - VanillaExpanded.VAED
  - VanillaExpanded.VAECaves
  - VanillaExpanded.VAECD
  - VanillaExpanded.VAEBF
  - VanillaExpanded.VAEAU
  - VanillaExpanded.VAEAS
  - automatic.traderships
  - zhrocks11.stackablechunks
  - Linkolas.Stabilize
  - smashphil.neceros.srtsexpanded
  - SomewhereOutInSpace.Spaceports
  - UdderlyEvelyn.ConsistentMapStone
  - UdderlyEvelyn.SoilRelocation
  - weilbyte.snapout
  - Uuugggg.SmartMedicine
  - dhultgren.smarterconstruction
  - Dubwise.DubsSkylights
  - JangoDsoul.SimpleStorage
  - syrchalis.setupcamp
  - tammybee.selectablesculpturegraphic
  - Mlie.RoadsOfTheRim
  - Orion.Hospitality
  - Mlie.RimQuest
  - erdelf.HumanoidAlienRaces
  - RimEffect.Core
  - RimEffect.ExtendedCut
  - twistedpacifist.ReasonableComponents
  - Uuugggg.ReplaceStuff
  - Lucifer.RealisticRooms
  - Woolstrand.RealRuins
  - hatti.qualitybuilder
  - Community.Psychology.UnofficialUpdate
  - syrchalis.prosthetictable
  - EdB.PrepareCarefully
  - Haplo.Miscellaneous.Robots
  - Mehni.PickUpAndHaul
  - Fluffy.Pharmacist
  - Bichang.MoreSculpture
  - com.github.alandariva.moreplanning
  - Alaestor.MiscRobots.PlusPlus
  - erdelf.MinifyEverything
  - thegoofyone.metaldoesntburn
  - UnlimitedHugs.MapReroll
  - zylle.MapDesigner
  - avius.locks
  - aRandomKiwi.HuntForMe
  - NotooShabby.HomeMover
  - Smuffle.HarvestOrgansPostMortem
  - SF.Grim.Reality
  - Telefonmast.GraphicsSettings
  - m00nl1ght.GeologicalLandforms
  - Orion.Gastronomy
  - SR.ModRimworld.FactionalWar
  - Nals.FacialAnimation
  - Dubwise.Rimatomics
  - Dubwise.DubsMintMenus
  - Dubwise.DubsBadHygiene
  - Dubwise.DubsCentralHeating
  - UdderlyEvelyn.ConsistentDeepDrillStone
  - CETeam.CombatExtended
  - iemanddieabeheet.colonistsdeco
QualityBuilder added property to '389' things
Exception getting types in assembly Rimefeller, Version=1.2.7175.25675, Culture=neutral, PublicKeyToken=null. Some types may not work correctly. Exception: System.Reflection.ReflectionTypeLoadException: Exception of type 'System.Reflection.ReflectionTypeLoadException' was thrown.
  at (wrapper managed-to-native) System.Reflection.Assembly.GetTypes(System.Reflection.Assembly,bool)
  at System.Reflection.Assembly.GetTypes () [0x00000] in <eae584ce26bc40229c1b1aa476bfa589>:0 
  at Verse.GenTypes+<get_AllTypes>d__4.MoveNext () [0x0004a] in <81af9f8a18324e17b286924a43555a7c>:0  
(Filename: C:\buildslave\unity\build\Runtime/Export/Debug/Debug.bindings.h Line: 39)

Loaded file (Map) is from version 1.3.3311 rev828, we are running version 1.3.3389 rev40. 
(Filename: C:\buildslave\unity\build\Runtime/Export/Debug/Debug.bindings.h Line: 39)

Exception getting types in assembly Rimefeller, Version=1.2.7175.25675, Culture=neutral, PublicKeyToken=null. Some types may not work correctly. Exception: System.Reflection.ReflectionTypeLoadException: Exception of type 'System.Reflection.ReflectionTypeLoadException' was thrown.
  at (wrapper managed-to-native) System.Reflection.Assembly.GetTypes(System.Reflection.Assembly,bool)
  at System.Reflection.Assembly.GetTypes () [0x00000] in <eae584ce26bc40229c1b1aa476bfa589>:0 
  at Verse.GenTypes+<get_AllTypes>d__4.MoveNext () [0x0004a] in <81af9f8a18324e17b286924a43555a7c>:0  
(Filename: C:\buildslave\unity\build\Runtime/Export/Debug/Debug.bindings.h Line: 39)

Exception getting types in assembly Rimefeller, Version=1.2.7175.25675, Culture=neutral, PublicKeyToken=null. Some types may not work correctly. Exception: System.Reflection.ReflectionTypeLoadException: Exception of type 'System.Reflection.ReflectionTypeLoadException' was thrown.
  at (wrapper managed-to-native) System.Reflection.Assembly.GetTypes(System.Reflection.Assembly,bool)
  at System.Reflection.Assembly.GetTypes () [0x00000] in <eae584ce26bc40229c1b1aa476bfa589>:0 
  at Verse.GenTypes+<get_AllTypes>d__4.MoveNext () [0x0004a] in <81af9f8a18324e17b286924a43555a7c>:0  
(Filename: C:\buildslave\unity\build\Runtime/Export/Debug/Debug.bindings.h Line: 39)

Exception getting types in assembly Rimefeller, Version=1.2.7175.25675, Culture=neutral, PublicKeyToken=null. Some types may not work correctly. Exception: System.Reflection.ReflectionTypeLoadException: Exception of type 'System.Reflection.ReflectionTypeLoadException' was thrown.
  at (wrapper managed-to-native) System.Reflection.Assembly.GetTypes(System.Reflection.Assembly,bool)
  at System.Reflection.Assembly.GetTypes () [0x00000] in <eae584ce26bc40229c1b1aa476bfa589>:0 
  at Verse.GenTypes+<get_AllTypes>d__4.MoveNext () [0x0004a] in <81af9f8a18324e17b286924a43555a7c>:0  
(Filename: C:\buildslave\unity\build\Runtime/Export/Debug/Debug.bindings.h Line: 39)

Exception getting types in assembly Rimefeller, Version=1.2.7175.25675, Culture=neutral, PublicKeyToken=null. Some types may not work correctly. Exception: System.Reflection.ReflectionTypeLoadException: Exception of type 'System.Reflection.ReflectionTypeLoadException' was thrown.
  at (wrapper managed-to-native) System.Reflection.Assembly.GetTypes(System.Reflection.Assembly,bool)
  at System.Reflection.Assembly.GetTypes () [0x00000] in <eae584ce26bc40229c1b1aa476bfa589>:0 
  at Verse.GenTypes+<get_AllTypes>d__4.MoveNext () [0x0004a] in <81af9f8a18324e17b286924a43555a7c>:0  
(Filename: C:\buildslave\unity\build\Runtime/Export/Debug/Debug.bindings.h Line: 39)

Exception getting types in assembly Rimefeller, Version=1.2.7175.25675, Culture=neutral, PublicKeyToken=null. Some types may not work correctly. Exception: System.Reflection.ReflectionTypeLoadException: Exception of type 'System.Reflection.ReflectionTypeLoadException' was thrown.
  at (wrapper managed-to-native) System.Reflection.Assembly.GetTypes(System.Reflection.Assembly,bool)
  at System.Reflection.Assembly.GetTypes () [0x00000] in <eae584ce26bc40229c1b1aa476bfa589>:0 
  at Verse.GenTypes+<get_AllTypes>d__4.MoveNext () [0x0004a] in <81af9f8a18324e17b286924a43555a7c>:0  
(Filename: C:\buildslave\unity\build\Runtime/Export/Debug/Debug.bindings.h Line: 39)

Exception getting types in assembly Rimefeller, Version=1.2.7175.25675, Culture=neutral, PublicKeyToken=null. Some types may not work correctly. Exception: System.Reflection.ReflectionTypeLoadException: Exception of type 'System.Reflection.ReflectionTypeLoadException' was thrown.
  at (wrapper managed-to-native) System.Reflection.Assembly.GetTypes(System.Reflection.Assembly,bool)
  at System.Reflection.Assembly.GetTypes () [0x00000] in <eae584ce26bc40229c1b1aa476bfa589>:0 
  at Verse.GenTypes+<get_AllTypes>d__4.MoveNext () [0x0004a] in <81af9f8a18324e17b286924a43555a7c>:0  
(Filename: C:\buildslave\unity\build\Runtime/Export/Debug/Debug.bindings.h Line: 39)

Exception getting types in assembly Rimefeller, Version=1.2.7175.25675, Culture=neutral, PublicKeyToken=null. Some types may not work correctly. Exception: System.Reflection.ReflectionTypeLoadException: Exception of type 'System.Reflection.ReflectionTypeLoadException' was thrown.
  at (wrapper managed-to-native) System.Reflection.Assembly.GetTypes(System.Reflection.Assembly,bool)
  at System.Reflection.Assembly.GetTypes () [0x00000] in <eae584ce26bc40229c1b1aa476bfa589>:0 
  at Verse.GenTypes+<get_AllTypes>d__4.MoveNext () [0x0004a] in <81af9f8a18324e17b286924a43555a7c>:0  
(Filename: C:\buildslave\unity\build\Runtime/Export/Debug/Debug.bindings.h Line: 39)

Exception getting types in assembly Rimefeller, Version=1.2.7175.25675, Culture=neutral, PublicKeyToken=null. Some types may not work correctly. Exception: System.Reflection.ReflectionTypeLoadException: Exception of type 'System.Reflection.ReflectionTypeLoadException' was thrown.
  at (wrapper managed-to-native) System.Reflection.Assembly.GetTypes(System.Reflection.Assembly,bool)
  at System.Reflection.Assembly.GetTypes () [0x00000] in <eae584ce26bc40229c1b1aa476bfa589>:0 
  at Verse.GenTypes+<get_AllTypes>d__4.MoveNext () [0x0004a] in <81af9f8a18324e17b286924a43555a7c>:0  
(Filename: C:\buildslave\unity\build\Runtime/Export/Debug/Debug.bindings.h Line: 39)

Exception getting types in assembly Rimefeller, Version=1.2.7175.25675, Culture=neutral, PublicKeyToken=null. Some types may not work correctly. Exception: System.Reflection.ReflectionTypeLoadException: Exception of type 'System.Reflection.ReflectionTypeLoadException' was thrown.
  at (wrapper managed-to-native) System.Reflection.Assembly.GetTypes(System.Reflection.Assembly,bool)
  at System.Reflection.Assembly.GetTypes () [0x00000] in <eae584ce26bc40229c1b1aa476bfa589>:0 
  at Verse.GenTypes+<get_AllTypes>d__4.MoveNext () [0x0004a] in <81af9f8a18324e17b286924a43555a7c>:0  
(Filename: C:\buildslave\unity\build\Runtime/Export/Debug/Debug.bindings.h Line: 39)

Exception getting types in assembly Rimefeller, Version=1.2.7175.25675, Culture=neutral, PublicKeyToken=null. Some types may not work correctly. Exception: System.Reflection.ReflectionTypeLoadException: Exception of type 'System.Reflection.ReflectionTypeLoadException' was thrown.
  at (wrapper managed-to-native) System.Reflection.Assembly.GetTypes(System.Reflection.Assembly,bool)
  at System.Reflection.Assembly.GetTypes () [0x00000] in <eae584ce26bc40229c1b1aa476bfa589>:0 
  at Verse.GenTypes+<get_AllTypes>d__4.MoveNext () [0x0004a] in <81af9f8a18324e17b286924a43555a7c>:0  
(Filename: C:\buildslave\unity\build\Runtime/Export/Debug/Debug.bindings.h Line: 39)

Exception getting types in assembly Rimefeller, Version=1.2.7175.25675, Culture=neutral, PublicKeyToken=null. Some types may not work correctly. Exception: System.Reflection.ReflectionTypeLoadException: Exception of type 'System.Reflection.ReflectionTypeLoadException' was thrown.
  at (wrapper managed-to-native) System.Reflection.Assembly.GetTypes(System.Reflection.Assembly,bool)
  at System.Reflection.Assembly.GetTypes () [0x00000] in <eae584ce26bc40229c1b1aa476bfa589>:0 
  at Verse.GenTypes+<get_AllTypes>d__4.MoveNext () [0x0004a] in <81af9f8a18324e17b286924a43555a7c>:0  
(Filename: C:\buildslave\unity\build\Runtime/Export/Debug/Debug.bindings.h Line: 39)

Exception getting types in assembly Rimefeller, Version=1.2.7175.25675, Culture=neutral, PublicKeyToken=null. Some types may not work correctly. Exception: System.Reflection.ReflectionTypeLoadException: Exception of type 'System.Reflection.ReflectionTypeLoadException' was thrown.
  at (wrapper managed-to-native) System.Reflection.Assembly.GetTypes(System.Reflection.Assembly,bool)
  at System.Reflection.Assembly.GetTypes () [0x00000] in <eae584ce26bc40229c1b1aa476bfa589>:0 
  at Verse.GenTypes+<get_AllTypes>d__4.MoveNext () [0x0004a] in <81af9f8a18324e17b286924a43555a7c>:0  
(Filename: C:\buildslave\unity\build\Runtime/Export/Debug/Debug.bindings.h Line: 39)

Exception getting types in assembly Rimefeller, Version=1.2.7175.25675, Culture=neutral, PublicKeyToken=null. Some types may not work correctly. Exception: System.Reflection.ReflectionTypeLoadException: Exception of type 'System.Reflection.ReflectionTypeLoadException' was thrown.
  at (wrapper managed-to-native) System.Reflection.Assembly.GetTypes(System.Reflection.Assembly,bool)
  at System.Reflection.Assembly.GetTypes () [0x00000] in <eae584ce26bc40229c1b1aa476bfa589>:0 
  at Verse.GenTypes+<get_AllTypes>d__4.MoveNext () [0x0004a] in <81af9f8a18324e17b286924a43555a7c>:0  
(Filename: C:\buildslave\unity\build\Runtime/Export/Debug/Debug.bindings.h Line: 39)

Exception getting types in assembly Rimefeller, Version=1.2.7175.25675, Culture=neutral, PublicKeyToken=null. Some types may not work correctly. Exception: System.Reflection.ReflectionTypeLoadException: Exception of type 'System.Reflection.ReflectionTypeLoadException' was thrown.
  at (wrapper managed-to-native) System.Reflection.Assembly.GetTypes(System.Reflection.Assembly,bool)
  at System.Reflection.Assembly.GetTypes () [0x00000] in <eae584ce26bc40229c1b1aa476bfa589>:0 
  at Verse.GenTypes+<get_AllTypes>d__4.MoveNext () [0x0004a] in <81af9f8a18324e17b286924a43555a7c>:0  
(Filename: C:\buildslave\unity\build\Runtime/Export/Debug/Debug.bindings.h Line: 39)

Exception getting types in assembly Rimefeller, Version=1.2.7175.25675, Culture=neutral, PublicKeyToken=null. Some types may not work correctly. Exception: System.Reflection.ReflectionTypeLoadException: Exception of type 'System.Reflection.ReflectionTypeLoadException' was thrown.
  at (wrapper managed-to-native) System.Reflection.Assembly.GetTypes(System.Reflection.Assembly,bool)
  at System.Reflection.Assembly.GetTypes () [0x00000] in <eae584ce26bc40229c1b1aa476bfa589>:0 
  at Verse.GenTypes+<get_AllTypes>d__4.MoveNext () [0x0004a] in <81af9f8a18324e17b286924a43555a7c>:0  
(Filename: C:\buildslave\unity\build\Runtime/Export/Debug/Debug.bindings.h Line: 39)

Exception getting types in assembly Rimefeller, Version=1.2.7175.25675, Culture=neutral, PublicKeyToken=null. Some types may not work correctly. Exception: System.Reflection.ReflectionTypeLoadException: Exception of type 'System.Reflection.ReflectionTypeLoadException' was thrown.
  at (wrapper managed-to-native) System.Reflection.Assembly.GetTypes(System.Reflection.Assembly,bool)
  at System.Reflection.Assembly.GetTypes () [0x00000] in <eae584ce26bc40229c1b1aa476bfa589>:0 
  at Verse.GenTypes+<get_AllTypes>d__4.MoveNext () [0x0004a] in <81af9f8a18324e17b286924a43555a7c>:0  
(Filename: C:\buildslave\unity\build\Runtime/Export/Debug/Debug.bindings.h Line: 39)

Exception getting types in assembly Rimefeller, Version=1.2.7175.25675, Culture=neutral, PublicKeyToken=null. Some types may not work correctly. Exception: System.Reflection.ReflectionTypeLoadException: Exception of type 'System.Reflection.ReflectionTypeLoadException' was thrown.
  at (wrapper managed-to-native) System.Reflection.Assembly.GetTypes(System.Reflection.Assembly,bool)
  at System.Reflection.Assembly.GetTypes () [0x00000] in <eae584ce26bc40229c1b1aa476bfa589>:0 
  at Verse.GenTypes+<get_AllTypes>d__4.MoveNext () [0x0004a] in <81af9f8a18324e17b286924a43555a7c>:0  
(Filename: C:\buildslave\unity\build\Runtime/Export/Debug/Debug.bindings.h Line: 39)

Exception getting types in assembly Rimefeller, Version=1.2.7175.25675, Culture=neutral, PublicKeyToken=null. Some types may not work correctly. Exception: System.Reflection.ReflectionTypeLoadException: Exception of type 'System.Reflection.ReflectionTypeLoadException' was thrown.
  at (wrapper managed-to-native) System.Reflection.Assembly.GetTypes(System.Reflection.Assembly,bool)
  at System.Reflection.Assembly.GetTypes () [0x00000] in <eae584ce26bc40229c1b1aa476bfa589>:0 
  at Verse.GenTypes+<get_AllTypes>d__4.MoveNext () [0x0004a] in <81af9f8a18324e17b286924a43555a7c>:0  
(Filename: C:\buildslave\unity\build\Runtime/Export/Debug/Debug.bindings.h Line: 39)

Exception getting types in assembly Rimefeller, Version=1.2.7175.25675, Culture=neutral, PublicKeyToken=null. Some types may not work correctly. Exception: System.Reflection.ReflectionTypeLoadException: Exception of type 'System.Reflection.ReflectionTypeLoadException' was thrown.
  at (wrapper managed-to-native) System.Reflection.Assembly.GetTypes(System.Reflection.Assembly,bool)
  at System.Reflection.Assembly.GetTypes () [0x00000] in <eae584ce26bc40229c1b1aa476bfa589>:0 
  at Verse.GenTypes+<get_AllTypes>d__4.MoveNext () [0x0004a] in <81af9f8a18324e17b286924a43555a7c>:0  
(Filename: C:\buildslave\unity\build\Runtime/Export/Debug/Debug.bindings.h Line: 39)

Exception getting types in assembly Rimefeller, Version=1.2.7175.25675, Culture=neutral, PublicKeyToken=null. Some types may not work correctly. Exception: System.Reflection.ReflectionTypeLoadException: Exception of type 'System.Reflection.ReflectionTypeLoadException' was thrown.
  at (wrapper managed-to-native) System.Reflection.Assembly.GetTypes(System.Reflection.Assembly,bool)
  at System.Reflection.Assembly.GetTypes () [0x00000] in <eae584ce26bc40229c1b1aa476bfa589>:0 
  at Verse.GenTypes+<get_AllTypes>d__4.MoveNext () [0x0004a] in <81af9f8a18324e17b286924a43555a7c>:0  
(Filename: C:\buildslave\unity\build\Runtime/Export/Debug/Debug.bindings.h Line: 39)

Exception getting types in assembly Rimefeller, Version=1.2.7175.25675, Culture=neutral, PublicKeyToken=null. Some types may not work correctly. Exception: System.Reflection.ReflectionTypeLoadException: Exception of type 'System.Reflection.ReflectionTypeLoadException' was thrown.
  at (wrapper managed-to-native) System.Reflection.Assembly.GetTypes(System.Reflection.Assembly,bool)
  at System.Reflection.Assembly.GetTypes () [0x00000] in <eae584ce26bc40229c1b1aa476bfa589>:0 
  at Verse.GenTypes+<get_AllTypes>d__4.MoveNext () [0x0004a] in <81af9f8a18324e17b286924a43555a7c>:0  
(Filename: C:\buildslave\unity\build\Runtime/Export/Debug/Debug.bindings.h Line: 39)

Exception getting types in assembly Rimefeller, Version=1.2.7175.25675, Culture=neutral, PublicKeyToken=null. Some types may not work correctly. Exception: System.Reflection.ReflectionTypeLoadException: Exception of type 'System.Reflection.ReflectionTypeLoadException' was thrown.
  at (wrapper managed-to-native) System.Reflection.Assembly.GetTypes(System.Reflection.Assembly,bool)
  at System.Reflection.Assembly.GetTypes () [0x00000] in <eae584ce26bc40229c1b1aa476bfa589>:0 
  at Verse.GenTypes+<get_AllTypes>d__4.MoveNext () [0x0004a] in <81af9f8a18324e17b286924a43555a7c>:0  
(Filename: C:\buildslave\unity\build\Runtime/Export/Debug/Debug.bindings.h Line: 39)

Exception getting types in assembly Rimefeller, Version=1.2.7175.25675, Culture=neutral, PublicKeyToken=null. Some types may not work correctly. Exception: System.Reflection.ReflectionTypeLoadException: Exception of type 'System.Reflection.ReflectionTypeLoadException' was thrown.
  at (wrapper managed-to-native) System.Reflection.Assembly.GetTypes(System.Reflection.Assembly,bool)
  at System.Reflection.Assembly.GetTypes () [0x00000] in <eae584ce26bc40229c1b1aa476bfa589>:0 
  at Verse.GenTypes+<get_AllTypes>d__4.MoveNext () [0x0004a] in <81af9f8a18324e17b286924a43555a7c>:0  
(Filename: C:\buildslave\unity\build\Runtime/Export/Debug/Debug.bindings.h Line: 39)

Exception getting types in assembly Rimefeller, Version=1.2.7175.25675, Culture=neutral, PublicKeyToken=null. Some types may not work correctly. Exception: System.Reflection.ReflectionTypeLoadException: Exception of type 'System.Reflection.ReflectionTypeLoadException' was thrown.
  at (wrapper managed-to-native) System.Reflection.Assembly.GetTypes(System.Reflection.Assembly,bool)
  at System.Reflection.Assembly.GetTypes () [0x00000] in <eae584ce26bc40229c1b1aa476bfa589>:0 
  at Verse.GenTypes+<get_AllTypes>d__4.MoveNext () [0x0004a] in <81af9f8a18324e17b286924a43555a7c>:0  
(Filename: C:\buildslave\unity\build\Runtime/Export/Debug/Debug.bindings.h Line: 39)

Exception getting types in assembly Rimefeller, Version=1.2.7175.25675, Culture=neutral, PublicKeyToken=null. Some types may not work correctly. Exception: System.Reflection.ReflectionTypeLoadException: Exception of type 'System.Reflection.ReflectionTypeLoadException' was thrown.
  at (wrapper managed-to-native) System.Reflection.Assembly.GetTypes(System.Reflection.Assembly,bool)
  at System.Reflection.Assembly.GetTypes () [0x00000] in <eae584ce26bc40229c1b1aa476bfa589>:0 
  at Verse.GenTypes+<get_AllTypes>d__4.MoveNext () [0x0004a] in <81af9f8a18324e17b286924a43555a7c>:0  
(Filename: C:\buildslave\unity\build\Runtime/Export/Debug/Debug.bindings.h Line: 39)

Could not resolve reference to object with loadID Thing_Human492 of type Verse.Pawn. Was it compressed away, destroyed, had no ID number, or not saved/loaded right? curParent=VanillaTraitsExpanded.TraitsManager curPathRelToParent=/cowards 
(Filename: C:\buildslave\unity\build\Runtime/Export/Debug/Debug.bindings.h Line: 39)

Could not resolve reference to object with loadID Thing_Human180 of type Verse.Pawn. Was it compressed away, destroyed, had no ID number, or not saved/loaded right? curParent=VanillaTraitsExpanded.TraitsManager curPathRelToParent=/bigBoned 
(Filename: C:\buildslave\unity\build\Runtime/Export/Debug/Debug.bindings.h Line: 39)

Could not resolve reference to object with loadID Thing_Human542 of type Verse.Pawn. Was it compressed away, destroyed, had no ID number, or not saved/loaded right? curParent=VanillaTraitsExpanded.TraitsManager curPathRelToParent=/bigBoned 
(Filename: C:\buildslave\unity\build\Runtime/Export/Debug/Debug.bindings.h Line: 39)

Could not resolve reference to object with loadID Thing_Human659 of type Verse.Pawn. Was it compressed away, destroyed, had no ID number, or not saved/loaded right? curParent=RimWorld.Planet.WorldPawns curPathRelToParent=/pawnsForcefullyKeptAsWorldPawns 
(Filename: C:\buildslave\unity\build\Runtime/Export/Debug/Debug.bindings.h Line: 39)

Could not resolve reference to object with loadID Thing_Human674 of type Verse.Pawn. Was it compressed away, destroyed, had no ID number, or not saved/loaded right? curParent=RimWorld.Planet.WorldPawns curPathRelToParent=/pawnsForcefullyKeptAsWorldPawns 
(Filename: C:\buildslave\unity\build\Runtime/Export/Debug/Debug.bindings.h Line: 39)

Could not resolve reference to object with loadID Thing_Human690 of type Verse.Pawn. Was it compressed away, destroyed, had no ID number, or not saved/loaded right? curParent=RimWorld.Planet.WorldPawns curPathRelToParent=/pawnsForcefullyKeptAsWorldPawns 
(Filename: C:\buildslave\unity\build\Runtime/Export/Debug/Debug.bindings.h Line: 39)

Could not resolve reference to object with loadID Thing_Human712 of type Verse.Pawn. Was it compressed away, destroyed, had no ID number, or not saved/loaded right? curParent=RimWorld.Planet.WorldPawns curPathRelToParent=/pawnsForcefullyKeptAsWorldPawns 
(Filename: C:\buildslave\unity\build\Runtime/Export/Debug/Debug.bindings.h Line: 39)

Could not resolve reference to object with loadID Thing_Human762 of type Verse.Pawn. Was it compressed away, destroyed, had no ID number, or not saved/loaded right? curParent=RimWorld.Planet.WorldPawns curPathRelToParent=/pawnsForcefullyKeptAsWorldPawns 
(Filename: C:\buildslave\unity\build\Runtime/Export/Debug/Debug.bindings.h Line: 39)

Could not resolve reference to object with loadID Thing_Human774 of type Verse.Pawn. Was it compressed away, destroyed, had no ID number, or not saved/loaded right? curParent=RimWorld.Planet.WorldPawns curPathRelToParent=/pawnsForcefullyKeptAsWorldPawns 
(Filename: C:\buildslave\unity\build\Runtime/Export/Debug/Debug.bindings.h Line: 39)

Could not resolve reference to object with loadID Thing_Human786 of type Verse.Pawn. Was it compressed away, destroyed, had no ID number, or not saved/loaded right? curParent=RimWorld.Planet.WorldPawns curPathRelToParent=/pawnsForcefullyKeptAsWorldPawns 
(Filename: C:\buildslave\unity\build\Runtime/Export/Debug/Debug.bindings.h Line: 39)

Could not resolve reference to object with loadID Thing_Human796 of type Verse.Pawn. Was it compressed away, destroyed, had no ID number, or not saved/loaded right? curParent=RimWorld.Planet.WorldPawns curPathRelToParent=/pawnsForcefullyKeptAsWorldPawns 
(Filename: C:\buildslave\unity\build\Runtime/Export/Debug/Debug.bindings.h Line: 39)

A hidden ritual precept was missing, adding: Leader speech 
(Filename: C:\buildslave\unity\build\Runtime/Export/Debug/Debug.bindings.h Line: 39)

A hidden ritual precept was missing, adding: Trial 
(Filename: C:\buildslave\unity\build\Runtime/Export/Debug/Debug.bindings.h Line: 39)

A hidden ritual precept was missing, adding: Trial 
(Filename: C:\buildslave\unity\build\Runtime/Export/Debug/Debug.bindings.h Line: 39)

A hidden ritual precept was missing, adding: Trial 
(Filename: C:\buildslave\unity\build\Runtime/Export/Debug/Debug.bindings.h Line: 39)

A hidden ritual precept was missing, adding: Role change 
(Filename: C:\buildslave\unity\build\Runtime/Export/Debug/Debug.bindings.h Line: 39)

Some pawnsForcefullyKeptAsWorldPawns were null after loading. 
(Filename: C:\buildslave\unity\build\Runtime/Export/Debug/Debug.bindings.h Line: 39)

Could not find think node with key 422220432 
(Filename: C:\buildslave\unity\build\Runtime/Export/Debug/Debug.bindings.h Line: 39)

Could not find think node with key 422220432 
(Filename: C:\buildslave\unity\build\Runtime/Export/Debug/Debug.bindings.h Line: 39)

QualityBuilder added to orders category.
Exception from asynchronous event: System.MissingMethodException: void Verse.Dialog_MessageBox..ctor(Verse.TaggedString,string,System.Action,string,System.Action,string,bool,System.Action,System.Action)
  at (wrapper dynamic-method) Verse.Game.Verse.Game.LoadGame_Patch2(Verse.Game)
  at Verse.SavedGameLoaderNow.LoadGameFromSaveFileNow (System.String fileName) [0x000c6] in <81af9f8a18324e17b286924a43555a7c>:0 
  at Verse.Root_Play+<>c.<Start>b__1_1 () [0x00005] in <81af9f8a18324e17b286924a43555a7c>:0 
  at Verse.LongEventHandler.RunEventFromAnotherThread (System.Action action) [0x00008] in <81af9f8a18324e17b286924a43555a7c>:0  
(Filename: C:\buildslave\unity\build\Runtime/Export/Debug/Debug.bindings.h Line: 39)

Unloading 0 Unused Serialized files (Serialized files now loaded: 3)
Exception getting types in assembly Rimefeller, Version=1.2.7175.25675, Culture=neutral, PublicKeyToken=null. Some types may not work correctly. Exception: System.Reflection.ReflectionTypeLoadException: Exception of type 'System.Reflection.ReflectionTypeLoadException' was thrown.
  at (wrapper managed-to-native) System.Reflection.Assembly.GetTypes(System.Reflection.Assembly,bool)
  at System.Reflection.Assembly.GetTypes () [0x00000] in <eae584ce26bc40229c1b1aa476bfa589>:0 
  at Verse.GenTypes+<get_AllTypes>d__4.MoveNext () [0x0004a] in <81af9f8a18324e17b286924a43555a7c>:0  
(Filename: C:\buildslave\unity\build\Runtime/Export/Debug/Debug.bindings.h Line: 39)


Unloading 0 unused Assets to reduce memory usage. Loaded Objects now: 57061.
Total: 830.927500 ms (FindLiveObjects: 2.570100 ms CreateObjectMapping: 1.492600 ms MarkObjects: 826.776400 ms  DeleteObjects: 0.088100 ms)

Unloading 2 Unused Serialized files (Serialized files now loaded: 3)
UnloadTime: 0.306200 ms

Unloading 2 unused Assets to reduce memory usage. Loaded Objects now: 57035.
Total: 632.250400 ms (FindLiveObjects: 2.110800 ms CreateObjectMapping: 1.576700 ms MarkObjects: 628.467600 ms  DeleteObjects: 0.095200 ms)

Setting up 6 worker threads for Enlighten.
  Thread -> id: 3648 -> priority: 1 
  Thread -> id: 3a00 -> priority: 1 
  Thread -> id: 430c -> priority: 1 
  Thread -> id: 3de8 -> priority: 1 
  Thread -> id: 4148 -> priority: 1 
  Thread -> id: 4744 -> priority: 1 
